# JRE version: OpenJDK Runtime Environment (8.0_76-b03) (build 1.8.0_76-release-b03)
# Java VM: OpenJDK 64-Bit Server VM (25.76-b03 mixed mode windows-amd64 compressed oops)
Heap:
 PSYoungGen      total 65024K, used 16904K [0x00000000e0000000, 0x00000000e5800000, 0x0000000100000000)
  eden space 59904K, 28% used [0x00000000e0000000,0x00000000e1082258,0x00000000e3a80000)
  from space 5120K, 0% used [0x00000000e4200000,0x00000000e4200000,0x00000000e4700000)
  to   space 7680K, 0% used [0x00000000e3a80000,0x00000000e3a80000,0x00000000e4200000)
 ParOldGen       total 53248K, used 15807K [0x00000000a0000000, 0x00000000a3400000, 0x00000000e0000000)
  object space 53248K, 29% used [0x00000000a0000000,0x00000000a0f6fe50,0x00000000a3400000)
 Metaspace       used 35548K, capacity 36220K, committed 36528K, reserved 1081344K
  class space    used 4762K, capacity 4959K, committed 5040K, reserved 1048576K
GC Heap History (10 events):
Event: 29.198 GC heap before
{Heap before GC invocations=12 (full 1):
 PSYoungGen      total 50176K, used 49626K [0x00000000e0000000, 0x00000000e3880000, 0x0000000100000000)
  eden space 44544K, 100% used [0x00000000e0000000,0x00000000e2b80000,0x00000000e2b80000)
  from space 5632K, 90% used [0x00000000e3300000,0x00000000e37f6bf0,0x00000000e3880000)
  to   space 6656K, 0% used [0x00000000e2b80000,0x00000000e2b80000,0x00000000e3200000)
 ParOldGen       total 34304K, used 8094K [0x00000000a0000000, 0x00000000a2180000, 0x00000000e0000000)
  object space 34304K, 23% used [0x00000000a0000000,0x00000000a07e7a48,0x00000000a2180000)
 Metaspace       used 28138K, capacity 28694K, committed 28848K, reserved 1075200K
  class space    used 3857K, capacity 4005K, committed 4016K, reserved 1048576K
Event: 29.361 GC heap after
Heap after GC invocations=12 (full 1):
 PSYoungGen      total 51200K, used 2708K [0x00000000e0000000, 0x00000000e4900000, 0x0000000100000000)
  eden space 44544K, 0% used [0x00000000e0000000,0x00000000e0000000,0x00000000e2b80000)
  from space 6656K, 40% used [0x00000000e2b80000,0x00000000e2e252a0,0x00000000e3200000)
  to   space 7168K, 0% used [0x00000000e4200000,0x00000000e4200000,0x00000000e4900000)
 ParOldGen       total 34304K, used 10779K [0x00000000a0000000, 0x00000000a2180000, 0x00000000e0000000)
  object space 34304K, 31% used [0x00000000a0000000,0x00000000a0a86e88,0x00000000a2180000)
 Metaspace       used 28138K, capacity 28694K, committed 28848K, reserved 1075200K
  class space    used 3857K, capacity 4005K, committed 4016K, reserved 1048576K
}
Event: 33.855 GC heap before
{Heap before GC invocations=13 (full 1):
 PSYoungGen      total 51200K, used 47252K [0x00000000e0000000, 0x00000000e4900000, 0x0000000100000000)
  eden space 44544K, 100% used [0x00000000e0000000,0x00000000e2b80000,0x00000000e2b80000)
  from space 6656K, 40% used [0x00000000e2b80000,0x00000000e2e252a0,0x00000000e3200000)
  to   space 7168K, 0% used [0x00000000e4200000,0x00000000e4200000,0x00000000e4900000)
 ParOldGen       total 34304K, used 10779K [0x00000000a0000000, 0x00000000a2180000, 0x00000000e0000000)
  object space 34304K, 31% used [0x00000000a0000000,0x00000000a0a86e88,0x00000000a2180000)
 Metaspace       used 28438K, capacity 29046K, committed 29232K, reserved 1075200K
  class space    used 3866K, capacity 4037K, committed 4144K, reserved 1048576K
Event: 33.867 GC heap after
Heap after GC invocations=13 (full 1):
 PSYoungGen      total 63488K, used 1056K [0x00000000e0000000, 0x00000000e4700000, 0x0000000100000000)
  eden space 58368K, 0% used [0x00000000e0000000,0x00000000e0000000,0x00000000e3900000)
  from space 5120K, 20% used [0x00000000e4200000,0x00000000e4308000,0x00000000e4700000)
  to   space 7168K, 0% used [0x00000000e3900000,0x00000000e3900000,0x00000000e4000000)
 ParOldGen       total 34304K, used 11459K [0x00000000a0000000, 0x00000000a2180000, 0x00000000e0000000)
  object space 34304K, 33% used [0x00000000a0000000,0x00000000a0b30eb0,0x00000000a2180000)
 Metaspace       used 28438K, capacity 29046K, committed 29232K, reserved 1075200K
  class space    used 3866K, capacity 4037K, committed 4144K, reserved 1048576K
}
Event: 39.536 GC heap before
{Heap before GC invocations=14 (full 1):
 PSYoungGen      total 63488K, used 59424K [0x00000000e0000000, 0x00000000e4700000, 0x0000000100000000)
  eden space 58368K, 100% used [0x00000000e0000000,0x00000000e3900000,0x00000000e3900000)
  from space 5120K, 20% used [0x00000000e4200000,0x00000000e4308000,0x00000000e4700000)
  to   space 7168K, 0% used [0x00000000e3900000,0x00000000e3900000,0x00000000e4000000)
 ParOldGen       total 34304K, used 11459K [0x00000000a0000000, 0x00000000a2180000, 0x00000000e0000000)
  object space 34304K, 33% used [0x00000000a0000000,0x00000000a0b30eb0,0x00000000a2180000)
 Metaspace       used 32972K, capacity 33768K, committed 33968K, reserved 1079296K
  class space    used 4436K, capacity 4659K, committed 4784K, reserved 1048576K
Event: 39.589 GC heap after
Heap after GC invocations=14 (full 1):
 PSYoungGen      total 65536K, used 6043K [0x00000000e0000000, 0x00000000e4700000, 0x0000000100000000)
  eden space 58368K, 0% used [0x00000000e0000000,0x00000000e0000000,0x00000000e3900000)
  from space 7168K, 84% used [0x00000000e3900000,0x00000000e3ee6cb8,0x00000000e4000000)
  to   space 5120K, 0% used [0x00000000e4200000,0x00000000e4200000,0x00000000e4700000)
 ParOldGen       total 34304K, used 11955K [0x00000000a0000000, 0x00000000a2180000, 0x00000000e0000000)
  object space 34304K, 34% used [0x00000000a0000000,0x00000000a0baced0,0x00000000a2180000)
 Metaspace       used 32972K, capacity 33768K, committed 33968K, reserved 1079296K
  class space    used 4436K, capacity 4659K, committed 4784K, reserved 1048576K
}
Event: 41.132 GC heap before
{Heap before GC invocations=15 (full 1):
 PSYoungGen      total 65536K, used 30213K [0x00000000e0000000, 0x00000000e4700000, 0x0000000100000000)
  eden space 58368K, 41% used [0x00000000e0000000,0x00000000e179a940,0x00000000e3900000)
  from space 7168K, 84% used [0x00000000e3900000,0x00000000e3ee6cb8,0x00000000e4000000)
  to   space 5120K, 0% used [0x00000000e4200000,0x00000000e4200000,0x00000000e4700000)
 ParOldGen       total 34304K, used 11955K [0x00000000a0000000, 0x00000000a2180000, 0x00000000e0000000)
  object space 34304K, 34% used [0x00000000a0000000,0x00000000a0baced0,0x00000000a2180000)
 Metaspace       used 34701K, capacity 35340K, committed 35496K, reserved 1079296K
  class space    used 4664K, capacity 4857K, committed 4912K, reserved 1048576K
Event: 41.158 GC heap after
Heap after GC invocations=15 (full 1):
 PSYoungGen      total 65024K, used 4919K [0x00000000e0000000, 0x00000000e5800000, 0x0000000100000000)
  eden space 59904K, 0% used [0x00000000e0000000,0x00000000e0000000,0x00000000e3a80000)
  from space 5120K, 96% used [0x00000000e4200000,0x00000000e46cdcc8,0x00000000e4700000)
  to   space 7680K, 0% used [0x00000000e3a80000,0x00000000e3a80000,0x00000000e4200000)
 ParOldGen       total 34304K, used 11963K [0x00000000a0000000, 0x00000000a2180000, 0x00000000e0000000)
  object space 34304K, 34% used [0x00000000a0000000,0x00000000a0baeed0,0x00000000a2180000)
 Metaspace       used 34701K, capacity 35340K, committed 35496K, reserved 1079296K
  class space    used 4664K, capacity 4857K, committed 4912K, reserved 1048576K
}
Event: 41.158 GC heap before
{Heap before GC invocations=16 (full 2):
 PSYoungGen      total 65024K, used 4919K [0x00000000e0000000, 0x00000000e5800000, 0x0000000100000000)
  eden space 59904K, 0% used [0x00000000e0000000,0x00000000e0000000,0x00000000e3a80000)
  from space 5120K, 96% used [0x00000000e4200000,0x00000000e46cdcc8,0x00000000e4700000)
  to   space 7680K, 0% used [0x00000000e3a80000,0x00000000e3a80000,0x00000000e4200000)
 ParOldGen       total 34304K, used 11963K [0x00000000a0000000, 0x00000000a2180000, 0x00000000e0000000)
  object space 34304K, 34% used [0x00000000a0000000,0x00000000a0baeed0,0x00000000a2180000)
 Metaspace       used 34701K, capacity 35340K, committed 35496K, reserved 1079296K
  class space    used 4664K, capacity 4857K, committed 4912K, reserved 1048576K
Event: 41.574 GC heap after
Heap after GC invocations=16 (full 2):
 PSYoungGen      total 65024K, used 0K [0x00000000e0000000, 0x00000000e5800000, 0x0000000100000000)
  eden space 59904K, 0% used [0x00000000e0000000,0x00000000e0000000,0x00000000e3a80000)
  from space 5120K, 0% used [0x00000000e4200000,0x00000000e4200000,0x00000000e4700000)
  to   space 7680K, 0% used [0x00000000e3a80000,0x00000000e3a80000,0x00000000e4200000)
 ParOldGen       total 53248K, used 15807K [0x00000000a0000000, 0x00000000a3400000, 0x00000000e0000000)
  object space 53248K, 29% used [0x00000000a0000000,0x00000000a0f6fe50,0x00000000a3400000)
 Metaspace       used 34701K, capacity 35340K, committed 35496K, reserved 1079296K
  class space    used 4664K, capacity 4857K, committed 4912K, reserved 1048576K
}

