# JRE version: OpenJDK Runtime Environment (8.0_76-b03) (build 1.8.0_76-release-b03)
# Java VM: OpenJDK 64-Bit Server VM (25.76-b03 mixed mode windows-amd64 compressed oops)
Heap:
 PSYoungGen      total 215552K, used 125122K [0x00000000e0000000, 0x00000000eec80000, 0x0000000100000000)
  eden space 194560K, 64% used [0x00000000e0000000,0x00000000e7a30948,0x00000000ebe00000)
  from space 20992K, 0% used [0x00000000ebe00000,0x00000000ebe00000,0x00000000ed280000)
  to   space 20992K, 0% used [0x00000000ed800000,0x00000000ed800000,0x00000000eec80000)
 ParOldGen       total 50176K, used 40069K [0x00000000a0000000, 0x00000000a3100000, 0x00000000e0000000)
  object space 50176K, 79% used [0x00000000a0000000,0x00000000a27215c8,0x00000000a3100000)
 Metaspace       used 52381K, capacity 54408K, committed 54448K, reserved 1095680K
  class space    used 7131K, capacity 7579K, committed 7600K, reserved 1048576K
GC Heap History (10 events):
Event: 20.964 GC heap before
{Heap before GC invocations=12 (full 2):
 PSYoungGen      total 160768K, used 4303K [0x00000000e0000000, 0x00000000eae00000, 0x0000000100000000)
  eden space 149504K, 0% used [0x00000000e0000000,0x00000000e0000000,0x00000000e9200000)
  from space 11264K, 38% used [0x00000000e9d00000,0x00000000ea133f00,0x00000000ea800000)
  to   space 11264K, 0% used [0x00000000e9200000,0x00000000e9200000,0x00000000e9d00000)
 ParOldGen       total 38912K, used 16705K [0x00000000a0000000, 0x00000000a2600000, 0x00000000e0000000)
  object space 38912K, 42% used [0x00000000a0000000,0x00000000a1050400,0x00000000a2600000)
 Metaspace       used 34544K, capacity 35300K, committed 35496K, reserved 1079296K
  class space    used 4647K, capacity 4861K, committed 4912K, reserved 1048576K
Event: 21.083 GC heap after
Heap after GC invocations=12 (full 2):
 PSYoungGen      total 160768K, used 0K [0x00000000e0000000, 0x00000000eae00000, 0x0000000100000000)
  eden space 149504K, 0% used [0x00000000e0000000,0x00000000e0000000,0x00000000e9200000)
  from space 11264K, 0% used [0x00000000e9d00000,0x00000000e9d00000,0x00000000ea800000)
  to   space 11264K, 0% used [0x00000000e9200000,0x00000000e9200000,0x00000000e9d00000)
 ParOldGen       total 50176K, used 15202K [0x00000000a0000000, 0x00000000a3100000, 0x00000000e0000000)
  object space 50176K, 30% used [0x00000000a0000000,0x00000000a0ed88c0,0x00000000a3100000)
 Metaspace       used 34544K, capacity 35300K, committed 35496K, reserved 1079296K
  class space    used 4647K, capacity 4861K, committed 4912K, reserved 1048576K
}
Event: 25.618 GC heap before
{Heap before GC invocations=13 (full 2):
 PSYoungGen      total 160768K, used 149504K [0x00000000e0000000, 0x00000000eae00000, 0x0000000100000000)
  eden space 149504K, 100% used [0x00000000e0000000,0x00000000e9200000,0x00000000e9200000)
  from space 11264K, 0% used [0x00000000e9d00000,0x00000000e9d00000,0x00000000ea800000)
  to   space 11264K, 0% used [0x00000000e9200000,0x00000000e9200000,0x00000000e9d00000)
 ParOldGen       total 50176K, used 15202K [0x00000000a0000000, 0x00000000a3100000, 0x00000000e0000000)
  object space 50176K, 30% used [0x00000000a0000000,0x00000000a0ed88c0,0x00000000a3100000)
 Metaspace       used 44819K, capacity 45940K, committed 46000K, reserved 1089536K
  class space    used 6049K, capacity 6304K, committed 6320K, reserved 1048576K
Event: 25.639 GC heap after
Heap after GC invocations=13 (full 2):
 PSYoungGen      total 160768K, used 11240K [0x00000000e0000000, 0x00000000edf80000, 0x0000000100000000)
  eden space 149504K, 0% used [0x00000000e0000000,0x00000000e0000000,0x00000000e9200000)
  from space 11264K, 99% used [0x00000000e9200000,0x00000000e9cfa008,0x00000000e9d00000)
  to   space 13312K, 0% used [0x00000000ed280000,0x00000000ed280000,0x00000000edf80000)
 ParOldGen       total 50176K, used 17749K [0x00000000a0000000, 0x00000000a3100000, 0x00000000e0000000)
  object space 50176K, 35% used [0x00000000a0000000,0x00000000a1155758,0x00000000a3100000)
 Metaspace       used 44819K, capacity 45940K, committed 46000K, reserved 1089536K
  class space    used 6049K, capacity 6304K, committed 6320K, reserved 1048576K
}
Event: 29.653 GC heap before
{Heap before GC invocations=14 (full 2):
 PSYoungGen      total 160768K, used 160744K [0x00000000e0000000, 0x00000000edf80000, 0x0000000100000000)
  eden space 149504K, 100% used [0x00000000e0000000,0x00000000e9200000,0x00000000e9200000)
  from space 11264K, 99% used [0x00000000e9200000,0x00000000e9cfa008,0x00000000e9d00000)
  to   space 13312K, 0% used [0x00000000ed280000,0x00000000ed280000,0x00000000edf80000)
 ParOldGen       total 50176K, used 17749K [0x00000000a0000000, 0x00000000a3100000, 0x00000000e0000000)
  object space 50176K, 35% used [0x00000000a0000000,0x00000000a1155758,0x00000000a3100000)
 Metaspace       used 50556K, capacity 52216K, committed 52400K, reserved 1093632K
  class space    used 6914K, capacity 7308K, committed 7344K, reserved 1048576K
Event: 29.697 GC heap after
Heap after GC invocations=14 (full 2):
 PSYoungGen      total 207872K, used 13312K [0x00000000e0000000, 0x00000000eec80000, 0x0000000100000000)
  eden space 194560K, 0% used [0x00000000e0000000,0x00000000e0000000,0x00000000ebe00000)
  from space 13312K, 100% used [0x00000000ed280000,0x00000000edf80000,0x00000000edf80000)
  to   space 20992K, 0% used [0x00000000ebe00000,0x00000000ebe00000,0x00000000ed280000)
 ParOldGen       total 50176K, used 32648K [0x00000000a0000000, 0x00000000a3100000, 0x00000000e0000000)
  object space 50176K, 65% used [0x00000000a0000000,0x00000000a1fe2120,0x00000000a3100000)
 Metaspace       used 50556K, capacity 52216K, committed 52400K, reserved 1093632K
  class space    used 6914K, capacity 7308K, committed 7344K, reserved 1048576K
}
Event: 30.503 GC heap before
{Heap before GC invocations=15 (full 2):
 PSYoungGen      total 207872K, used 32769K [0x00000000e0000000, 0x00000000eec80000, 0x0000000100000000)
  eden space 194560K, 10% used [0x00000000e0000000,0x00000000e1300550,0x00000000ebe00000)
  from space 13312K, 100% used [0x00000000ed280000,0x00000000edf80000,0x00000000edf80000)
  to   space 20992K, 0% used [0x00000000ebe00000,0x00000000ebe00000,0x00000000ed280000)
 ParOldGen       total 50176K, used 32648K [0x00000000a0000000, 0x00000000a3100000, 0x00000000e0000000)
  object space 50176K, 65% used [0x00000000a0000000,0x00000000a1fe2120,0x00000000a3100000)
 Metaspace       used 51638K, capacity 53612K, committed 53680K, reserved 1095680K
  class space    used 7096K, capacity 7549K, committed 7600K, reserved 1048576K
Event: 30.530 GC heap after
Heap after GC invocations=15 (full 2):
 PSYoungGen      total 215552K, used 1874K [0x00000000e0000000, 0x00000000eec80000, 0x0000000100000000)
  eden space 194560K, 0% used [0x00000000e0000000,0x00000000e0000000,0x00000000ebe00000)
  from space 20992K, 8% used [0x00000000ebe00000,0x00000000ebfd4a28,0x00000000ed280000)
  to   space 20992K, 0% used [0x00000000ed800000,0x00000000ed800000,0x00000000eec80000)
 ParOldGen       total 50176K, used 45891K [0x00000000a0000000, 0x00000000a3100000, 0x00000000e0000000)
  object space 50176K, 91% used [0x00000000a0000000,0x00000000a2cd0e38,0x00000000a3100000)
 Metaspace       used 51638K, capacity 53612K, committed 53680K, reserved 1095680K
  class space    used 7096K, capacity 7549K, committed 7600K, reserved 1048576K
}
Event: 30.530 GC heap before
{Heap before GC invocations=16 (full 3):
 PSYoungGen      total 215552K, used 1874K [0x00000000e0000000, 0x00000000eec80000, 0x0000000100000000)
  eden space 194560K, 0% used [0x00000000e0000000,0x00000000e0000000,0x00000000ebe00000)
  from space 20992K, 8% used [0x00000000ebe00000,0x00000000ebfd4a28,0x00000000ed280000)
  to   space 20992K, 0% used [0x00000000ed800000,0x00000000ed800000,0x00000000eec80000)
 ParOldGen       total 50176K, used 45891K [0x00000000a0000000, 0x00000000a3100000, 0x00000000e0000000)
  object space 50176K, 91% used [0x00000000a0000000,0x00000000a2cd0e38,0x00000000a3100000)
 Metaspace       used 51638K, capacity 53612K, committed 53680K, reserved 1095680K
  class space    used 7096K, capacity 7549K, committed 7600K, reserved 1048576K
Event: 31.073 GC heap after
Heap after GC invocations=16 (full 3):
 PSYoungGen      total 215552K, used 0K [0x00000000e0000000, 0x00000000eec80000, 0x0000000100000000)
  eden space 194560K, 0% used [0x00000000e0000000,0x00000000e0000000,0x00000000ebe00000)
  from space 20992K, 0% used [0x00000000ebe00000,0x00000000ebe00000,0x00000000ed280000)
  to   space 20992K, 0% used [0x00000000ed800000,0x00000000ed800000,0x00000000eec80000)
 ParOldGen       total 50176K, used 40069K [0x00000000a0000000, 0x00000000a3100000, 0x00000000e0000000)
  object space 50176K, 79% used [0x00000000a0000000,0x00000000a27215c8,0x00000000a3100000)
 Metaspace       used 51638K, capacity 53612K, committed 53680K, reserved 1095680K
  class space    used 7096K, capacity 7549K, committed 7600K, reserved 1048576K
}

