# JRE version: OpenJDK Runtime Environment (8.0_76-b03) (build 1.8.0_76-release-b03)
# Java VM: OpenJDK 64-Bit Server VM (25.76-b03 mixed mode windows-amd64 compressed oops)
Heap:
 PSYoungGen      total 102400K, used 57021K [0x00000000e0000000, 0x00000000e7200000, 0x0000000100000000)
  eden space 93184K, 51% used [0x00000000e0000000,0x00000000e2eb2a68,0x00000000e5b00000)
  from space 9216K, 99% used [0x00000000e6600000,0x00000000e6efcc90,0x00000000e6f00000)
  to   space 11264K, 0% used [0x00000000e5b00000,0x00000000e5b00000,0x00000000e6600000)
 ParOldGen       total 57856K, used 18463K [0x00000000a0000000, 0x00000000a3880000, 0x00000000e0000000)
  object space 57856K, 31% used [0x00000000a0000000,0x00000000a1207f40,0x00000000a3880000)
 Metaspace       used 48022K, capacity 49430K, committed 49584K, reserved 1093632K
  class space    used 6450K, capacity 6772K, committed 6832K, reserved 1048576K
GC Heap History (10 events):
Event: 7.219 GC heap before
{Heap before GC invocations=12 (full 1):
 PSYoungGen      total 67072K, used 67049K [0x00000000e0000000, 0x00000000e5680000, 0x0000000100000000)
  eden space 62464K, 100% used [0x00000000e0000000,0x00000000e3d00000,0x00000000e3d00000)
  from space 4608K, 99% used [0x00000000e4480000,0x00000000e48fa708,0x00000000e4900000)
  to   space 7680K, 0% used [0x00000000e3d00000,0x00000000e3d00000,0x00000000e4480000)
 ParOldGen       total 37888K, used 8819K [0x00000000a0000000, 0x00000000a2500000, 0x00000000e0000000)
  object space 37888K, 23% used [0x00000000a0000000,0x00000000a089cca8,0x00000000a2500000)
 Metaspace       used 32844K, capacity 33600K, committed 33968K, reserved 1079296K
  class space    used 4430K, capacity 4663K, committed 4784K, reserved 1048576K
Event: 7.232 GC heap after
Heap after GC invocations=12 (full 1):
 PSYoungGen      total 70144K, used 7649K [0x00000000e0000000, 0x00000000e5b80000, 0x0000000100000000)
  eden space 62464K, 0% used [0x00000000e0000000,0x00000000e0000000,0x00000000e3d00000)
  from space 7680K, 99% used [0x00000000e3d00000,0x00000000e44784f0,0x00000000e4480000)
  to   space 8704K, 0% used [0x00000000e5300000,0x00000000e5300000,0x00000000e5b80000)
 ParOldGen       total 37888K, used 10070K [0x00000000a0000000, 0x00000000a2500000, 0x00000000e0000000)
  object space 37888K, 26% used [0x00000000a0000000,0x00000000a09d58b8,0x00000000a2500000)
 Metaspace       used 32844K, capacity 33600K, committed 33968K, reserved 1079296K
  class space    used 4430K, capacity 4663K, committed 4784K, reserved 1048576K
}
Event: 7.643 GC heap before
{Heap before GC invocations=13 (full 1):
 PSYoungGen      total 70144K, used 44148K [0x00000000e0000000, 0x00000000e5b80000, 0x0000000100000000)
  eden space 62464K, 58% used [0x00000000e0000000,0x00000000e23a4cb8,0x00000000e3d00000)
  from space 7680K, 99% used [0x00000000e3d00000,0x00000000e44784f0,0x00000000e4480000)
  to   space 8704K, 0% used [0x00000000e5300000,0x00000000e5300000,0x00000000e5b80000)
 ParOldGen       total 37888K, used 10070K [0x00000000a0000000, 0x00000000a2500000, 0x00000000e0000000)
  object space 37888K, 26% used [0x00000000a0000000,0x00000000a09d58b8,0x00000000a2500000)
 Metaspace       used 34568K, capacity 35268K, committed 35496K, reserved 1079296K
  class space    used 4643K, capacity 4829K, committed 4912K, reserved 1048576K
Event: 7.658 GC heap after
Heap after GC invocations=13 (full 1):
 PSYoungGen      total 84480K, used 6221K [0x00000000e0000000, 0x00000000e5f00000, 0x0000000100000000)
  eden space 75776K, 0% used [0x00000000e0000000,0x00000000e0000000,0x00000000e4a00000)
  from space 8704K, 71% used [0x00000000e5300000,0x00000000e59137b8,0x00000000e5b80000)
  to   space 9216K, 0% used [0x00000000e4a00000,0x00000000e4a00000,0x00000000e5300000)
 ParOldGen       total 37888K, used 11946K [0x00000000a0000000, 0x00000000a2500000, 0x00000000e0000000)
  object space 37888K, 31% used [0x00000000a0000000,0x00000000a0baa8d8,0x00000000a2500000)
 Metaspace       used 34568K, capacity 35268K, committed 35496K, reserved 1079296K
  class space    used 4643K, capacity 4829K, committed 4912K, reserved 1048576K
}
Event: 7.658 GC heap before
{Heap before GC invocations=14 (full 2):
 PSYoungGen      total 84480K, used 6221K [0x00000000e0000000, 0x00000000e5f00000, 0x0000000100000000)
  eden space 75776K, 0% used [0x00000000e0000000,0x00000000e0000000,0x00000000e4a00000)
  from space 8704K, 71% used [0x00000000e5300000,0x00000000e59137b8,0x00000000e5b80000)
  to   space 9216K, 0% used [0x00000000e4a00000,0x00000000e4a00000,0x00000000e5300000)
 ParOldGen       total 37888K, used 11946K [0x00000000a0000000, 0x00000000a2500000, 0x00000000e0000000)
  object space 37888K, 31% used [0x00000000a0000000,0x00000000a0baa8d8,0x00000000a2500000)
 Metaspace       used 34568K, capacity 35268K, committed 35496K, reserved 1079296K
  class space    used 4643K, capacity 4829K, committed 4912K, reserved 1048576K
Event: 7.734 GC heap after
Heap after GC invocations=14 (full 2):
 PSYoungGen      total 84480K, used 0K [0x00000000e0000000, 0x00000000e5f00000, 0x0000000100000000)
  eden space 75776K, 0% used [0x00000000e0000000,0x00000000e0000000,0x00000000e4a00000)
  from space 8704K, 0% used [0x00000000e5300000,0x00000000e5300000,0x00000000e5b80000)
  to   space 9216K, 0% used [0x00000000e4a00000,0x00000000e4a00000,0x00000000e5300000)
 ParOldGen       total 57856K, used 15725K [0x00000000a0000000, 0x00000000a3880000, 0x00000000e0000000)
  object space 57856K, 27% used [0x00000000a0000000,0x00000000a0f5b620,0x00000000a3880000)
 Metaspace       used 34568K, capacity 35268K, committed 35496K, reserved 1079296K
  class space    used 4643K, capacity 4829K, committed 4912K, reserved 1048576K
}
Event: 9.508 GC heap before
{Heap before GC invocations=15 (full 2):
 PSYoungGen      total 84480K, used 75776K [0x00000000e0000000, 0x00000000e5f00000, 0x0000000100000000)
  eden space 75776K, 100% used [0x00000000e0000000,0x00000000e4a00000,0x00000000e4a00000)
  from space 8704K, 0% used [0x00000000e5300000,0x00000000e5300000,0x00000000e5b80000)
  to   space 9216K, 0% used [0x00000000e4a00000,0x00000000e4a00000,0x00000000e5300000)
 ParOldGen       total 57856K, used 15725K [0x00000000a0000000, 0x00000000a3880000, 0x00000000e0000000)
  object space 57856K, 27% used [0x00000000a0000000,0x00000000a0f5b620,0x00000000a3880000)
 Metaspace       used 41609K, capacity 42522K, committed 42672K, reserved 1085440K
  class space    used 5578K, capacity 5795K, committed 5808K, reserved 1048576K
Event: 9.517 GC heap after
Heap after GC invocations=15 (full 2):
 PSYoungGen      total 84992K, used 7346K [0x00000000e0000000, 0x00000000e6f00000, 0x0000000100000000)
  eden space 75776K, 0% used [0x00000000e0000000,0x00000000e0000000,0x00000000e4a00000)
  from space 9216K, 79% used [0x00000000e4a00000,0x00000000e512cb50,0x00000000e5300000)
  to   space 9216K, 0% used [0x00000000e6600000,0x00000000e6600000,0x00000000e6f00000)
 ParOldGen       total 57856K, used 15797K [0x00000000a0000000, 0x00000000a3880000, 0x00000000e0000000)
  object space 57856K, 27% used [0x00000000a0000000,0x00000000a0f6d630,0x00000000a3880000)
 Metaspace       used 41609K, capacity 42522K, committed 42672K, reserved 1085440K
  class space    used 5578K, capacity 5795K, committed 5808K, reserved 1048576K
}
Event: 11.124 GC heap before
{Heap before GC invocations=16 (full 2):
 PSYoungGen      total 84992K, used 83122K [0x00000000e0000000, 0x00000000e6f00000, 0x0000000100000000)
  eden space 75776K, 100% used [0x00000000e0000000,0x00000000e4a00000,0x00000000e4a00000)
  from space 9216K, 79% used [0x00000000e4a00000,0x00000000e512cb50,0x00000000e5300000)
  to   space 9216K, 0% used [0x00000000e6600000,0x00000000e6600000,0x00000000e6f00000)
 ParOldGen       total 57856K, used 15797K [0x00000000a0000000, 0x00000000a3880000, 0x00000000e0000000)
  object space 57856K, 27% used [0x00000000a0000000,0x00000000a0f6d630,0x00000000a3880000)
 Metaspace       used 44896K, capacity 46002K, committed 46256K, reserved 1089536K
  class space    used 6050K, capacity 6305K, committed 6320K, reserved 1048576K
Event: 11.140 GC heap after
Heap after GC invocations=16 (full 2):
 PSYoungGen      total 102400K, used 9203K [0x00000000e0000000, 0x00000000e7200000, 0x0000000100000000)
  eden space 93184K, 0% used [0x00000000e0000000,0x00000000e0000000,0x00000000e5b00000)
  from space 9216K, 99% used [0x00000000e6600000,0x00000000e6efcc90,0x00000000e6f00000)
  to   space 11264K, 0% used [0x00000000e5b00000,0x00000000e5b00000,0x00000000e6600000)
 ParOldGen       total 57856K, used 18463K [0x00000000a0000000, 0x00000000a3880000, 0x00000000e0000000)
  object space 57856K, 31% used [0x00000000a0000000,0x00000000a1207f40,0x00000000a3880000)
 Metaspace       used 44896K, capacity 46002K, committed 46256K, reserved 1089536K
  class space    used 6050K, capacity 6305K, committed 6320K, reserved 1048576K
}

