# JRE version: OpenJDK Runtime Environment (8.0_76-b03) (build 1.8.0_76-release-b03)
# Java VM: OpenJDK 64-Bit Server VM (25.76-b03 mixed mode windows-amd64 compressed oops)
Heap:
 PSYoungGen      total 86528K, used 12773K [0x00000000e0000000, 0x00000000e6d00000, 0x0000000100000000)
  eden space 76800K, 3% used [0x00000000e0000000,0x00000000e02fd448,0x00000000e4b00000)
  from space 9728K, 99% used [0x00000000e6380000,0x00000000e6cfbff0,0x00000000e6d00000)
  to   space 9216K, 0% used [0x00000000e4b00000,0x00000000e4b00000,0x00000000e5400000)
 ParOldGen       total 61952K, used 18029K [0x00000000a0000000, 0x00000000a3c80000, 0x00000000e0000000)
  object space 61952K, 29% used [0x00000000a0000000,0x00000000a119b728,0x00000000a3c80000)
 Metaspace       used 44966K, capacity 46074K, committed 46256K, reserved 1089536K
  class space    used 6046K, capacity 6305K, committed 6320K, reserved 1048576K
GC Heap History (10 events):
Event: 7.686 GC heap before
{Heap before GC invocations=12 (full 1):
 PSYoungGen      total 66048K, used 66016K [0x00000000e0000000, 0x00000000e5300000, 0x0000000100000000)
  eden space 62464K, 100% used [0x00000000e0000000,0x00000000e3d00000,0x00000000e3d00000)
  from space 3584K, 99% used [0x00000000e4480000,0x00000000e47f8020,0x00000000e4800000)
  to   space 7680K, 0% used [0x00000000e3d00000,0x00000000e3d00000,0x00000000e4480000)
 ParOldGen       total 40448K, used 11951K [0x00000000a0000000, 0x00000000a2780000, 0x00000000e0000000)
  object space 40448K, 29% used [0x00000000a0000000,0x00000000a0babfe8,0x00000000a2780000)
 Metaspace       used 32703K, capacity 33504K, committed 33840K, reserved 1079296K
  class space    used 4407K, capacity 4631K, committed 4656K, reserved 1048576K
Event: 7.705 GC heap after
Heap after GC invocations=12 (full 1):
 PSYoungGen      total 70144K, used 7672K [0x00000000e0000000, 0x00000000e5d00000, 0x0000000100000000)
  eden space 62464K, 0% used [0x00000000e0000000,0x00000000e0000000,0x00000000e3d00000)
  from space 7680K, 99% used [0x00000000e3d00000,0x00000000e447e3a8,0x00000000e4480000)
  to   space 9216K, 0% used [0x00000000e5400000,0x00000000e5400000,0x00000000e5d00000)
 ParOldGen       total 40448K, used 13347K [0x00000000a0000000, 0x00000000a2780000, 0x00000000e0000000)
  object space 40448K, 32% used [0x00000000a0000000,0x00000000a0d08e30,0x00000000a2780000)
 Metaspace       used 32703K, capacity 33504K, committed 33840K, reserved 1079296K
  class space    used 4407K, capacity 4631K, committed 4656K, reserved 1048576K
}
Event: 8.481 GC heap before
{Heap before GC invocations=13 (full 1):
 PSYoungGen      total 70144K, used 46684K [0x00000000e0000000, 0x00000000e5d00000, 0x0000000100000000)
  eden space 62464K, 62% used [0x00000000e0000000,0x00000000e2619038,0x00000000e3d00000)
  from space 7680K, 99% used [0x00000000e3d00000,0x00000000e447e3a8,0x00000000e4480000)
  to   space 9216K, 0% used [0x00000000e5400000,0x00000000e5400000,0x00000000e5d00000)
 ParOldGen       total 40448K, used 13347K [0x00000000a0000000, 0x00000000a2780000, 0x00000000e0000000)
  object space 40448K, 32% used [0x00000000a0000000,0x00000000a0d08e30,0x00000000a2780000)
 Metaspace       used 34528K, capacity 35268K, committed 35496K, reserved 1079296K
  class space    used 4624K, capacity 4829K, committed 4912K, reserved 1048576K
Event: 8.513 GC heap after
Heap after GC invocations=13 (full 1):
 PSYoungGen      total 86016K, used 6628K [0x00000000e0000000, 0x00000000e6000000, 0x0000000100000000)
  eden space 76800K, 0% used [0x00000000e0000000,0x00000000e0000000,0x00000000e4b00000)
  from space 9216K, 71% used [0x00000000e5400000,0x00000000e5a792a8,0x00000000e5d00000)
  to   space 9216K, 0% used [0x00000000e4b00000,0x00000000e4b00000,0x00000000e5400000)
 ParOldGen       total 40448K, used 15223K [0x00000000a0000000, 0x00000000a2780000, 0x00000000e0000000)
  object space 40448K, 37% used [0x00000000a0000000,0x00000000a0edde50,0x00000000a2780000)
 Metaspace       used 34528K, capacity 35268K, committed 35496K, reserved 1079296K
  class space    used 4624K, capacity 4829K, committed 4912K, reserved 1048576K
}
Event: 8.513 GC heap before
{Heap before GC invocations=14 (full 2):
 PSYoungGen      total 86016K, used 6628K [0x00000000e0000000, 0x00000000e6000000, 0x0000000100000000)
  eden space 76800K, 0% used [0x00000000e0000000,0x00000000e0000000,0x00000000e4b00000)
  from space 9216K, 71% used [0x00000000e5400000,0x00000000e5a792a8,0x00000000e5d00000)
  to   space 9216K, 0% used [0x00000000e4b00000,0x00000000e4b00000,0x00000000e5400000)
 ParOldGen       total 40448K, used 15223K [0x00000000a0000000, 0x00000000a2780000, 0x00000000e0000000)
  object space 40448K, 37% used [0x00000000a0000000,0x00000000a0edde50,0x00000000a2780000)
 Metaspace       used 34528K, capacity 35268K, committed 35496K, reserved 1079296K
  class space    used 4624K, capacity 4829K, committed 4912K, reserved 1048576K
Event: 8.735 GC heap after
Heap after GC invocations=14 (full 2):
 PSYoungGen      total 86016K, used 0K [0x00000000e0000000, 0x00000000e6000000, 0x0000000100000000)
  eden space 76800K, 0% used [0x00000000e0000000,0x00000000e0000000,0x00000000e4b00000)
  from space 9216K, 0% used [0x00000000e5400000,0x00000000e5400000,0x00000000e5d00000)
  to   space 9216K, 0% used [0x00000000e4b00000,0x00000000e4b00000,0x00000000e5400000)
 ParOldGen       total 61952K, used 15714K [0x00000000a0000000, 0x00000000a3c80000, 0x00000000e0000000)
  object space 61952K, 25% used [0x00000000a0000000,0x00000000a0f58b30,0x00000000a3c80000)
 Metaspace       used 34528K, capacity 35268K, committed 35496K, reserved 1079296K
  class space    used 4624K, capacity 4829K, committed 4912K, reserved 1048576K
}
Event: 10.764 GC heap before
{Heap before GC invocations=15 (full 2):
 PSYoungGen      total 86016K, used 76800K [0x00000000e0000000, 0x00000000e6000000, 0x0000000100000000)
  eden space 76800K, 100% used [0x00000000e0000000,0x00000000e4b00000,0x00000000e4b00000)
  from space 9216K, 0% used [0x00000000e5400000,0x00000000e5400000,0x00000000e5d00000)
  to   space 9216K, 0% used [0x00000000e4b00000,0x00000000e4b00000,0x00000000e5400000)
 ParOldGen       total 61952K, used 15714K [0x00000000a0000000, 0x00000000a3c80000, 0x00000000e0000000)
  object space 61952K, 25% used [0x00000000a0000000,0x00000000a0f58b30,0x00000000a3c80000)
 Metaspace       used 41624K, capacity 42522K, committed 42672K, reserved 1085440K
  class space    used 5568K, capacity 5795K, committed 5808K, reserved 1048576K
Event: 10.775 GC heap after
Heap after GC invocations=15 (full 2):
 PSYoungGen      total 86016K, used 7429K [0x00000000e0000000, 0x00000000e6d00000, 0x0000000100000000)
  eden space 76800K, 0% used [0x00000000e0000000,0x00000000e0000000,0x00000000e4b00000)
  from space 9216K, 80% used [0x00000000e4b00000,0x00000000e5241598,0x00000000e5400000)
  to   space 9728K, 0% used [0x00000000e6380000,0x00000000e6380000,0x00000000e6d00000)
 ParOldGen       total 61952K, used 15786K [0x00000000a0000000, 0x00000000a3c80000, 0x00000000e0000000)
  object space 61952K, 25% used [0x00000000a0000000,0x00000000a0f6ab40,0x00000000a3c80000)
 Metaspace       used 41624K, capacity 42522K, committed 42672K, reserved 1085440K
  class space    used 5568K, capacity 5795K, committed 5808K, reserved 1048576K
}
Event: 13.345 GC heap before
{Heap before GC invocations=16 (full 2):
 PSYoungGen      total 86016K, used 84229K [0x00000000e0000000, 0x00000000e6d00000, 0x0000000100000000)
  eden space 76800K, 100% used [0x00000000e0000000,0x00000000e4b00000,0x00000000e4b00000)
  from space 9216K, 80% used [0x00000000e4b00000,0x00000000e5241598,0x00000000e5400000)
  to   space 9728K, 0% used [0x00000000e6380000,0x00000000e6380000,0x00000000e6d00000)
 ParOldGen       total 61952K, used 15786K [0x00000000a0000000, 0x00000000a3c80000, 0x00000000e0000000)
  object space 61952K, 25% used [0x00000000a0000000,0x00000000a0f6ab40,0x00000000a3c80000)
 Metaspace       used 44895K, capacity 46010K, committed 46256K, reserved 1089536K
  class space    used 6039K, capacity 6305K, committed 6320K, reserved 1048576K
Event: 13.371 GC heap after
Heap after GC invocations=16 (full 2):
 PSYoungGen      total 86528K, used 9711K [0x00000000e0000000, 0x00000000e6d00000, 0x0000000100000000)
  eden space 76800K, 0% used [0x00000000e0000000,0x00000000e0000000,0x00000000e4b00000)
  from space 9728K, 99% used [0x00000000e6380000,0x00000000e6cfbff0,0x00000000e6d00000)
  to   space 9216K, 0% used [0x00000000e4b00000,0x00000000e4b00000,0x00000000e5400000)
 ParOldGen       total 61952K, used 18029K [0x00000000a0000000, 0x00000000a3c80000, 0x00000000e0000000)
  object space 61952K, 29% used [0x00000000a0000000,0x00000000a119b728,0x00000000a3c80000)
 Metaspace       used 44895K, capacity 46010K, committed 46256K, reserved 1089536K
  class space    used 6039K, capacity 6305K, committed 6320K, reserved 1048576K
}

