# JRE version: OpenJDK Runtime Environment (8.0_76-b03) (build 1.8.0_76-release-b03)
# Java VM: OpenJDK 64-Bit Server VM (25.76-b03 mixed mode windows-amd64 compressed oops)
Heap:
 PSYoungGen      total 35328K, used 15871K [0x00000000e0000000, 0x00000000e2500000, 0x0000000100000000)
  eden space 32768K, 48% used [0x00000000e0000000,0x00000000e0f7fd78,0x00000000e2000000)
  from space 2560K, 0% used [0x00000000e2280000,0x00000000e2280000,0x00000000e2500000)
  to   space 2560K, 0% used [0x00000000e2000000,0x00000000e2000000,0x00000000e2280000)
 ParOldGen       total 39424K, used 8658K [0x00000000a0000000, 0x00000000a2680000, 0x00000000e0000000)
  object space 39424K, 21% used [0x00000000a0000000,0x00000000a0874860,0x00000000a2680000)
 Metaspace       used 22385K, capacity 22864K, committed 22960K, reserved 1069056K
  class space    used 2977K, capacity 3154K, committed 3248K, reserved 1048576K
GC Heap History (10 events):
Event: 1.902 GC heap before
{Heap before GC invocations=3 (full 0):
 PSYoungGen      total 18944K, used 18432K [0x00000000e0000000, 0x00000000e2500000, 0x0000000100000000)
  eden space 16384K, 100% used [0x00000000e0000000,0x00000000e1000000,0x00000000e1000000)
  from space 2560K, 80% used [0x00000000e1280000,0x00000000e1480020,0x00000000e1500000)
  to   space 2560K, 0% used [0x00000000e1000000,0x00000000e1000000,0x00000000e1280000)
 ParOldGen       total 44032K, used 476K [0x00000000a0000000, 0x00000000a2b00000, 0x00000000e0000000)
  object space 44032K, 1% used [0x00000000a0000000,0x00000000a00773a8,0x00000000a2b00000)
 Metaspace       used 11030K, capacity 11370K, committed 11648K, reserved 1058816K
  class space    used 1417K, capacity 1543K, committed 1664K, reserved 1048576K
Event: 1.908 GC heap after
Heap after GC invocations=3 (full 0):
 PSYoungGen      total 18944K, used 2544K [0x00000000e0000000, 0x00000000e2500000, 0x0000000100000000)
  eden space 16384K, 0% used [0x00000000e0000000,0x00000000e0000000,0x00000000e1000000)
  from space 2560K, 99% used [0x00000000e1000000,0x00000000e127c010,0x00000000e1280000)
  to   space 2560K, 0% used [0x00000000e2280000,0x00000000e2280000,0x00000000e2500000)
 ParOldGen       total 44032K, used 1965K [0x00000000a0000000, 0x00000000a2b00000, 0x00000000e0000000)
  object space 44032K, 4% used [0x00000000a0000000,0x00000000a01eb478,0x00000000a2b00000)
 Metaspace       used 11030K, capacity 11370K, committed 11648K, reserved 1058816K
  class space    used 1417K, capacity 1543K, committed 1664K, reserved 1048576K
}
Event: 2.203 GC heap before
{Heap before GC invocations=4 (full 0):
 PSYoungGen      total 18944K, used 18928K [0x00000000e0000000, 0x00000000e2500000, 0x0000000100000000)
  eden space 16384K, 100% used [0x00000000e0000000,0x00000000e1000000,0x00000000e1000000)
  from space 2560K, 99% used [0x00000000e1000000,0x00000000e127c010,0x00000000e1280000)
  to   space 2560K, 0% used [0x00000000e2280000,0x00000000e2280000,0x00000000e2500000)
 ParOldGen       total 44032K, used 1965K [0x00000000a0000000, 0x00000000a2b00000, 0x00000000e0000000)
  object space 44032K, 4% used [0x00000000a0000000,0x00000000a01eb478,0x00000000a2b00000)
 Metaspace       used 12758K, capacity 13114K, committed 13440K, reserved 1060864K
  class space    used 1701K, capacity 1823K, committed 1920K, reserved 1048576K
Event: 2.210 GC heap after
Heap after GC invocations=4 (full 0):
 PSYoungGen      total 35328K, used 2544K [0x00000000e0000000, 0x00000000e2500000, 0x0000000100000000)
  eden space 32768K, 0% used [0x00000000e0000000,0x00000000e0000000,0x00000000e2000000)
  from space 2560K, 99% used [0x00000000e2280000,0x00000000e24fc010,0x00000000e2500000)
  to   space 2560K, 0% used [0x00000000e2000000,0x00000000e2000000,0x00000000e2280000)
 ParOldGen       total 44032K, used 3965K [0x00000000a0000000, 0x00000000a2b00000, 0x00000000e0000000)
  object space 44032K, 9% used [0x00000000a0000000,0x00000000a03df5c8,0x00000000a2b00000)
 Metaspace       used 12758K, capacity 13114K, committed 13440K, reserved 1060864K
  class space    used 1701K, capacity 1823K, committed 1920K, reserved 1048576K
}
Event: 3.271 GC heap before
{Heap before GC invocations=5 (full 0):
 PSYoungGen      total 35328K, used 35312K [0x00000000e0000000, 0x00000000e2500000, 0x0000000100000000)
  eden space 32768K, 100% used [0x00000000e0000000,0x00000000e2000000,0x00000000e2000000)
  from space 2560K, 99% used [0x00000000e2280000,0x00000000e24fc010,0x00000000e2500000)
  to   space 2560K, 0% used [0x00000000e2000000,0x00000000e2000000,0x00000000e2280000)
 ParOldGen       total 44032K, used 3965K [0x00000000a0000000, 0x00000000a2b00000, 0x00000000e0000000)
  object space 44032K, 9% used [0x00000000a0000000,0x00000000a03df5c8,0x00000000a2b00000)
 Metaspace       used 18827K, capacity 19278K, committed 19328K, reserved 1067008K
  class space    used 2516K, capacity 2674K, committed 2688K, reserved 1048576K
Event: 3.295 GC heap after
Heap after GC invocations=5 (full 0):
 PSYoungGen      total 35328K, used 2544K [0x00000000e0000000, 0x00000000e2500000, 0x0000000100000000)
  eden space 32768K, 0% used [0x00000000e0000000,0x00000000e0000000,0x00000000e2000000)
  from space 2560K, 99% used [0x00000000e2000000,0x00000000e227c010,0x00000000e2280000)
  to   space 2560K, 0% used [0x00000000e2280000,0x00000000e2280000,0x00000000e2500000)
 ParOldGen       total 44032K, used 10054K [0x00000000a0000000, 0x00000000a2b00000, 0x00000000e0000000)
  object space 44032K, 22% used [0x00000000a0000000,0x00000000a09d1870,0x00000000a2b00000)
 Metaspace       used 18827K, capacity 19278K, committed 19328K, reserved 1067008K
  class space    used 2516K, capacity 2674K, committed 2688K, reserved 1048576K
}
Event: 3.948 GC heap before
{Heap before GC invocations=6 (full 0):
 PSYoungGen      total 35328K, used 25078K [0x00000000e0000000, 0x00000000e2500000, 0x0000000100000000)
  eden space 32768K, 68% used [0x00000000e0000000,0x00000000e1601bd8,0x00000000e2000000)
  from space 2560K, 99% used [0x00000000e2000000,0x00000000e227c010,0x00000000e2280000)
  to   space 2560K, 0% used [0x00000000e2280000,0x00000000e2280000,0x00000000e2500000)
 ParOldGen       total 44032K, used 10054K [0x00000000a0000000, 0x00000000a2b00000, 0x00000000e0000000)
  object space 44032K, 22% used [0x00000000a0000000,0x00000000a09d1870,0x00000000a2b00000)
 Metaspace       used 20841K, capacity 21276K, committed 21296K, reserved 1067008K
  class space    used 2714K, capacity 2862K, committed 2864K, reserved 1048576K
Event: 3.963 GC heap after
Heap after GC invocations=6 (full 0):
 PSYoungGen      total 35328K, used 2544K [0x00000000e0000000, 0x00000000e2500000, 0x0000000100000000)
  eden space 32768K, 0% used [0x00000000e0000000,0x00000000e0000000,0x00000000e2000000)
  from space 2560K, 99% used [0x00000000e2280000,0x00000000e24fc010,0x00000000e2500000)
  to   space 2560K, 0% used [0x00000000e2000000,0x00000000e2000000,0x00000000e2280000)
 ParOldGen       total 44032K, used 12910K [0x00000000a0000000, 0x00000000a2b00000, 0x00000000e0000000)
  object space 44032K, 29% used [0x00000000a0000000,0x00000000a0c9b830,0x00000000a2b00000)
 Metaspace       used 20841K, capacity 21276K, committed 21296K, reserved 1067008K
  class space    used 2714K, capacity 2862K, committed 2864K, reserved 1048576K
}
Event: 3.963 GC heap before
{Heap before GC invocations=7 (full 1):
 PSYoungGen      total 35328K, used 2544K [0x00000000e0000000, 0x00000000e2500000, 0x0000000100000000)
  eden space 32768K, 0% used [0x00000000e0000000,0x00000000e0000000,0x00000000e2000000)
  from space 2560K, 99% used [0x00000000e2280000,0x00000000e24fc010,0x00000000e2500000)
  to   space 2560K, 0% used [0x00000000e2000000,0x00000000e2000000,0x00000000e2280000)
 ParOldGen       total 44032K, used 12910K [0x00000000a0000000, 0x00000000a2b00000, 0x00000000e0000000)
  object space 44032K, 29% used [0x00000000a0000000,0x00000000a0c9b830,0x00000000a2b00000)
 Metaspace       used 20841K, capacity 21276K, committed 21296K, reserved 1067008K
  class space    used 2714K, capacity 2862K, committed 2864K, reserved 1048576K
Event: 4.033 GC heap after
Heap after GC invocations=7 (full 1):
 PSYoungGen      total 35328K, used 0K [0x00000000e0000000, 0x00000000e2500000, 0x0000000100000000)
  eden space 32768K, 0% used [0x00000000e0000000,0x00000000e0000000,0x00000000e2000000)
  from space 2560K, 0% used [0x00000000e2280000,0x00000000e2280000,0x00000000e2500000)
  to   space 2560K, 0% used [0x00000000e2000000,0x00000000e2000000,0x00000000e2280000)
 ParOldGen       total 39424K, used 8658K [0x00000000a0000000, 0x00000000a2680000, 0x00000000e0000000)
  object space 39424K, 21% used [0x00000000a0000000,0x00000000a0874860,0x00000000a2680000)
 Metaspace       used 20841K, capacity 21276K, committed 21296K, reserved 1067008K
  class space    used 2714K, capacity 2862K, committed 2864K, reserved 1048576K
}

