# JRE version: OpenJDK Runtime Environment (8.0_76-b03) (build 1.8.0_76-release-b03)
# Java VM: OpenJDK 64-Bit Server VM (25.76-b03 mixed mode windows-amd64 compressed oops)
Heap:
 PSYoungGen      total 92160K, used 36412K [0x00000000e0000000, 0x00000000e6580000, 0x0000000100000000)
  eden space 81408K, 31% used [0x00000000e0000000,0x00000000e1912440,0x00000000e4f80000)
  from space 10752K, 99% used [0x00000000e4f80000,0x00000000e59fcc90,0x00000000e5a00000)
  to   space 8704K, 0% used [0x00000000e5a00000,0x00000000e5a00000,0x00000000e6280000)
 ParOldGen       total 56320K, used 25527K [0x00000000a0000000, 0x00000000a3700000, 0x00000000e0000000)
  object space 56320K, 45% used [0x00000000a0000000,0x00000000a18eddf0,0x00000000a3700000)
 Metaspace       used 49685K, capacity 51332K, committed 51504K, reserved 1093632K
  class space    used 6740K, capacity 7102K, committed 7216K, reserved 1048576K
GC Heap History (10 events):
Event: 40.281 GC heap before
{Heap before GC invocations=15 (full 1):
 PSYoungGen      total 62976K, used 33860K [0x00000000e0000000, 0x00000000e5280000, 0x0000000100000000)
  eden space 55808K, 49% used [0x00000000e0000000,0x00000000e1ad9ce8,0x00000000e3680000)
  from space 7168K, 88% used [0x00000000e3680000,0x00000000e3cb73c0,0x00000000e3d80000)
  to   space 7680K, 0% used [0x00000000e4b00000,0x00000000e4b00000,0x00000000e5280000)
 ParOldGen       total 36864K, used 13869K [0x00000000a0000000, 0x00000000a2400000, 0x00000000e0000000)
  object space 36864K, 37% used [0x00000000a0000000,0x00000000a0d8b6c0,0x00000000a2400000)
 Metaspace       used 34680K, capacity 35340K, committed 35496K, reserved 1079296K
  class space    used 4663K, capacity 4857K, committed 4912K, reserved 1048576K
Event: 40.303 GC heap after
Heap after GC invocations=15 (full 1):
 PSYoungGen      total 75776K, used 5426K [0x00000000e0000000, 0x00000000e5200000, 0x0000000100000000)
  eden space 68608K, 0% used [0x00000000e0000000,0x00000000e0000000,0x00000000e4300000)
  from space 7168K, 75% used [0x00000000e4b00000,0x00000000e504cb38,0x00000000e5200000)
  to   space 7680K, 0% used [0x00000000e4300000,0x00000000e4300000,0x00000000e4a80000)
 ParOldGen       total 36864K, used 13877K [0x00000000a0000000, 0x00000000a2400000, 0x00000000e0000000)
  object space 36864K, 37% used [0x00000000a0000000,0x00000000a0d8d6c0,0x00000000a2400000)
 Metaspace       used 34680K, capacity 35340K, committed 35496K, reserved 1079296K
  class space    used 4663K, capacity 4857K, committed 4912K, reserved 1048576K
}
Event: 40.303 GC heap before
{Heap before GC invocations=16 (full 2):
 PSYoungGen      total 75776K, used 5426K [0x00000000e0000000, 0x00000000e5200000, 0x0000000100000000)
  eden space 68608K, 0% used [0x00000000e0000000,0x00000000e0000000,0x00000000e4300000)
  from space 7168K, 75% used [0x00000000e4b00000,0x00000000e504cb38,0x00000000e5200000)
  to   space 7680K, 0% used [0x00000000e4300000,0x00000000e4300000,0x00000000e4a80000)
 ParOldGen       total 36864K, used 13877K [0x00000000a0000000, 0x00000000a2400000, 0x00000000e0000000)
  object space 36864K, 37% used [0x00000000a0000000,0x00000000a0d8d6c0,0x00000000a2400000)
 Metaspace       used 34680K, capacity 35340K, committed 35496K, reserved 1079296K
  class space    used 4663K, capacity 4857K, committed 4912K, reserved 1048576K
Event: 40.780 GC heap after
Heap after GC invocations=16 (full 2):
 PSYoungGen      total 75776K, used 0K [0x00000000e0000000, 0x00000000e5200000, 0x0000000100000000)
  eden space 68608K, 0% used [0x00000000e0000000,0x00000000e0000000,0x00000000e4300000)
  from space 7168K, 0% used [0x00000000e4b00000,0x00000000e4b00000,0x00000000e5200000)
  to   space 7680K, 0% used [0x00000000e4300000,0x00000000e4300000,0x00000000e4a80000)
 ParOldGen       total 56320K, used 15795K [0x00000000a0000000, 0x00000000a3700000, 0x00000000e0000000)
  object space 56320K, 28% used [0x00000000a0000000,0x00000000a0f6cf38,0x00000000a3700000)
 Metaspace       used 34680K, capacity 35340K, committed 35496K, reserved 1079296K
  class space    used 4663K, capacity 4857K, committed 4912K, reserved 1048576K
}
Event: 48.951 GC heap before
{Heap before GC invocations=17 (full 2):
 PSYoungGen      total 75776K, used 68608K [0x00000000e0000000, 0x00000000e5200000, 0x0000000100000000)
  eden space 68608K, 100% used [0x00000000e0000000,0x00000000e4300000,0x00000000e4300000)
  from space 7168K, 0% used [0x00000000e4b00000,0x00000000e4b00000,0x00000000e5200000)
  to   space 7680K, 0% used [0x00000000e4300000,0x00000000e4300000,0x00000000e4a80000)
 ParOldGen       total 56320K, used 15795K [0x00000000a0000000, 0x00000000a3700000, 0x00000000e0000000)
  object space 56320K, 28% used [0x00000000a0000000,0x00000000a0f6cf38,0x00000000a3700000)
 Metaspace       used 41466K, capacity 42362K, committed 42672K, reserved 1085440K
  class space    used 5563K, capacity 5791K, committed 5808K, reserved 1048576K
Event: 49.021 GC heap after
Heap after GC invocations=17 (full 2):
 PSYoungGen      total 76288K, used 7183K [0x00000000e0000000, 0x00000000e6280000, 0x0000000100000000)
  eden space 68608K, 0% used [0x00000000e0000000,0x00000000e0000000,0x00000000e4300000)
  from space 7680K, 93% used [0x00000000e4300000,0x00000000e4a03c10,0x00000000e4a80000)
  to   space 8704K, 0% used [0x00000000e5a00000,0x00000000e5a00000,0x00000000e6280000)
 ParOldGen       total 56320K, used 15803K [0x00000000a0000000, 0x00000000a3700000, 0x00000000e0000000)
  object space 56320K, 28% used [0x00000000a0000000,0x00000000a0f6ef38,0x00000000a3700000)
 Metaspace       used 41466K, capacity 42362K, committed 42672K, reserved 1085440K
  class space    used 5563K, capacity 5791K, committed 5808K, reserved 1048576K
}
Event: 57.866 GC heap before
{Heap before GC invocations=18 (full 2):
 PSYoungGen      total 76288K, used 75791K [0x00000000e0000000, 0x00000000e6280000, 0x0000000100000000)
  eden space 68608K, 100% used [0x00000000e0000000,0x00000000e4300000,0x00000000e4300000)
  from space 7680K, 93% used [0x00000000e4300000,0x00000000e4a03c10,0x00000000e4a80000)
  to   space 8704K, 0% used [0x00000000e5a00000,0x00000000e5a00000,0x00000000e6280000)
 ParOldGen       total 56320K, used 15803K [0x00000000a0000000, 0x00000000a3700000, 0x00000000e0000000)
  object space 56320K, 28% used [0x00000000a0000000,0x00000000a0f6ef38,0x00000000a3700000)
 Metaspace       used 44542K, capacity 45732K, committed 46000K, reserved 1089536K
  class space    used 5994K, capacity 6262K, committed 6320K, reserved 1048576K
Event: 57.939 GC heap after
Heap after GC invocations=18 (full 2):
 PSYoungGen      total 90112K, used 8675K [0x00000000e0000000, 0x00000000e6580000, 0x0000000100000000)
  eden space 81408K, 0% used [0x00000000e0000000,0x00000000e0000000,0x00000000e4f80000)
  from space 8704K, 99% used [0x00000000e5a00000,0x00000000e6278c80,0x00000000e6280000)
  to   space 10752K, 0% used [0x00000000e4f80000,0x00000000e4f80000,0x00000000e5a00000)
 ParOldGen       total 56320K, used 18436K [0x00000000a0000000, 0x00000000a3700000, 0x00000000e0000000)
  object space 56320K, 32% used [0x00000000a0000000,0x00000000a12010d0,0x00000000a3700000)
 Metaspace       used 44542K, capacity 45732K, committed 46000K, reserved 1089536K
  class space    used 5994K, capacity 6262K, committed 6320K, reserved 1048576K
}
Event: 64.628 GC heap before
{Heap before GC invocations=19 (full 2):
 PSYoungGen      total 90112K, used 90083K [0x00000000e0000000, 0x00000000e6580000, 0x0000000100000000)
  eden space 81408K, 100% used [0x00000000e0000000,0x00000000e4f80000,0x00000000e4f80000)
  from space 8704K, 99% used [0x00000000e5a00000,0x00000000e6278c80,0x00000000e6280000)
  to   space 10752K, 0% used [0x00000000e4f80000,0x00000000e4f80000,0x00000000e5a00000)
 ParOldGen       total 56320K, used 18436K [0x00000000a0000000, 0x00000000a3700000, 0x00000000e0000000)
  object space 56320K, 32% used [0x00000000a0000000,0x00000000a12010d0,0x00000000a3700000)
 Metaspace       used 48896K, capacity 50242K, committed 50480K, reserved 1093632K
  class space    used 6609K, capacity 6901K, committed 6960K, reserved 1048576K
Event: 64.891 GC heap after
Heap after GC invocations=19 (full 2):
 PSYoungGen      total 92160K, used 10739K [0x00000000e0000000, 0x00000000e6580000, 0x0000000100000000)
  eden space 81408K, 0% used [0x00000000e0000000,0x00000000e0000000,0x00000000e4f80000)
  from space 10752K, 99% used [0x00000000e4f80000,0x00000000e59fcc90,0x00000000e5a00000)
  to   space 8704K, 0% used [0x00000000e5a00000,0x00000000e5a00000,0x00000000e6280000)
 ParOldGen       total 56320K, used 25527K [0x00000000a0000000, 0x00000000a3700000, 0x00000000e0000000)
  object space 56320K, 45% used [0x00000000a0000000,0x00000000a18eddf0,0x00000000a3700000)
 Metaspace       used 48896K, capacity 50242K, committed 50480K, reserved 1093632K
  class space    used 6609K, capacity 6901K, committed 6960K, reserved 1048576K
}

