# JRE version: OpenJDK Runtime Environment (8.0_76-b03) (build 1.8.0_76-release-b03)
# Java VM: OpenJDK 64-Bit Server VM (25.76-b03 mixed mode windows-amd64 compressed oops)
Heap:
 PSYoungGen      total 109056K, used 52747K [0x00000000e0000000, 0x00000000e7400000, 0x0000000100000000)
  eden space 99328K, 44% used [0x00000000e0000000,0x00000000e2b2b010,0x00000000e6100000)
  from space 9728K, 87% used [0x00000000e6100000,0x00000000e6957d38,0x00000000e6a80000)
  to   space 8704K, 0% used [0x00000000e6b80000,0x00000000e6b80000,0x00000000e7400000)
 ParOldGen       total 37376K, used 15235K [0x00000000a0000000, 0x00000000a2480000, 0x00000000e0000000)
  object space 37376K, 40% used [0x00000000a0000000,0x00000000a0ee0c10,0x00000000a2480000)
 Metaspace       used 44349K, capacity 45542K, committed 45744K, reserved 1089536K
  class space    used 5948K, capacity 6225K, committed 6320K, reserved 1048576K
GC Heap History (10 events):
Event: 6.231 GC heap before
{Heap before GC invocations=9 (full 1):
 PSYoungGen      total 74240K, used 73262K [0x00000000e0000000, 0x00000000e7500000, 0x0000000100000000)
  eden space 65536K, 100% used [0x00000000e0000000,0x00000000e4000000,0x00000000e4000000)
  from space 8704K, 88% used [0x00000000e4000000,0x00000000e478bb38,0x00000000e4880000)
  to   space 9728K, 0% used [0x00000000e6b80000,0x00000000e6b80000,0x00000000e7500000)
 ParOldGen       total 37376K, used 8581K [0x00000000a0000000, 0x00000000a2480000, 0x00000000e0000000)
  object space 37376K, 22% used [0x00000000a0000000,0x00000000a08617b0,0x00000000a2480000)
 Metaspace       used 28297K, capacity 28910K, committed 29104K, reserved 1075200K
  class space    used 3861K, capacity 4009K, committed 4016K, reserved 1048576K
Event: 6.245 GC heap after
Heap after GC invocations=9 (full 1):
 PSYoungGen      total 108032K, used 5911K [0x00000000e0000000, 0x00000000e7400000, 0x0000000100000000)
  eden space 99328K, 0% used [0x00000000e0000000,0x00000000e0000000,0x00000000e6100000)
  from space 8704K, 67% used [0x00000000e6b80000,0x00000000e7145d98,0x00000000e7400000)
  to   space 9728K, 0% used [0x00000000e6100000,0x00000000e6100000,0x00000000e6a80000)
 ParOldGen       total 37376K, used 8581K [0x00000000a0000000, 0x00000000a2480000, 0x00000000e0000000)
  object space 37376K, 22% used [0x00000000a0000000,0x00000000a08617b0,0x00000000a2480000)
 Metaspace       used 28297K, capacity 28910K, committed 29104K, reserved 1075200K
  class space    used 3861K, capacity 4009K, committed 4016K, reserved 1048576K
}
Event: 8.135 GC heap before
{Heap before GC invocations=10 (full 1):
 PSYoungGen      total 108032K, used 105239K [0x00000000e0000000, 0x00000000e7400000, 0x0000000100000000)
  eden space 99328K, 100% used [0x00000000e0000000,0x00000000e6100000,0x00000000e6100000)
  from space 8704K, 67% used [0x00000000e6b80000,0x00000000e7145d98,0x00000000e7400000)
  to   space 9728K, 0% used [0x00000000e6100000,0x00000000e6100000,0x00000000e6a80000)
 ParOldGen       total 37376K, used 8581K [0x00000000a0000000, 0x00000000a2480000, 0x00000000e0000000)
  object space 37376K, 22% used [0x00000000a0000000,0x00000000a08617b0,0x00000000a2480000)
 Metaspace       used 33795K, capacity 34540K, committed 34736K, reserved 1079296K
  class space    used 4555K, capacity 4761K, committed 4784K, reserved 1048576K
Event: 8.163 GC heap after
Heap after GC invocations=10 (full 1):
 PSYoungGen      total 109056K, used 9706K [0x00000000e0000000, 0x00000000e7400000, 0x0000000100000000)
  eden space 99328K, 0% used [0x00000000e0000000,0x00000000e0000000,0x00000000e6100000)
  from space 9728K, 99% used [0x00000000e6100000,0x00000000e6a7aac0,0x00000000e6a80000)
  to   space 8704K, 0% used [0x00000000e6b80000,0x00000000e6b80000,0x00000000e7400000)
 ParOldGen       total 37376K, used 9681K [0x00000000a0000000, 0x00000000a2480000, 0x00000000e0000000)
  object space 37376K, 25% used [0x00000000a0000000,0x00000000a0974598,0x00000000a2480000)
 Metaspace       used 33795K, capacity 34540K, committed 34736K, reserved 1079296K
  class space    used 4555K, capacity 4761K, committed 4784K, reserved 1048576K
}
Event: 8.332 GC heap before
{Heap before GC invocations=11 (full 1):
 PSYoungGen      total 109056K, used 17351K [0x00000000e0000000, 0x00000000e7400000, 0x0000000100000000)
  eden space 99328K, 7% used [0x00000000e0000000,0x00000000e07773d8,0x00000000e6100000)
  from space 9728K, 99% used [0x00000000e6100000,0x00000000e6a7aac0,0x00000000e6a80000)
  to   space 8704K, 0% used [0x00000000e6b80000,0x00000000e6b80000,0x00000000e7400000)
 ParOldGen       total 37376K, used 9681K [0x00000000a0000000, 0x00000000a2480000, 0x00000000e0000000)
  object space 37376K, 25% used [0x00000000a0000000,0x00000000a0974598,0x00000000a2480000)
 Metaspace       used 34562K, capacity 35268K, committed 35496K, reserved 1079296K
  class space    used 4643K, capacity 4829K, committed 4912K, reserved 1048576K
Event: 8.354 GC heap after
Heap after GC invocations=11 (full 1):
 PSYoungGen      total 108032K, used 4901K [0x00000000e0000000, 0x00000000e7400000, 0x0000000100000000)
  eden space 99328K, 0% used [0x00000000e0000000,0x00000000e0000000,0x00000000e6100000)
  from space 8704K, 56% used [0x00000000e6b80000,0x00000000e70494b0,0x00000000e7400000)
  to   space 9728K, 0% used [0x00000000e6100000,0x00000000e6100000,0x00000000e6a80000)
 ParOldGen       total 37376K, used 12345K [0x00000000a0000000, 0x00000000a2480000, 0x00000000e0000000)
  object space 37376K, 33% used [0x00000000a0000000,0x00000000a0c0e5c8,0x00000000a2480000)
 Metaspace       used 34562K, capacity 35268K, committed 35496K, reserved 1079296K
  class space    used 4643K, capacity 4829K, committed 4912K, reserved 1048576K
}
Event: 8.354 GC heap before
{Heap before GC invocations=12 (full 2):
 PSYoungGen      total 108032K, used 4901K [0x00000000e0000000, 0x00000000e7400000, 0x0000000100000000)
  eden space 99328K, 0% used [0x00000000e0000000,0x00000000e0000000,0x00000000e6100000)
  from space 8704K, 56% used [0x00000000e6b80000,0x00000000e70494b0,0x00000000e7400000)
  to   space 9728K, 0% used [0x00000000e6100000,0x00000000e6100000,0x00000000e6a80000)
 ParOldGen       total 37376K, used 12345K [0x00000000a0000000, 0x00000000a2480000, 0x00000000e0000000)
  object space 37376K, 33% used [0x00000000a0000000,0x00000000a0c0e5c8,0x00000000a2480000)
 Metaspace       used 34562K, capacity 35268K, committed 35496K, reserved 1079296K
  class space    used 4643K, capacity 4829K, committed 4912K, reserved 1048576K
Event: 8.453 GC heap after
Heap after GC invocations=12 (full 2):
 PSYoungGen      total 108032K, used 0K [0x00000000e0000000, 0x00000000e7400000, 0x0000000100000000)
  eden space 99328K, 0% used [0x00000000e0000000,0x00000000e0000000,0x00000000e6100000)
  from space 8704K, 0% used [0x00000000e6b80000,0x00000000e6b80000,0x00000000e7400000)
  to   space 9728K, 0% used [0x00000000e6100000,0x00000000e6100000,0x00000000e6a80000)
 ParOldGen       total 37376K, used 15163K [0x00000000a0000000, 0x00000000a2480000, 0x00000000e0000000)
  object space 37376K, 40% used [0x00000000a0000000,0x00000000a0ecec00,0x00000000a2480000)
 Metaspace       used 34562K, capacity 35268K, committed 35496K, reserved 1079296K
  class space    used 4643K, capacity 4829K, committed 4912K, reserved 1048576K
}
Event: 11.011 GC heap before
{Heap before GC invocations=13 (full 2):
 PSYoungGen      total 108032K, used 99328K [0x00000000e0000000, 0x00000000e7400000, 0x0000000100000000)
  eden space 99328K, 100% used [0x00000000e0000000,0x00000000e6100000,0x00000000e6100000)
  from space 8704K, 0% used [0x00000000e6b80000,0x00000000e6b80000,0x00000000e7400000)
  to   space 9728K, 0% used [0x00000000e6100000,0x00000000e6100000,0x00000000e6a80000)
 ParOldGen       total 37376K, used 15163K [0x00000000a0000000, 0x00000000a2480000, 0x00000000e0000000)
  object space 37376K, 40% used [0x00000000a0000000,0x00000000a0ecec00,0x00000000a2480000)
 Metaspace       used 42486K, capacity 43504K, committed 43696K, reserved 1087488K
  class space    used 5685K, capacity 5944K, committed 6064K, reserved 1048576K
Event: 11.024 GC heap after
Heap after GC invocations=13 (full 2):
 PSYoungGen      total 109056K, used 8543K [0x00000000e0000000, 0x00000000e7400000, 0x0000000100000000)
  eden space 99328K, 0% used [0x00000000e0000000,0x00000000e0000000,0x00000000e6100000)
  from space 9728K, 87% used [0x00000000e6100000,0x00000000e6957d38,0x00000000e6a80000)
  to   space 8704K, 0% used [0x00000000e6b80000,0x00000000e6b80000,0x00000000e7400000)
 ParOldGen       total 37376K, used 15235K [0x00000000a0000000, 0x00000000a2480000, 0x00000000e0000000)
  object space 37376K, 40% used [0x00000000a0000000,0x00000000a0ee0c10,0x00000000a2480000)
 Metaspace       used 42486K, capacity 43504K, committed 43696K, reserved 1087488K
  class space    used 5685K, capacity 5944K, committed 6064K, reserved 1048576K
}

