# JRE version: OpenJDK Runtime Environment (8.0_76-b03) (build 1.8.0_76-release-b03)
# Java VM: OpenJDK 64-Bit Server VM (25.76-b03 mixed mode windows-amd64 compressed oops)
Heap:
 PSYoungGen      total 193024K, used 106711K [0x00000000e0000000, 0x00000000ed180000, 0x0000000100000000)
  eden space 178688K, 55% used [0x00000000e0000000,0x00000000e6190eb0,0x00000000eae80000)
  from space 14336K, 47% used [0x00000000ec380000,0x00000000eca25040,0x00000000ed180000)
  to   space 14336K, 0% used [0x00000000eae80000,0x00000000eae80000,0x00000000ebc80000)
 ParOldGen       total 52224K, used 43208K [0x00000000a0000000, 0x00000000a3300000, 0x00000000e0000000)
  object space 52224K, 82% used [0x00000000a0000000,0x00000000a2a323d8,0x00000000a3300000)
 Metaspace       used 59018K, capacity 61614K, committed 61744K, reserved 1101824K
  class space    used 7931K, capacity 8446K, committed 8496K, reserved 1048576K
GC Heap History (10 events):
Event: 227.130 GC heap before
{Heap before GC invocations=20 (full 3):
 PSYoungGen      total 147456K, used 147182K [0x00000000e0000000, 0x00000000ed000000, 0x0000000100000000)
  eden space 141824K, 99% used [0x00000000e0000000,0x00000000e8a71950,0x00000000e8a80000)
  from space 5632K, 96% used [0x00000000eca80000,0x00000000ecfc9f78,0x00000000ed000000)
  to   space 14848K, 0% used [0x00000000eb300000,0x00000000eb300000,0x00000000ec180000)
 ParOldGen       total 52224K, used 43131K [0x00000000a0000000, 0x00000000a3300000, 0x00000000e0000000)
  object space 52224K, 82% used [0x00000000a0000000,0x00000000a2a1ec60,0x00000000a3300000)
 Metaspace       used 58240K, capacity 60668K, committed 60976K, reserved 1101824K
  class space    used 7870K, capacity 8375K, committed 8496K, reserved 1048576K
Event: 227.146 GC heap after
Heap after GC invocations=20 (full 3):
 PSYoungGen      total 144384K, used 8013K [0x00000000e0000000, 0x00000000ecb00000, 0x0000000100000000)
  eden space 136192K, 0% used [0x00000000e0000000,0x00000000e0000000,0x00000000e8500000)
  from space 8192K, 97% used [0x00000000eb300000,0x00000000ebad3528,0x00000000ebb00000)
  to   space 14848K, 0% used [0x00000000ebc80000,0x00000000ebc80000,0x00000000ecb00000)
 ParOldGen       total 52224K, used 43139K [0x00000000a0000000, 0x00000000a3300000, 0x00000000e0000000)
  object space 52224K, 82% used [0x00000000a0000000,0x00000000a2a20c60,0x00000000a3300000)
 Metaspace       used 58240K, capacity 60668K, committed 60976K, reserved 1101824K
  class space    used 7870K, capacity 8375K, committed 8496K, reserved 1048576K
}
Event: 227.171 GC heap before
{Heap before GC invocations=21 (full 3):
 PSYoungGen      total 144384K, used 143941K [0x00000000e0000000, 0x00000000ecb00000, 0x0000000100000000)
  eden space 136192K, 99% used [0x00000000e0000000,0x00000000e84be190,0x00000000e8500000)
  from space 8192K, 97% used [0x00000000eb300000,0x00000000ebad3528,0x00000000ebb00000)
  to   space 14848K, 0% used [0x00000000ebc80000,0x00000000ebc80000,0x00000000ecb00000)
 ParOldGen       total 52224K, used 43139K [0x00000000a0000000, 0x00000000a3300000, 0x00000000e0000000)
  object space 52224K, 82% used [0x00000000a0000000,0x00000000a2a20c60,0x00000000a3300000)
 Metaspace       used 58242K, capacity 60668K, committed 60976K, reserved 1101824K
  class space    used 7870K, capacity 8375K, committed 8496K, reserved 1048576K
Event: 227.180 GC heap after
Heap after GC invocations=21 (full 3):
 PSYoungGen      total 193536K, used 6114K [0x00000000e0000000, 0x00000000ed180000, 0x0000000100000000)
  eden space 178688K, 0% used [0x00000000e0000000,0x00000000e0000000,0x00000000eae80000)
  from space 14848K, 41% used [0x00000000ebc80000,0x00000000ec278828,0x00000000ecb00000)
  to   space 14336K, 0% used [0x00000000eae80000,0x00000000eae80000,0x00000000ebc80000)
 ParOldGen       total 52224K, used 43147K [0x00000000a0000000, 0x00000000a3300000, 0x00000000e0000000)
  object space 52224K, 82% used [0x00000000a0000000,0x00000000a2a22c60,0x00000000a3300000)
 Metaspace       used 58242K, capacity 60668K, committed 60976K, reserved 1101824K
  class space    used 7870K, capacity 8375K, committed 8496K, reserved 1048576K
}
Event: 227.457 GC heap before
{Heap before GC invocations=22 (full 3):
 PSYoungGen      total 193536K, used 43098K [0x00000000e0000000, 0x00000000ed180000, 0x0000000100000000)
  eden space 178688K, 20% used [0x00000000e0000000,0x00000000e241e328,0x00000000eae80000)
  from space 14848K, 41% used [0x00000000ebc80000,0x00000000ec278828,0x00000000ecb00000)
  to   space 14336K, 0% used [0x00000000eae80000,0x00000000eae80000,0x00000000ebc80000)
 ParOldGen       total 52224K, used 43147K [0x00000000a0000000, 0x00000000a3300000, 0x00000000e0000000)
  object space 52224K, 82% used [0x00000000a0000000,0x00000000a2a22c60,0x00000000a3300000)
 Metaspace       used 58355K, capacity 60842K, committed 60976K, reserved 1101824K
  class space    used 7890K, capacity 8386K, committed 8496K, reserved 1048576K
Event: 227.463 GC heap after
Heap after GC invocations=22 (full 3):
 PSYoungGen      total 193024K, used 224K [0x00000000e0000000, 0x00000000ed180000, 0x0000000100000000)
  eden space 178688K, 0% used [0x00000000e0000000,0x00000000e0000000,0x00000000eae80000)
  from space 14336K, 1% used [0x00000000eae80000,0x00000000eaeb8000,0x00000000ebc80000)
  to   space 14336K, 0% used [0x00000000ec380000,0x00000000ec380000,0x00000000ed180000)
 ParOldGen       total 52224K, used 44843K [0x00000000a0000000, 0x00000000a3300000, 0x00000000e0000000)
  object space 52224K, 85% used [0x00000000a0000000,0x00000000a2bcad78,0x00000000a3300000)
 Metaspace       used 58355K, capacity 60842K, committed 60976K, reserved 1101824K
  class space    used 7890K, capacity 8386K, committed 8496K, reserved 1048576K
}
Event: 227.463 GC heap before
{Heap before GC invocations=23 (full 4):
 PSYoungGen      total 193024K, used 224K [0x00000000e0000000, 0x00000000ed180000, 0x0000000100000000)
  eden space 178688K, 0% used [0x00000000e0000000,0x00000000e0000000,0x00000000eae80000)
  from space 14336K, 1% used [0x00000000eae80000,0x00000000eaeb8000,0x00000000ebc80000)
  to   space 14336K, 0% used [0x00000000ec380000,0x00000000ec380000,0x00000000ed180000)
 ParOldGen       total 52224K, used 44843K [0x00000000a0000000, 0x00000000a3300000, 0x00000000e0000000)
  object space 52224K, 85% used [0x00000000a0000000,0x00000000a2bcad78,0x00000000a3300000)
 Metaspace       used 58355K, capacity 60842K, committed 60976K, reserved 1101824K
  class space    used 7890K, capacity 8386K, committed 8496K, reserved 1048576K
Event: 228.110 GC heap after
Heap after GC invocations=23 (full 4):
 PSYoungGen      total 193024K, used 0K [0x00000000e0000000, 0x00000000ed180000, 0x0000000100000000)
  eden space 178688K, 0% used [0x00000000e0000000,0x00000000e0000000,0x00000000eae80000)
  from space 14336K, 0% used [0x00000000eae80000,0x00000000eae80000,0x00000000ebc80000)
  to   space 14336K, 0% used [0x00000000ec380000,0x00000000ec380000,0x00000000ed180000)
 ParOldGen       total 52224K, used 43200K [0x00000000a0000000, 0x00000000a3300000, 0x00000000e0000000)
  object space 52224K, 82% used [0x00000000a0000000,0x00000000a2a303d8,0x00000000a3300000)
 Metaspace       used 58353K, capacity 60836K, committed 60976K, reserved 1101824K
  class space    used 7890K, capacity 8385K, committed 8496K, reserved 1048576K
}
Event: 334.318 GC heap before
{Heap before GC invocations=24 (full 4):
 PSYoungGen      total 193024K, used 176475K [0x00000000e0000000, 0x00000000ed180000, 0x0000000100000000)
  eden space 178688K, 98% used [0x00000000e0000000,0x00000000eac56ed8,0x00000000eae80000)
  from space 14336K, 0% used [0x00000000eae80000,0x00000000eae80000,0x00000000ebc80000)
  to   space 14336K, 0% used [0x00000000ec380000,0x00000000ec380000,0x00000000ed180000)
 ParOldGen       total 52224K, used 43200K [0x00000000a0000000, 0x00000000a3300000, 0x00000000e0000000)
  object space 52224K, 82% used [0x00000000a0000000,0x00000000a2a303d8,0x00000000a3300000)
 Metaspace       used 58912K, capacity 61506K, committed 61744K, reserved 1101824K
  class space    used 7922K, capacity 8436K, committed 8496K, reserved 1048576K
Event: 334.332 GC heap after
Heap after GC invocations=24 (full 4):
 PSYoungGen      total 193024K, used 6804K [0x00000000e0000000, 0x00000000ed180000, 0x0000000100000000)
  eden space 178688K, 0% used [0x00000000e0000000,0x00000000e0000000,0x00000000eae80000)
  from space 14336K, 47% used [0x00000000ec380000,0x00000000eca25040,0x00000000ed180000)
  to   space 14336K, 0% used [0x00000000eae80000,0x00000000eae80000,0x00000000ebc80000)
 ParOldGen       total 52224K, used 43208K [0x00000000a0000000, 0x00000000a3300000, 0x00000000e0000000)
  object space 52224K, 82% used [0x00000000a0000000,0x00000000a2a323d8,0x00000000a3300000)
 Metaspace       used 58912K, capacity 61506K, committed 61744K, reserved 1101824K
  class space    used 7922K, capacity 8436K, committed 8496K, reserved 1048576K
}

