# JRE version: OpenJDK Runtime Environment (8.0_76-b03) (build 1.8.0_76-release-b03)
# Java VM: OpenJDK 64-Bit Server VM (25.76-b03 mixed mode windows-amd64 compressed oops)
Heap:
 PSYoungGen      total 59904K, used 12377K [0x00000000e0000000, 0x00000000e4280000, 0x0000000100000000)
  eden space 52736K, 9% used [0x00000000e0000000,0x00000000e0517550,0x00000000e3380000)
  from space 7168K, 99% used [0x00000000e3b00000,0x00000000e41ff0f0,0x00000000e4200000)
  to   space 7680K, 0% used [0x00000000e3380000,0x00000000e3380000,0x00000000e3b00000)
 ParOldGen       total 38400K, used 8668K [0x00000000a0000000, 0x00000000a2580000, 0x00000000e0000000)
  object space 38400K, 22% used [0x00000000a0000000,0x00000000a08772a0,0x00000000a2580000)
 Metaspace       used 32050K, capacity 32804K, committed 32944K, reserved 1077248K
  class space    used 4330K, capacity 4527K, committed 4528K, reserved 1048576K
GC Heap History (10 events):
Event: 18.930 GC heap before
{Heap before GC invocations=9 (full 1):
 PSYoungGen      total 39936K, used 32768K [0x00000000e0000000, 0x00000000e2e00000, 0x0000000100000000)
  eden space 32768K, 100% used [0x00000000e0000000,0x00000000e2000000,0x00000000e2000000)
  from space 7168K, 0% used [0x00000000e2000000,0x00000000e2000000,0x00000000e2700000)
  to   space 7168K, 0% used [0x00000000e2700000,0x00000000e2700000,0x00000000e2e00000)
 ParOldGen       total 38400K, used 8556K [0x00000000a0000000, 0x00000000a2580000, 0x00000000e0000000)
  object space 38400K, 22% used [0x00000000a0000000,0x00000000a085b278,0x00000000a2580000)
 Metaspace       used 23470K, capacity 24040K, committed 24112K, reserved 1071104K
  class space    used 3135K, capacity 3317K, committed 3376K, reserved 1048576K
Event: 18.955 GC heap after
Heap after GC invocations=9 (full 1):
 PSYoungGen      total 39936K, used 4513K [0x00000000e0000000, 0x00000000e3c00000, 0x0000000100000000)
  eden space 32768K, 0% used [0x00000000e0000000,0x00000000e0000000,0x00000000e2000000)
  from space 7168K, 62% used [0x00000000e2700000,0x00000000e2b685e8,0x00000000e2e00000)
  to   space 7168K, 0% used [0x00000000e2000000,0x00000000e2000000,0x00000000e2700000)
 ParOldGen       total 38400K, used 8564K [0x00000000a0000000, 0x00000000a2580000, 0x00000000e0000000)
  object space 38400K, 22% used [0x00000000a0000000,0x00000000a085d278,0x00000000a2580000)
 Metaspace       used 23470K, capacity 24040K, committed 24112K, reserved 1071104K
  class space    used 3135K, capacity 3317K, committed 3376K, reserved 1048576K
}
Event: 21.625 GC heap before
{Heap before GC invocations=10 (full 1):
 PSYoungGen      total 39936K, used 37281K [0x00000000e0000000, 0x00000000e3c00000, 0x0000000100000000)
  eden space 32768K, 100% used [0x00000000e0000000,0x00000000e2000000,0x00000000e2000000)
  from space 7168K, 62% used [0x00000000e2700000,0x00000000e2b685e8,0x00000000e2e00000)
  to   space 7168K, 0% used [0x00000000e2000000,0x00000000e2000000,0x00000000e2700000)
 ParOldGen       total 38400K, used 8564K [0x00000000a0000000, 0x00000000a2580000, 0x00000000e0000000)
  object space 38400K, 22% used [0x00000000a0000000,0x00000000a085d278,0x00000000a2580000)
 Metaspace       used 25919K, capacity 26590K, committed 26800K, reserved 1073152K
  class space    used 3563K, capacity 3713K, committed 3760K, reserved 1048576K
Event: 21.667 GC heap after
Heap after GC invocations=10 (full 1):
 PSYoungGen      total 39936K, used 5102K [0x00000000e0000000, 0x00000000e3700000, 0x0000000100000000)
  eden space 32768K, 0% used [0x00000000e0000000,0x00000000e0000000,0x00000000e2000000)
  from space 7168K, 71% used [0x00000000e2000000,0x00000000e24fb998,0x00000000e2700000)
  to   space 7168K, 0% used [0x00000000e3000000,0x00000000e3000000,0x00000000e3700000)
 ParOldGen       total 38400K, used 8572K [0x00000000a0000000, 0x00000000a2580000, 0x00000000e0000000)
  object space 38400K, 22% used [0x00000000a0000000,0x00000000a085f278,0x00000000a2580000)
 Metaspace       used 25919K, capacity 26590K, committed 26800K, reserved 1073152K
  class space    used 3563K, capacity 3713K, committed 3760K, reserved 1048576K
}
Event: 23.812 GC heap before
{Heap before GC invocations=11 (full 1):
 PSYoungGen      total 39936K, used 37870K [0x00000000e0000000, 0x00000000e3700000, 0x0000000100000000)
  eden space 32768K, 100% used [0x00000000e0000000,0x00000000e2000000,0x00000000e2000000)
  from space 7168K, 71% used [0x00000000e2000000,0x00000000e24fb998,0x00000000e2700000)
  to   space 7168K, 0% used [0x00000000e3000000,0x00000000e3000000,0x00000000e3700000)
 ParOldGen       total 38400K, used 8572K [0x00000000a0000000, 0x00000000a2580000, 0x00000000e0000000)
  object space 38400K, 22% used [0x00000000a0000000,0x00000000a085f278,0x00000000a2580000)
 Metaspace       used 28060K, capacity 28656K, committed 28976K, reserved 1075200K
  class space    used 3859K, capacity 4036K, committed 4144K, reserved 1048576K
Event: 23.836 GC heap after
Heap after GC invocations=11 (full 1):
 PSYoungGen      total 48128K, used 4949K [0x00000000e0000000, 0x00000000e3680000, 0x0000000100000000)
  eden space 41472K, 0% used [0x00000000e0000000,0x00000000e0000000,0x00000000e2880000)
  from space 6656K, 74% used [0x00000000e3000000,0x00000000e34d5580,0x00000000e3680000)
  to   space 7168K, 0% used [0x00000000e2880000,0x00000000e2880000,0x00000000e2f80000)
 ParOldGen       total 38400K, used 8644K [0x00000000a0000000, 0x00000000a2580000, 0x00000000e0000000)
  object space 38400K, 22% used [0x00000000a0000000,0x00000000a0871288,0x00000000a2580000)
 Metaspace       used 28060K, capacity 28656K, committed 28976K, reserved 1075200K
  class space    used 3859K, capacity 4036K, committed 4144K, reserved 1048576K
}
Event: 26.932 GC heap before
{Heap before GC invocations=12 (full 1):
 PSYoungGen      total 48128K, used 46421K [0x00000000e0000000, 0x00000000e3680000, 0x0000000100000000)
  eden space 41472K, 100% used [0x00000000e0000000,0x00000000e2880000,0x00000000e2880000)
  from space 6656K, 74% used [0x00000000e3000000,0x00000000e34d5580,0x00000000e3680000)
  to   space 7168K, 0% used [0x00000000e2880000,0x00000000e2880000,0x00000000e2f80000)
 ParOldGen       total 38400K, used 8644K [0x00000000a0000000, 0x00000000a2580000, 0x00000000e0000000)
  object space 38400K, 22% used [0x00000000a0000000,0x00000000a0871288,0x00000000a2580000)
 Metaspace       used 28340K, capacity 28982K, committed 29232K, reserved 1075200K
  class space    used 3864K, capacity 4037K, committed 4144K, reserved 1048576K
Event: 26.987 GC heap after
Heap after GC invocations=12 (full 1):
 PSYoungGen      total 48640K, used 4116K [0x00000000e0000000, 0x00000000e4200000, 0x0000000100000000)
  eden space 41472K, 0% used [0x00000000e0000000,0x00000000e0000000,0x00000000e2880000)
  from space 7168K, 57% used [0x00000000e2880000,0x00000000e2c85020,0x00000000e2f80000)
  to   space 7168K, 0% used [0x00000000e3b00000,0x00000000e3b00000,0x00000000e4200000)
 ParOldGen       total 38400K, used 8652K [0x00000000a0000000, 0x00000000a2580000, 0x00000000e0000000)
  object space 38400K, 22% used [0x00000000a0000000,0x00000000a0873288,0x00000000a2580000)
 Metaspace       used 28340K, capacity 28982K, committed 29232K, reserved 1075200K
  class space    used 3864K, capacity 4037K, committed 4144K, reserved 1048576K
}
Event: 32.066 GC heap before
{Heap before GC invocations=13 (full 1):
 PSYoungGen      total 48640K, used 45588K [0x00000000e0000000, 0x00000000e4200000, 0x0000000100000000)
  eden space 41472K, 100% used [0x00000000e0000000,0x00000000e2880000,0x00000000e2880000)
  from space 7168K, 57% used [0x00000000e2880000,0x00000000e2c85020,0x00000000e2f80000)
  to   space 7168K, 0% used [0x00000000e3b00000,0x00000000e3b00000,0x00000000e4200000)
 ParOldGen       total 38400K, used 8652K [0x00000000a0000000, 0x00000000a2580000, 0x00000000e0000000)
  object space 38400K, 22% used [0x00000000a0000000,0x00000000a0873288,0x00000000a2580000)
 Metaspace       used 31366K, capacity 32058K, committed 32432K, reserved 1077248K
  class space    used 4240K, capacity 4428K, committed 4528K, reserved 1048576K
Event: 32.114 GC heap after
Heap after GC invocations=13 (full 1):
 PSYoungGen      total 59904K, used 7164K [0x00000000e0000000, 0x00000000e4280000, 0x0000000100000000)
  eden space 52736K, 0% used [0x00000000e0000000,0x00000000e0000000,0x00000000e3380000)
  from space 7168K, 99% used [0x00000000e3b00000,0x00000000e41ff0f0,0x00000000e4200000)
  to   space 7680K, 0% used [0x00000000e3380000,0x00000000e3380000,0x00000000e3b00000)
 ParOldGen       total 38400K, used 8668K [0x00000000a0000000, 0x00000000a2580000, 0x00000000e0000000)
  object space 38400K, 22% used [0x00000000a0000000,0x00000000a08772a0,0x00000000a2580000)
 Metaspace       used 31366K, capacity 32058K, committed 32432K, reserved 1077248K
  class space    used 4240K, capacity 4428K, committed 4528K, reserved 1048576K
}

