# JRE version: OpenJDK Runtime Environment (8.0_76-b03) (build 1.8.0_76-release-b03)
# Java VM: OpenJDK 64-Bit Server VM (25.76-b03 mixed mode windows-amd64 compressed oops)
Heap:
 PSYoungGen      total 94208K, used 90797K [0x00000000e0000000, 0x00000000e7b80000, 0x0000000100000000)
  eden space 79872K, 95% used [0x00000000e0000000,0x00000000e4aaf998,0x00000000e4e00000)
  from space 14336K, 99% used [0x00000000e4e00000,0x00000000e5bfbe00,0x00000000e5c00000)
  to   space 17920K, 0% used [0x00000000e6a00000,0x00000000e6a00000,0x00000000e7b80000)
 ParOldGen       total 80384K, used 65352K [0x00000000a0000000, 0x00000000a4e80000, 0x00000000e0000000)
  object space 80384K, 81% used [0x00000000a0000000,0x00000000a3fd20c0,0x00000000a4e80000)
 Metaspace       used 57024K, capacity 59290K, committed 59568K, reserved 1101824K
  class space    used 7590K, capacity 8064K, committed 8112K, reserved 1048576K
GC Heap History (10 events):
Event: 177.581 GC heap before
{Heap before GC invocations=41 (full 4):
 PSYoungGen      total 73216K, used 70324K [0x00000000e0000000, 0x00000000e5180000, 0x0000000100000000)
  eden space 65024K, 100% used [0x00000000e0000000,0x00000000e3f80000,0x00000000e3f80000)
  from space 8192K, 64% used [0x00000000e4980000,0x00000000e4ead1f0,0x00000000e5180000)
  to   space 9216K, 0% used [0x00000000e3f80000,0x00000000e3f80000,0x00000000e4880000)
 ParOldGen       total 80384K, used 43635K [0x00000000a0000000, 0x00000000a4e80000, 0x00000000e0000000)
  object space 80384K, 54% used [0x00000000a0000000,0x00000000a2a9cc28,0x00000000a4e80000)
 Metaspace       used 55374K, capacity 57488K, committed 57648K, reserved 1099776K
  class space    used 7457K, capacity 7939K, committed 7984K, reserved 1048576K
Event: 177.611 GC heap after
Heap after GC invocations=41 (full 4):
 PSYoungGen      total 74240K, used 9195K [0x00000000e0000000, 0x00000000e6400000, 0x0000000100000000)
  eden space 65024K, 0% used [0x00000000e0000000,0x00000000e0000000,0x00000000e3f80000)
  from space 9216K, 99% used [0x00000000e3f80000,0x00000000e487ad80,0x00000000e4880000)
  to   space 14336K, 0% used [0x00000000e5600000,0x00000000e5600000,0x00000000e6400000)
 ParOldGen       total 80384K, used 53027K [0x00000000a0000000, 0x00000000a4e80000, 0x00000000e0000000)
  object space 80384K, 65% used [0x00000000a0000000,0x00000000a33c8f88,0x00000000a4e80000)
 Metaspace       used 55374K, capacity 57488K, committed 57648K, reserved 1099776K
  class space    used 7457K, capacity 7939K, committed 7984K, reserved 1048576K
}
Event: 186.864 GC heap before
{Heap before GC invocations=42 (full 4):
 PSYoungGen      total 74240K, used 74219K [0x00000000e0000000, 0x00000000e6400000, 0x0000000100000000)
  eden space 65024K, 100% used [0x00000000e0000000,0x00000000e3f80000,0x00000000e3f80000)
  from space 9216K, 99% used [0x00000000e3f80000,0x00000000e487ad80,0x00000000e4880000)
  to   space 14336K, 0% used [0x00000000e5600000,0x00000000e5600000,0x00000000e6400000)
 ParOldGen       total 80384K, used 53027K [0x00000000a0000000, 0x00000000a4e80000, 0x00000000e0000000)
  object space 80384K, 65% used [0x00000000a0000000,0x00000000a33c8f88,0x00000000a4e80000)
 Metaspace       used 56077K, capacity 58194K, committed 58416K, reserved 1099776K
  class space    used 7517K, capacity 7976K, committed 7984K, reserved 1048576K
Event: 186.882 GC heap after
Heap after GC invocations=42 (full 4):
 PSYoungGen      total 84992K, used 6066K [0x00000000e0000000, 0x00000000e6200000, 0x0000000100000000)
  eden space 72704K, 0% used [0x00000000e0000000,0x00000000e0000000,0x00000000e4700000)
  from space 12288K, 49% used [0x00000000e5600000,0x00000000e5becb40,0x00000000e6200000)
  to   space 13824K, 0% used [0x00000000e4700000,0x00000000e4700000,0x00000000e5480000)
 ParOldGen       total 80384K, used 62261K [0x00000000a0000000, 0x00000000a4e80000, 0x00000000e0000000)
  object space 80384K, 77% used [0x00000000a0000000,0x00000000a3ccd560,0x00000000a4e80000)
 Metaspace       used 56077K, capacity 58194K, committed 58416K, reserved 1099776K
  class space    used 7517K, capacity 7976K, committed 7984K, reserved 1048576K
}
Event: 227.433 GC heap before
{Heap before GC invocations=43 (full 4):
 PSYoungGen      total 84992K, used 78770K [0x00000000e0000000, 0x00000000e6200000, 0x0000000100000000)
  eden space 72704K, 100% used [0x00000000e0000000,0x00000000e4700000,0x00000000e4700000)
  from space 12288K, 49% used [0x00000000e5600000,0x00000000e5becb40,0x00000000e6200000)
  to   space 13824K, 0% used [0x00000000e4700000,0x00000000e4700000,0x00000000e5480000)
 ParOldGen       total 80384K, used 62261K [0x00000000a0000000, 0x00000000a4e80000, 0x00000000e0000000)
  object space 80384K, 77% used [0x00000000a0000000,0x00000000a3ccd560,0x00000000a4e80000)
 Metaspace       used 56514K, capacity 58700K, committed 59056K, reserved 1099776K
  class space    used 7558K, capacity 8011K, committed 8112K, reserved 1048576K
Event: 227.449 GC heap after
Heap after GC invocations=43 (full 4):
 PSYoungGen      total 86528K, used 8068K [0x00000000e0000000, 0x00000000e6980000, 0x0000000100000000)
  eden space 72704K, 0% used [0x00000000e0000000,0x00000000e0000000,0x00000000e4700000)
  from space 13824K, 58% used [0x00000000e4700000,0x00000000e4ee1128,0x00000000e5480000)
  to   space 13824K, 0% used [0x00000000e5c00000,0x00000000e5c00000,0x00000000e6980000)
 ParOldGen       total 80384K, used 62269K [0x00000000a0000000, 0x00000000a4e80000, 0x00000000e0000000)
  object space 80384K, 77% used [0x00000000a0000000,0x00000000a3ccf560,0x00000000a4e80000)
 Metaspace       used 56514K, capacity 58700K, committed 59056K, reserved 1099776K
  class space    used 7558K, capacity 8011K, committed 8112K, reserved 1048576K
}
Event: 228.435 GC heap before
{Heap before GC invocations=44 (full 4):
 PSYoungGen      total 86528K, used 80772K [0x00000000e0000000, 0x00000000e6980000, 0x0000000100000000)
  eden space 72704K, 100% used [0x00000000e0000000,0x00000000e4700000,0x00000000e4700000)
  from space 13824K, 58% used [0x00000000e4700000,0x00000000e4ee1128,0x00000000e5480000)
  to   space 13824K, 0% used [0x00000000e5c00000,0x00000000e5c00000,0x00000000e6980000)
 ParOldGen       total 80384K, used 62269K [0x00000000a0000000, 0x00000000a4e80000, 0x00000000e0000000)
  object space 80384K, 77% used [0x00000000a0000000,0x00000000a3ccf560,0x00000000a4e80000)
 Metaspace       used 56616K, capacity 58864K, committed 59056K, reserved 1099776K
  class space    used 7562K, capacity 8017K, committed 8112K, reserved 1048576K
Event: 228.447 GC heap after
Heap after GC invocations=44 (full 4):
 PSYoungGen      total 93696K, used 9540K [0x00000000e0000000, 0x00000000e6b80000, 0x0000000100000000)
  eden space 79872K, 0% used [0x00000000e0000000,0x00000000e0000000,0x00000000e4e00000)
  from space 13824K, 69% used [0x00000000e5c00000,0x00000000e6551108,0x00000000e6980000)
  to   space 14336K, 0% used [0x00000000e4e00000,0x00000000e4e00000,0x00000000e5c00000)
 ParOldGen       total 80384K, used 62277K [0x00000000a0000000, 0x00000000a4e80000, 0x00000000e0000000)
  object space 80384K, 77% used [0x00000000a0000000,0x00000000a3cd1560,0x00000000a4e80000)
 Metaspace       used 56616K, capacity 58864K, committed 59056K, reserved 1099776K
  class space    used 7562K, capacity 8017K, committed 8112K, reserved 1048576K
}
Event: 230.693 GC heap before
{Heap before GC invocations=45 (full 4):
 PSYoungGen      total 93696K, used 89412K [0x00000000e0000000, 0x00000000e6b80000, 0x0000000100000000)
  eden space 79872K, 100% used [0x00000000e0000000,0x00000000e4e00000,0x00000000e4e00000)
  from space 13824K, 69% used [0x00000000e5c00000,0x00000000e6551108,0x00000000e6980000)
  to   space 14336K, 0% used [0x00000000e4e00000,0x00000000e4e00000,0x00000000e5c00000)
 ParOldGen       total 80384K, used 62277K [0x00000000a0000000, 0x00000000a4e80000, 0x00000000e0000000)
  object space 80384K, 77% used [0x00000000a0000000,0x00000000a3cd1560,0x00000000a4e80000)
 Metaspace       used 56933K, capacity 59226K, committed 59312K, reserved 1099776K
  class space    used 7590K, capacity 8064K, committed 8112K, reserved 1048576K
Event: 230.726 GC heap after
Heap after GC invocations=45 (full 4):
 PSYoungGen      total 94208K, used 14319K [0x00000000e0000000, 0x00000000e7b80000, 0x0000000100000000)
  eden space 79872K, 0% used [0x00000000e0000000,0x00000000e0000000,0x00000000e4e00000)
  from space 14336K, 99% used [0x00000000e4e00000,0x00000000e5bfbe00,0x00000000e5c00000)
  to   space 17920K, 0% used [0x00000000e6a00000,0x00000000e6a00000,0x00000000e7b80000)
 ParOldGen       total 80384K, used 65352K [0x00000000a0000000, 0x00000000a4e80000, 0x00000000e0000000)
  object space 80384K, 81% used [0x00000000a0000000,0x00000000a3fd20c0,0x00000000a4e80000)
 Metaspace       used 56933K, capacity 59226K, committed 59312K, reserved 1099776K
  class space    used 7590K, capacity 8064K, committed 8112K, reserved 1048576K
}

