# JRE version: OpenJDK Runtime Environment (8.0_76-b03) (build 1.8.0_76-release-b03)
# Java VM: OpenJDK 64-Bit Server VM (25.76-b03 mixed mode windows-amd64 compressed oops)
Heap:
 PSYoungGen      total 74752K, used 16106K [0x00000000e0000000, 0x00000000e6180000, 0x0000000100000000)
  eden space 65024K, 9% used [0x00000000e0000000,0x00000000e0641ee8,0x00000000e3f80000)
  from space 9728K, 99% used [0x00000000e3f80000,0x00000000e48f8c80,0x00000000e4900000)
  to   space 11776K, 0% used [0x00000000e5600000,0x00000000e5600000,0x00000000e6180000)
 ParOldGen       total 37888K, used 18572K [0x00000000a0000000, 0x00000000a2500000, 0x00000000e0000000)
  object space 37888K, 49% used [0x00000000a0000000,0x00000000a1223060,0x00000000a2500000)
 Metaspace       used 46087K, capacity 47512K, committed 47792K, reserved 1091584K
  class space    used 6216K, capacity 6542K, committed 6576K, reserved 1048576K
GC Heap History (10 events):
Event: 18.053 GC heap before
{Heap before GC invocations=15 (full 1):
 PSYoungGen      total 58368K, used 42367K [0x00000000e0000000, 0x00000000e3f80000, 0x0000000100000000)
  eden space 51712K, 69% used [0x00000000e0000000,0x00000000e22e7d60,0x00000000e3280000)
  from space 6656K, 99% used [0x00000000e3280000,0x00000000e38f80e8,0x00000000e3900000)
  to   space 5120K, 0% used [0x00000000e3a80000,0x00000000e3a80000,0x00000000e3f80000)
 ParOldGen       total 37888K, used 12187K [0x00000000a0000000, 0x00000000a2500000, 0x00000000e0000000)
  object space 37888K, 32% used [0x00000000a0000000,0x00000000a0be6cc8,0x00000000a2500000)
 Metaspace       used 34559K, capacity 35300K, committed 35496K, reserved 1079296K
  class space    used 4647K, capacity 4861K, committed 4912K, reserved 1048576K
Event: 18.068 GC heap after
Heap after GC invocations=15 (full 1):
 PSYoungGen      total 56832K, used 5120K [0x00000000e0000000, 0x00000000e3f80000, 0x0000000100000000)
  eden space 51712K, 0% used [0x00000000e0000000,0x00000000e0000000,0x00000000e3280000)
  from space 5120K, 100% used [0x00000000e3a80000,0x00000000e3f80000,0x00000000e3f80000)
  to   space 6656K, 0% used [0x00000000e3280000,0x00000000e3280000,0x00000000e3900000)
 ParOldGen       total 37888K, used 15231K [0x00000000a0000000, 0x00000000a2500000, 0x00000000e0000000)
  object space 37888K, 40% used [0x00000000a0000000,0x00000000a0edfd60,0x00000000a2500000)
 Metaspace       used 34559K, capacity 35300K, committed 35496K, reserved 1079296K
  class space    used 4647K, capacity 4861K, committed 4912K, reserved 1048576K
}
Event: 18.068 GC heap before
{Heap before GC invocations=16 (full 2):
 PSYoungGen      total 56832K, used 5120K [0x00000000e0000000, 0x00000000e3f80000, 0x0000000100000000)
  eden space 51712K, 0% used [0x00000000e0000000,0x00000000e0000000,0x00000000e3280000)
  from space 5120K, 100% used [0x00000000e3a80000,0x00000000e3f80000,0x00000000e3f80000)
  to   space 6656K, 0% used [0x00000000e3280000,0x00000000e3280000,0x00000000e3900000)
 ParOldGen       total 37888K, used 15231K [0x00000000a0000000, 0x00000000a2500000, 0x00000000e0000000)
  object space 37888K, 40% used [0x00000000a0000000,0x00000000a0edfd60,0x00000000a2500000)
 Metaspace       used 34559K, capacity 35300K, committed 35496K, reserved 1079296K
  class space    used 4647K, capacity 4861K, committed 4912K, reserved 1048576K
Event: 18.180 GC heap after
Heap after GC invocations=16 (full 2):
 PSYoungGen      total 56832K, used 0K [0x00000000e0000000, 0x00000000e3f80000, 0x0000000100000000)
  eden space 51712K, 0% used [0x00000000e0000000,0x00000000e0000000,0x00000000e3280000)
  from space 5120K, 0% used [0x00000000e3a80000,0x00000000e3a80000,0x00000000e3f80000)
  to   space 6656K, 0% used [0x00000000e3280000,0x00000000e3280000,0x00000000e3900000)
 ParOldGen       total 37888K, used 15643K [0x00000000a0000000, 0x00000000a2500000, 0x00000000e0000000)
  object space 37888K, 41% used [0x00000000a0000000,0x00000000a0f46cf0,0x00000000a2500000)
 Metaspace       used 34559K, capacity 35300K, committed 35496K, reserved 1079296K
  class space    used 4647K, capacity 4861K, committed 4912K, reserved 1048576K
}
Event: 19.671 GC heap before
{Heap before GC invocations=17 (full 2):
 PSYoungGen      total 56832K, used 51712K [0x00000000e0000000, 0x00000000e3f80000, 0x0000000100000000)
  eden space 51712K, 100% used [0x00000000e0000000,0x00000000e3280000,0x00000000e3280000)
  from space 5120K, 0% used [0x00000000e3a80000,0x00000000e3a80000,0x00000000e3f80000)
  to   space 6656K, 0% used [0x00000000e3280000,0x00000000e3280000,0x00000000e3900000)
 ParOldGen       total 37888K, used 15643K [0x00000000a0000000, 0x00000000a2500000, 0x00000000e0000000)
  object space 37888K, 41% used [0x00000000a0000000,0x00000000a0f46cf0,0x00000000a2500000)
 Metaspace       used 36968K, capacity 37804K, committed 38064K, reserved 1081344K
  class space    used 4990K, capacity 5202K, committed 5296K, reserved 1048576K
Event: 19.679 GC heap after
Heap after GC invocations=17 (full 2):
 PSYoungGen      total 58368K, used 5865K [0x00000000e0000000, 0x00000000e5280000, 0x0000000100000000)
  eden space 51712K, 0% used [0x00000000e0000000,0x00000000e0000000,0x00000000e3280000)
  from space 6656K, 88% used [0x00000000e3280000,0x00000000e383a7e8,0x00000000e3900000)
  to   space 9216K, 0% used [0x00000000e4980000,0x00000000e4980000,0x00000000e5280000)
 ParOldGen       total 37888K, used 15651K [0x00000000a0000000, 0x00000000a2500000, 0x00000000e0000000)
  object space 37888K, 41% used [0x00000000a0000000,0x00000000a0f48cf0,0x00000000a2500000)
 Metaspace       used 36968K, capacity 37804K, committed 38064K, reserved 1081344K
  class space    used 4990K, capacity 5202K, committed 5296K, reserved 1048576K
}
Event: 21.960 GC heap before
{Heap before GC invocations=18 (full 2):
 PSYoungGen      total 58368K, used 57577K [0x00000000e0000000, 0x00000000e5280000, 0x0000000100000000)
  eden space 51712K, 100% used [0x00000000e0000000,0x00000000e3280000,0x00000000e3280000)
  from space 6656K, 88% used [0x00000000e3280000,0x00000000e383a7e8,0x00000000e3900000)
  to   space 9216K, 0% used [0x00000000e4980000,0x00000000e4980000,0x00000000e5280000)
 ParOldGen       total 37888K, used 15651K [0x00000000a0000000, 0x00000000a2500000, 0x00000000e0000000)
  object space 37888K, 41% used [0x00000000a0000000,0x00000000a0f48cf0,0x00000000a2500000)
 Metaspace       used 42999K, capacity 44028K, committed 44208K, reserved 1087488K
  class space    used 5750K, capacity 6010K, committed 6064K, reserved 1048576K
Event: 21.970 GC heap after
Heap after GC invocations=18 (full 2):
 PSYoungGen      total 74240K, used 7884K [0x00000000e0000000, 0x00000000e5280000, 0x0000000100000000)
  eden space 65024K, 0% used [0x00000000e0000000,0x00000000e0000000,0x00000000e3f80000)
  from space 9216K, 85% used [0x00000000e4980000,0x00000000e5133238,0x00000000e5280000)
  to   space 9728K, 0% used [0x00000000e3f80000,0x00000000e3f80000,0x00000000e4900000)
 ParOldGen       total 37888K, used 15723K [0x00000000a0000000, 0x00000000a2500000, 0x00000000e0000000)
  object space 37888K, 41% used [0x00000000a0000000,0x00000000a0f5ad00,0x00000000a2500000)
 Metaspace       used 42999K, capacity 44028K, committed 44208K, reserved 1087488K
  class space    used 5750K, capacity 6010K, committed 6064K, reserved 1048576K
}
Event: 23.878 GC heap before
{Heap before GC invocations=19 (full 2):
 PSYoungGen      total 74240K, used 72908K [0x00000000e0000000, 0x00000000e5280000, 0x0000000100000000)
  eden space 65024K, 100% used [0x00000000e0000000,0x00000000e3f80000,0x00000000e3f80000)
  from space 9216K, 85% used [0x00000000e4980000,0x00000000e5133238,0x00000000e5280000)
  to   space 9728K, 0% used [0x00000000e3f80000,0x00000000e3f80000,0x00000000e4900000)
 ParOldGen       total 37888K, used 15723K [0x00000000a0000000, 0x00000000a2500000, 0x00000000e0000000)
  object space 37888K, 41% used [0x00000000a0000000,0x00000000a0f5ad00,0x00000000a2500000)
 Metaspace       used 45633K, capacity 46876K, committed 47152K, reserved 1089536K
  class space    used 6170K, capacity 6404K, committed 6448K, reserved 1048576K
Event: 23.895 GC heap after
Heap after GC invocations=19 (full 2):
 PSYoungGen      total 74752K, used 9699K [0x00000000e0000000, 0x00000000e6180000, 0x0000000100000000)
  eden space 65024K, 0% used [0x00000000e0000000,0x00000000e0000000,0x00000000e3f80000)
  from space 9728K, 99% used [0x00000000e3f80000,0x00000000e48f8c80,0x00000000e4900000)
  to   space 11776K, 0% used [0x00000000e5600000,0x00000000e5600000,0x00000000e6180000)
 ParOldGen       total 37888K, used 18572K [0x00000000a0000000, 0x00000000a2500000, 0x00000000e0000000)
  object space 37888K, 49% used [0x00000000a0000000,0x00000000a1223060,0x00000000a2500000)
 Metaspace       used 45633K, capacity 46876K, committed 47152K, reserved 1089536K
  class space    used 6170K, capacity 6404K, committed 6448K, reserved 1048576K
}

