# JRE version: OpenJDK Runtime Environment (8.0_76-b03) (build 1.8.0_76-release-b03)
# Java VM: OpenJDK 64-Bit Server VM (25.76-b03 mixed mode windows-amd64 compressed oops)
Heap:
 PSYoungGen      total 365056K, used 169267K [0x00000000e0000000, 0x00000000fab80000, 0x0000000100000000)
  eden space 306688K, 55% used [0x00000000e0000000,0x00000000ea54cee8,0x00000000f2b80000)
  from space 58368K, 0% used [0x00000000f6880000,0x00000000f6880000,0x00000000fa180000)
  to   space 62464K, 0% used [0x00000000f2b80000,0x00000000f2b80000,0x00000000f6880000)
 ParOldGen       total 178688K, used 158625K [0x00000000a0000000, 0x00000000aae80000, 0x00000000e0000000)
  object space 178688K, 88% used [0x00000000a0000000,0x00000000a9ae8520,0x00000000aae80000)
 Metaspace       used 70059K, capacity 73632K, committed 73904K, reserved 1114112K
  class space    used 9051K, capacity 9779K, committed 9904K, reserved 1048576K
GC Heap History (10 events):
Event: 707.945 GC heap before
{Heap before GC invocations=34 (full 6):
 PSYoungGen      total 369152K, used 369131K [0x00000000e0000000, 0x00000000fab80000, 0x0000000100000000)
  eden space 306688K, 100% used [0x00000000e0000000,0x00000000f2b80000,0x00000000f2b80000)
  from space 62464K, 99% used [0x00000000f2b80000,0x00000000f687af38,0x00000000f6880000)
  to   space 58368K, 0% used [0x00000000f6880000,0x00000000f6880000,0x00000000fa180000)
 ParOldGen       total 178688K, used 115789K [0x00000000a0000000, 0x00000000aae80000, 0x00000000e0000000)
  object space 178688K, 64% used [0x00000000a0000000,0x00000000a7113670,0x00000000aae80000)
 Metaspace       used 70031K, capacity 73568K, committed 73904K, reserved 1114112K
  class space    used 9050K, capacity 9779K, committed 9904K, reserved 1048576K
Event: 708.101 GC heap after
Heap after GC invocations=34 (full 6):
 PSYoungGen      total 365056K, used 38988K [0x00000000e0000000, 0x00000000fab80000, 0x0000000100000000)
  eden space 306688K, 0% used [0x00000000e0000000,0x00000000e0000000,0x00000000f2b80000)
  from space 58368K, 66% used [0x00000000f6880000,0x00000000f8e93280,0x00000000fa180000)
  to   space 62464K, 0% used [0x00000000f2b80000,0x00000000f2b80000,0x00000000f6880000)
 ParOldGen       total 178688K, used 155454K [0x00000000a0000000, 0x00000000aae80000, 0x00000000e0000000)
  object space 178688K, 86% used [0x00000000a0000000,0x00000000a97cf9d0,0x00000000aae80000)
 Metaspace       used 70031K, capacity 73568K, committed 73904K, reserved 1114112K
  class space    used 9050K, capacity 9779K, committed 9904K, reserved 1048576K
}
Event: 708.101 GC heap before
{Heap before GC invocations=35 (full 7):
 PSYoungGen      total 365056K, used 38988K [0x00000000e0000000, 0x00000000fab80000, 0x0000000100000000)
  eden space 306688K, 0% used [0x00000000e0000000,0x00000000e0000000,0x00000000f2b80000)
  from space 58368K, 66% used [0x00000000f6880000,0x00000000f8e93280,0x00000000fa180000)
  to   space 62464K, 0% used [0x00000000f2b80000,0x00000000f2b80000,0x00000000f6880000)
 ParOldGen       total 178688K, used 155454K [0x00000000a0000000, 0x00000000aae80000, 0x00000000e0000000)
  object space 178688K, 86% used [0x00000000a0000000,0x00000000a97cf9d0,0x00000000aae80000)
 Metaspace       used 70031K, capacity 73568K, committed 73904K, reserved 1114112K
  class space    used 9050K, capacity 9779K, committed 9904K, reserved 1048576K
Event: 708.982 GC heap after
Heap after GC invocations=35 (full 7):
 PSYoungGen      total 365056K, used 0K [0x00000000e0000000, 0x00000000fab80000, 0x0000000100000000)
  eden space 306688K, 0% used [0x00000000e0000000,0x00000000e0000000,0x00000000f2b80000)
  from space 58368K, 0% used [0x00000000f6880000,0x00000000f6880000,0x00000000fa180000)
  to   space 62464K, 0% used [0x00000000f2b80000,0x00000000f2b80000,0x00000000f6880000)
 ParOldGen       total 178688K, used 137268K [0x00000000a0000000, 0x00000000aae80000, 0x00000000e0000000)
  object space 178688K, 76% used [0x00000000a0000000,0x00000000a860d3c0,0x00000000aae80000)
 Metaspace       used 70031K, capacity 73568K, committed 73904K, reserved 1114112K
  class space    used 9050K, capacity 9779K, committed 9904K, reserved 1048576K
}
Event: 710.557 GC heap before
{Heap before GC invocations=36 (full 7):
 PSYoungGen      total 365056K, used 306688K [0x00000000e0000000, 0x00000000fab80000, 0x0000000100000000)
  eden space 306688K, 100% used [0x00000000e0000000,0x00000000f2b80000,0x00000000f2b80000)
  from space 58368K, 0% used [0x00000000f6880000,0x00000000f6880000,0x00000000fa180000)
  to   space 62464K, 0% used [0x00000000f2b80000,0x00000000f2b80000,0x00000000f6880000)
 ParOldGen       total 178688K, used 137268K [0x00000000a0000000, 0x00000000aae80000, 0x00000000e0000000)
  object space 178688K, 76% used [0x00000000a0000000,0x00000000a860d3c0,0x00000000aae80000)
 Metaspace       used 70053K, capacity 73632K, committed 73904K, reserved 1114112K
  class space    used 9051K, capacity 9779K, committed 9904K, reserved 1048576K
Event: 710.619 GC heap after
Heap after GC invocations=36 (full 7):
 PSYoungGen      total 369152K, used 36419K [0x00000000e0000000, 0x00000000fab80000, 0x0000000100000000)
  eden space 306688K, 0% used [0x00000000e0000000,0x00000000e0000000,0x00000000f2b80000)
  from space 62464K, 58% used [0x00000000f2b80000,0x00000000f4f10cf8,0x00000000f6880000)
  to   space 58368K, 0% used [0x00000000f6880000,0x00000000f6880000,0x00000000fa180000)
 ParOldGen       total 178688K, used 137276K [0x00000000a0000000, 0x00000000aae80000, 0x00000000e0000000)
  object space 178688K, 76% used [0x00000000a0000000,0x00000000a860f3c0,0x00000000aae80000)
 Metaspace       used 70053K, capacity 73632K, committed 73904K, reserved 1114112K
  class space    used 9051K, capacity 9779K, committed 9904K, reserved 1048576K
}
Event: 711.597 GC heap before
{Heap before GC invocations=37 (full 7):
 PSYoungGen      total 369152K, used 343107K [0x00000000e0000000, 0x00000000fab80000, 0x0000000100000000)
  eden space 306688K, 100% used [0x00000000e0000000,0x00000000f2b80000,0x00000000f2b80000)
  from space 62464K, 58% used [0x00000000f2b80000,0x00000000f4f10cf8,0x00000000f6880000)
  to   space 58368K, 0% used [0x00000000f6880000,0x00000000f6880000,0x00000000fa180000)
 ParOldGen       total 178688K, used 137276K [0x00000000a0000000, 0x00000000aae80000, 0x00000000e0000000)
  object space 178688K, 76% used [0x00000000a0000000,0x00000000a860f3c0,0x00000000aae80000)
 Metaspace       used 70053K, capacity 73632K, committed 73904K, reserved 1114112K
  class space    used 9051K, capacity 9779K, committed 9904K, reserved 1048576K
Event: 711.756 GC heap after
Heap after GC invocations=37 (full 7):
 PSYoungGen      total 365056K, used 46704K [0x00000000e0000000, 0x00000000fab80000, 0x0000000100000000)
  eden space 306688K, 0% used [0x00000000e0000000,0x00000000e0000000,0x00000000f2b80000)
  from space 58368K, 80% used [0x00000000f6880000,0x00000000f961c058,0x00000000fa180000)
  to   space 62464K, 0% used [0x00000000f2b80000,0x00000000f2b80000,0x00000000f6880000)
 ParOldGen       total 178688K, used 171982K [0x00000000a0000000, 0x00000000aae80000, 0x00000000e0000000)
  object space 178688K, 96% used [0x00000000a0000000,0x00000000aa7f39b8,0x00000000aae80000)
 Metaspace       used 70053K, capacity 73632K, committed 73904K, reserved 1114112K
  class space    used 9051K, capacity 9779K, committed 9904K, reserved 1048576K
}
Event: 711.756 GC heap before
{Heap before GC invocations=38 (full 8):
 PSYoungGen      total 365056K, used 46704K [0x00000000e0000000, 0x00000000fab80000, 0x0000000100000000)
  eden space 306688K, 0% used [0x00000000e0000000,0x00000000e0000000,0x00000000f2b80000)
  from space 58368K, 80% used [0x00000000f6880000,0x00000000f961c058,0x00000000fa180000)
  to   space 62464K, 0% used [0x00000000f2b80000,0x00000000f2b80000,0x00000000f6880000)
 ParOldGen       total 178688K, used 171982K [0x00000000a0000000, 0x00000000aae80000, 0x00000000e0000000)
  object space 178688K, 96% used [0x00000000a0000000,0x00000000aa7f39b8,0x00000000aae80000)
 Metaspace       used 70053K, capacity 73632K, committed 73904K, reserved 1114112K
  class space    used 9051K, capacity 9779K, committed 9904K, reserved 1048576K
Event: 712.731 GC heap after
Heap after GC invocations=38 (full 8):
 PSYoungGen      total 365056K, used 0K [0x00000000e0000000, 0x00000000fab80000, 0x0000000100000000)
  eden space 306688K, 0% used [0x00000000e0000000,0x00000000e0000000,0x00000000f2b80000)
  from space 58368K, 0% used [0x00000000f6880000,0x00000000f6880000,0x00000000fa180000)
  to   space 62464K, 0% used [0x00000000f2b80000,0x00000000f2b80000,0x00000000f6880000)
 ParOldGen       total 178688K, used 158625K [0x00000000a0000000, 0x00000000aae80000, 0x00000000e0000000)
  object space 178688K, 88% used [0x00000000a0000000,0x00000000a9ae8520,0x00000000aae80000)
 Metaspace       used 70053K, capacity 73632K, committed 73904K, reserved 1114112K
  class space    used 9051K, capacity 9779K, committed 9904K, reserved 1048576K
}

