# JRE version: OpenJDK Runtime Environment (8.0_76-b03) (build 1.8.0_76-release-b03)
# Java VM: OpenJDK 64-Bit Server VM (25.76-b03 mixed mode windows-amd64 compressed oops)
Heap:
 PSYoungGen      total 86528K, used 18410K [0x00000000e0000000, 0x00000000e7a80000, 0x0000000100000000)
  eden space 77312K, 11% used [0x00000000e0000000,0x00000000e0901bb8,0x00000000e4b80000)
  from space 9216K, 99% used [0x00000000e5780000,0x00000000e6078c80,0x00000000e6080000)
  to   space 12288K, 0% used [0x00000000e4b80000,0x00000000e4b80000,0x00000000e5780000)
 ParOldGen       total 56320K, used 19452K [0x00000000a0000000, 0x00000000a3700000, 0x00000000e0000000)
  object space 56320K, 34% used [0x00000000a0000000,0x00000000a12ff100,0x00000000a3700000)
 Metaspace       used 45507K, capacity 46712K, committed 46896K, reserved 1089536K
  class space    used 6150K, capacity 6396K, committed 6448K, reserved 1048576K
GC Heap History (10 events):
Event: 7.346 GC heap before
{Heap before GC invocations=12 (full 1):
 PSYoungGen      total 71168K, used 68411K [0x00000000e0000000, 0x00000000e5e00000, 0x0000000100000000)
  eden space 63488K, 100% used [0x00000000e0000000,0x00000000e3e00000,0x00000000e3e00000)
  from space 7680K, 64% used [0x00000000e4580000,0x00000000e4a4efa8,0x00000000e4d00000)
  to   space 7680K, 0% used [0x00000000e3e00000,0x00000000e3e00000,0x00000000e4580000)
 ParOldGen       total 36864K, used 8640K [0x00000000a0000000, 0x00000000a2400000, 0x00000000e0000000)
  object space 36864K, 23% used [0x00000000a0000000,0x00000000a0870028,0x00000000a2400000)
 Metaspace       used 32905K, capacity 33728K, committed 33968K, reserved 1079296K
  class space    used 4431K, capacity 4663K, committed 4784K, reserved 1048576K
Event: 7.363 GC heap after
Heap after GC invocations=12 (full 1):
 PSYoungGen      total 71168K, used 7662K [0x00000000e0000000, 0x00000000e6080000, 0x0000000100000000)
  eden space 63488K, 0% used [0x00000000e0000000,0x00000000e0000000,0x00000000e3e00000)
  from space 7680K, 99% used [0x00000000e3e00000,0x00000000e457b950,0x00000000e4580000)
  to   space 9216K, 0% used [0x00000000e5780000,0x00000000e5780000,0x00000000e6080000)
 ParOldGen       total 36864K, used 10180K [0x00000000a0000000, 0x00000000a2400000, 0x00000000e0000000)
  object space 36864K, 27% used [0x00000000a0000000,0x00000000a09f1250,0x00000000a2400000)
 Metaspace       used 32905K, capacity 33728K, committed 33968K, reserved 1079296K
  class space    used 4431K, capacity 4663K, committed 4784K, reserved 1048576K
}
Event: 7.789 GC heap before
{Heap before GC invocations=13 (full 1):
 PSYoungGen      total 71168K, used 38624K [0x00000000e0000000, 0x00000000e6080000, 0x0000000100000000)
  eden space 63488K, 48% used [0x00000000e0000000,0x00000000e1e3ca88,0x00000000e3e00000)
  from space 7680K, 99% used [0x00000000e3e00000,0x00000000e457b950,0x00000000e4580000)
  to   space 9216K, 0% used [0x00000000e5780000,0x00000000e5780000,0x00000000e6080000)
 ParOldGen       total 36864K, used 10180K [0x00000000a0000000, 0x00000000a2400000, 0x00000000e0000000)
  object space 36864K, 27% used [0x00000000a0000000,0x00000000a09f1250,0x00000000a2400000)
 Metaspace       used 34561K, capacity 35268K, committed 35496K, reserved 1079296K
  class space    used 4642K, capacity 4829K, committed 4912K, reserved 1048576K
Event: 7.810 GC heap after
Heap after GC invocations=13 (full 1):
 PSYoungGen      total 89088K, used 8028K [0x00000000e0000000, 0x00000000e6480000, 0x0000000100000000)
  eden space 79872K, 0% used [0x00000000e0000000,0x00000000e0000000,0x00000000e4e00000)
  from space 9216K, 87% used [0x00000000e5780000,0x00000000e5f57318,0x00000000e6080000)
  to   space 9728K, 0% used [0x00000000e4e00000,0x00000000e4e00000,0x00000000e5780000)
 ParOldGen       total 36864K, used 10188K [0x00000000a0000000, 0x00000000a2400000, 0x00000000e0000000)
  object space 36864K, 27% used [0x00000000a0000000,0x00000000a09f3250,0x00000000a2400000)
 Metaspace       used 34561K, capacity 35268K, committed 35496K, reserved 1079296K
  class space    used 4642K, capacity 4829K, committed 4912K, reserved 1048576K
}
Event: 7.810 GC heap before
{Heap before GC invocations=14 (full 2):
 PSYoungGen      total 89088K, used 8028K [0x00000000e0000000, 0x00000000e6480000, 0x0000000100000000)
  eden space 79872K, 0% used [0x00000000e0000000,0x00000000e0000000,0x00000000e4e00000)
  from space 9216K, 87% used [0x00000000e5780000,0x00000000e5f57318,0x00000000e6080000)
  to   space 9728K, 0% used [0x00000000e4e00000,0x00000000e4e00000,0x00000000e5780000)
 ParOldGen       total 36864K, used 10188K [0x00000000a0000000, 0x00000000a2400000, 0x00000000e0000000)
  object space 36864K, 27% used [0x00000000a0000000,0x00000000a09f3250,0x00000000a2400000)
 Metaspace       used 34561K, capacity 35268K, committed 35496K, reserved 1079296K
  class space    used 4642K, capacity 4829K, committed 4912K, reserved 1048576K
Event: 7.928 GC heap after
Heap after GC invocations=14 (full 2):
 PSYoungGen      total 89088K, used 0K [0x00000000e0000000, 0x00000000e6480000, 0x0000000100000000)
  eden space 79872K, 0% used [0x00000000e0000000,0x00000000e0000000,0x00000000e4e00000)
  from space 9216K, 0% used [0x00000000e5780000,0x00000000e5780000,0x00000000e6080000)
  to   space 9728K, 0% used [0x00000000e4e00000,0x00000000e4e00000,0x00000000e5780000)
 ParOldGen       total 56320K, used 15685K [0x00000000a0000000, 0x00000000a3700000, 0x00000000e0000000)
  object space 56320K, 27% used [0x00000000a0000000,0x00000000a0f515b0,0x00000000a3700000)
 Metaspace       used 34561K, capacity 35268K, committed 35496K, reserved 1079296K
  class space    used 4642K, capacity 4829K, committed 4912K, reserved 1048576K
}
Event: 9.802 GC heap before
{Heap before GC invocations=15 (full 2):
 PSYoungGen      total 89088K, used 79872K [0x00000000e0000000, 0x00000000e6480000, 0x0000000100000000)
  eden space 79872K, 100% used [0x00000000e0000000,0x00000000e4e00000,0x00000000e4e00000)
  from space 9216K, 0% used [0x00000000e5780000,0x00000000e5780000,0x00000000e6080000)
  to   space 9728K, 0% used [0x00000000e4e00000,0x00000000e4e00000,0x00000000e5780000)
 ParOldGen       total 56320K, used 15685K [0x00000000a0000000, 0x00000000a3700000, 0x00000000e0000000)
  object space 56320K, 27% used [0x00000000a0000000,0x00000000a0f515b0,0x00000000a3700000)
 Metaspace       used 41606K, capacity 42526K, committed 42672K, reserved 1085440K
  class space    used 5574K, capacity 5795K, committed 5808K, reserved 1048576K
Event: 9.812 GC heap after
Heap after GC invocations=15 (full 2):
 PSYoungGen      total 89600K, used 7457K [0x00000000e0000000, 0x00000000e6480000, 0x0000000100000000)
  eden space 79872K, 0% used [0x00000000e0000000,0x00000000e0000000,0x00000000e4e00000)
  from space 9728K, 76% used [0x00000000e4e00000,0x00000000e5548418,0x00000000e5780000)
  to   space 9216K, 0% used [0x00000000e5780000,0x00000000e5780000,0x00000000e6080000)
 ParOldGen       total 56320K, used 15757K [0x00000000a0000000, 0x00000000a3700000, 0x00000000e0000000)
  object space 56320K, 27% used [0x00000000a0000000,0x00000000a0f635c0,0x00000000a3700000)
 Metaspace       used 41606K, capacity 42526K, committed 42672K, reserved 1085440K
  class space    used 5574K, capacity 5795K, committed 5808K, reserved 1048576K
}
Event: 11.266 GC heap before
{Heap before GC invocations=16 (full 2):
 PSYoungGen      total 89600K, used 87329K [0x00000000e0000000, 0x00000000e6480000, 0x0000000100000000)
  eden space 79872K, 100% used [0x00000000e0000000,0x00000000e4e00000,0x00000000e4e00000)
  from space 9728K, 76% used [0x00000000e4e00000,0x00000000e5548418,0x00000000e5780000)
  to   space 9216K, 0% used [0x00000000e5780000,0x00000000e5780000,0x00000000e6080000)
 ParOldGen       total 56320K, used 15757K [0x00000000a0000000, 0x00000000a3700000, 0x00000000e0000000)
  object space 56320K, 27% used [0x00000000a0000000,0x00000000a0f635c0,0x00000000a3700000)
 Metaspace       used 45159K, capacity 46350K, committed 46640K, reserved 1089536K
  class space    used 6090K, capacity 6361K, committed 6448K, reserved 1048576K
Event: 11.293 GC heap after
Heap after GC invocations=16 (full 2):
 PSYoungGen      total 86528K, used 9187K [0x00000000e0000000, 0x00000000e7a80000, 0x0000000100000000)
  eden space 77312K, 0% used [0x00000000e0000000,0x00000000e0000000,0x00000000e4b80000)
  from space 9216K, 99% used [0x00000000e5780000,0x00000000e6078c80,0x00000000e6080000)
  to   space 12288K, 0% used [0x00000000e4b80000,0x00000000e4b80000,0x00000000e5780000)
 ParOldGen       total 56320K, used 19452K [0x00000000a0000000, 0x00000000a3700000, 0x00000000e0000000)
  object space 56320K, 34% used [0x00000000a0000000,0x00000000a12ff100,0x00000000a3700000)
 Metaspace       used 45159K, capacity 46350K, committed 46640K, reserved 1089536K
  class space    used 6090K, capacity 6361K, committed 6448K, reserved 1048576K
}

