# JRE version: OpenJDK Runtime Environment (8.0_76-b03) (build 1.8.0_76-release-b03)
# Java VM: OpenJDK 64-Bit Server VM (25.76-b03 mixed mode windows-amd64 compressed oops)
Heap:
 PSYoungGen      total 42496K, used 3024K [0x00000000e0000000, 0x00000000e3480000, 0x0000000100000000)
  eden space 36352K, 8% used [0x00000000e0000000,0x00000000e02f4288,0x00000000e2380000)
  from space 6144K, 0% used [0x00000000e2b00000,0x00000000e2b00000,0x00000000e3100000)
  to   space 7680K, 0% used [0x00000000e2380000,0x00000000e2380000,0x00000000e2b00000)
 ParOldGen       total 36864K, used 15244K [0x00000000a0000000, 0x00000000a2400000, 0x00000000e0000000)
  object space 36864K, 41% used [0x00000000a0000000,0x00000000a0ee3390,0x00000000a2400000)
 Metaspace       used 34670K, capacity 35372K, committed 35632K, reserved 1079296K
  class space    used 4667K, capacity 4851K, committed 4912K, reserved 1048576K
GC Heap History (10 events):
Event: 17.215 GC heap before
{Heap before GC invocations=13 (full 1):
 PSYoungGen      total 28160K, used 25171K [0x00000000e0000000, 0x00000000e2700000, 0x0000000100000000)
  eden space 20992K, 100% used [0x00000000e0000000,0x00000000e1480000,0x00000000e1480000)
  from space 7168K, 58% used [0x00000000e1480000,0x00000000e1894e48,0x00000000e1b80000)
  to   space 6656K, 0% used [0x00000000e2080000,0x00000000e2080000,0x00000000e2700000)
 ParOldGen       total 36864K, used 8140K [0x00000000a0000000, 0x00000000a2400000, 0x00000000e0000000)
  object space 36864K, 22% used [0x00000000a0000000,0x00000000a07f3160,0x00000000a2400000)
 Metaspace       used 26730K, capacity 27290K, committed 27440K, reserved 1073152K
  class space    used 3691K, capacity 3867K, committed 3888K, reserved 1048576K
Event: 17.223 GC heap after
Heap after GC invocations=13 (full 1):
 PSYoungGen      total 33280K, used 4575K [0x00000000e0000000, 0x00000000e2700000, 0x0000000100000000)
  eden space 26624K, 0% used [0x00000000e0000000,0x00000000e0000000,0x00000000e1a00000)
  from space 6656K, 68% used [0x00000000e2080000,0x00000000e24f7c00,0x00000000e2700000)
  to   space 6656K, 0% used [0x00000000e1a00000,0x00000000e1a00000,0x00000000e2080000)
 ParOldGen       total 36864K, used 8148K [0x00000000a0000000, 0x00000000a2400000, 0x00000000e0000000)
  object space 36864K, 22% used [0x00000000a0000000,0x00000000a07f5160,0x00000000a2400000)
 Metaspace       used 26730K, capacity 27290K, committed 27440K, reserved 1073152K
  class space    used 3691K, capacity 3867K, committed 3888K, reserved 1048576K
}
Event: 18.789 GC heap before
{Heap before GC invocations=14 (full 1):
 PSYoungGen      total 33280K, used 31199K [0x00000000e0000000, 0x00000000e2700000, 0x0000000100000000)
  eden space 26624K, 100% used [0x00000000e0000000,0x00000000e1a00000,0x00000000e1a00000)
  from space 6656K, 68% used [0x00000000e2080000,0x00000000e24f7c00,0x00000000e2700000)
  to   space 6656K, 0% used [0x00000000e1a00000,0x00000000e1a00000,0x00000000e2080000)
 ParOldGen       total 36864K, used 8148K [0x00000000a0000000, 0x00000000a2400000, 0x00000000e0000000)
  object space 36864K, 22% used [0x00000000a0000000,0x00000000a07f5160,0x00000000a2400000)
 Metaspace       used 28004K, capacity 28562K, committed 28720K, reserved 1073152K
  class space    used 3851K, capacity 4031K, committed 4144K, reserved 1048576K
Event: 18.796 GC heap after
Heap after GC invocations=14 (full 1):
 PSYoungGen      total 33280K, used 4120K [0x00000000e0000000, 0x00000000e2d80000, 0x0000000100000000)
  eden space 26624K, 0% used [0x00000000e0000000,0x00000000e0000000,0x00000000e1a00000)
  from space 6656K, 61% used [0x00000000e1a00000,0x00000000e1e06000,0x00000000e2080000)
  to   space 6656K, 0% used [0x00000000e2700000,0x00000000e2700000,0x00000000e2d80000)
 ParOldGen       total 36864K, used 8156K [0x00000000a0000000, 0x00000000a2400000, 0x00000000e0000000)
  object space 36864K, 22% used [0x00000000a0000000,0x00000000a07f7160,0x00000000a2400000)
 Metaspace       used 28004K, capacity 28562K, committed 28720K, reserved 1073152K
  class space    used 3851K, capacity 4031K, committed 4144K, reserved 1048576K
}
Event: 20.782 GC heap before
{Heap before GC invocations=15 (full 1):
 PSYoungGen      total 33280K, used 30744K [0x00000000e0000000, 0x00000000e2d80000, 0x0000000100000000)
  eden space 26624K, 100% used [0x00000000e0000000,0x00000000e1a00000,0x00000000e1a00000)
  from space 6656K, 61% used [0x00000000e1a00000,0x00000000e1e06000,0x00000000e2080000)
  to   space 6656K, 0% used [0x00000000e2700000,0x00000000e2700000,0x00000000e2d80000)
 ParOldGen       total 36864K, used 8156K [0x00000000a0000000, 0x00000000a2400000, 0x00000000e0000000)
  object space 36864K, 22% used [0x00000000a0000000,0x00000000a07f7160,0x00000000a2400000)
 Metaspace       used 28169K, capacity 28754K, committed 28976K, reserved 1075200K
  class space    used 3854K, capacity 4031K, committed 4144K, reserved 1048576K
Event: 20.789 GC heap after
Heap after GC invocations=15 (full 1):
 PSYoungGen      total 37888K, used 4384K [0x00000000e0000000, 0x00000000e2c80000, 0x0000000100000000)
  eden space 32256K, 0% used [0x00000000e0000000,0x00000000e0000000,0x00000000e1f80000)
  from space 5632K, 77% used [0x00000000e2700000,0x00000000e2b48010,0x00000000e2c80000)
  to   space 6656K, 0% used [0x00000000e1f80000,0x00000000e1f80000,0x00000000e2600000)
 ParOldGen       total 36864K, used 8236K [0x00000000a0000000, 0x00000000a2400000, 0x00000000e0000000)
  object space 36864K, 22% used [0x00000000a0000000,0x00000000a080b188,0x00000000a2400000)
 Metaspace       used 28169K, capacity 28754K, committed 28976K, reserved 1075200K
  class space    used 3854K, capacity 4031K, committed 4144K, reserved 1048576K
}
Event: 27.139 GC heap before
{Heap before GC invocations=16 (full 1):
 PSYoungGen      total 37888K, used 36640K [0x00000000e0000000, 0x00000000e2c80000, 0x0000000100000000)
  eden space 32256K, 100% used [0x00000000e0000000,0x00000000e1f80000,0x00000000e1f80000)
  from space 5632K, 77% used [0x00000000e2700000,0x00000000e2b48010,0x00000000e2c80000)
  to   space 6656K, 0% used [0x00000000e1f80000,0x00000000e1f80000,0x00000000e2600000)
 ParOldGen       total 36864K, used 8236K [0x00000000a0000000, 0x00000000a2400000, 0x00000000e0000000)
  object space 36864K, 22% used [0x00000000a0000000,0x00000000a080b188,0x00000000a2400000)
 Metaspace       used 28749K, capacity 29352K, committed 29488K, reserved 1075200K
  class space    used 3916K, capacity 4101K, committed 4144K, reserved 1048576K
Event: 27.145 GC heap after
Heap after GC invocations=16 (full 1):
 PSYoungGen      total 38912K, used 4544K [0x00000000e0000000, 0x00000000e3100000, 0x0000000100000000)
  eden space 32256K, 0% used [0x00000000e0000000,0x00000000e0000000,0x00000000e1f80000)
  from space 6656K, 68% used [0x00000000e1f80000,0x00000000e23f0010,0x00000000e2600000)
  to   space 6144K, 0% used [0x00000000e2b00000,0x00000000e2b00000,0x00000000e3100000)
 ParOldGen       total 36864K, used 8244K [0x00000000a0000000, 0x00000000a2400000, 0x00000000e0000000)
  object space 36864K, 22% used [0x00000000a0000000,0x00000000a080d188,0x00000000a2400000)
 Metaspace       used 28749K, capacity 29352K, committed 29488K, reserved 1075200K
  class space    used 3916K, capacity 4101K, committed 4144K, reserved 1048576K
}
Event: 28.708 GC heap before
{Heap before GC invocations=17 (full 1):
 PSYoungGen      total 38912K, used 36800K [0x00000000e0000000, 0x00000000e3100000, 0x0000000100000000)
  eden space 32256K, 100% used [0x00000000e0000000,0x00000000e1f80000,0x00000000e1f80000)
  from space 6656K, 68% used [0x00000000e1f80000,0x00000000e23f0010,0x00000000e2600000)
  to   space 6144K, 0% used [0x00000000e2b00000,0x00000000e2b00000,0x00000000e3100000)
 ParOldGen       total 36864K, used 8244K [0x00000000a0000000, 0x00000000a2400000, 0x00000000e0000000)
  object space 36864K, 22% used [0x00000000a0000000,0x00000000a080d188,0x00000000a2400000)
 Metaspace       used 32448K, capacity 33152K, committed 33328K, reserved 1077248K
  class space    used 4397K, capacity 4585K, committed 4656K, reserved 1048576K
Event: 28.720 GC heap after
Heap after GC invocations=17 (full 1):
 PSYoungGen      total 42496K, used 6139K [0x00000000e0000000, 0x00000000e3480000, 0x0000000100000000)
  eden space 36352K, 0% used [0x00000000e0000000,0x00000000e0000000,0x00000000e2380000)
  from space 6144K, 99% used [0x00000000e2b00000,0x00000000e30fef40,0x00000000e3100000)
  to   space 7680K, 0% used [0x00000000e2380000,0x00000000e2380000,0x00000000e2b00000)
 ParOldGen       total 36864K, used 10054K [0x00000000a0000000, 0x00000000a2400000, 0x00000000e0000000)
  object space 36864K, 27% used [0x00000000a0000000,0x00000000a09d1a18,0x00000000a2400000)
 Metaspace       used 32448K, capacity 33152K, committed 33328K, reserved 1077248K
  class space    used 4397K, capacity 4585K, committed 4656K, reserved 1048576K
}

