# JRE version: OpenJDK Runtime Environment (8.0_76-b03) (build 1.8.0_76-release-b03)
# Java VM: OpenJDK 64-Bit Server VM (25.76-b03 mixed mode windows-amd64 compressed oops)
Heap:
 PSYoungGen      total 133632K, used 99402K [0x00000000e0000000, 0x00000000e9500000, 0x0000000100000000)
  eden space 124416K, 72% used [0x00000000e0000000,0x00000000e5814bc0,0x00000000e7980000)
  from space 9216K, 99% used [0x00000000e8680000,0x00000000e8f7de58,0x00000000e8f80000)
  to   space 13312K, 0% used [0x00000000e7980000,0x00000000e7980000,0x00000000e8680000)
 ParOldGen       total 51712K, used 22356K [0x00000000a0000000, 0x00000000a3280000, 0x00000000e0000000)
  object space 51712K, 43% used [0x00000000a0000000,0x00000000a15d5258,0x00000000a3280000)
 Metaspace       used 50749K, capacity 52438K, committed 52656K, reserved 1095680K
  class space    used 6933K, capacity 7281K, committed 7344K, reserved 1048576K
GC Heap History (10 events):
Event: 13.236 GC heap before
{Heap before GC invocations=12 (full 1):
 PSYoungGen      total 80896K, used 76224K [0x00000000e0000000, 0x00000000e6300000, 0x0000000100000000)
  eden space 73216K, 100% used [0x00000000e0000000,0x00000000e4780000,0x00000000e4780000)
  from space 7680K, 39% used [0x00000000e4f00000,0x00000000e51f0000,0x00000000e5680000)
  to   space 7680K, 0% used [0x00000000e4780000,0x00000000e4780000,0x00000000e4f00000)
 ParOldGen       total 34816K, used 10517K [0x00000000a0000000, 0x00000000a2200000, 0x00000000e0000000)
  object space 34816K, 30% used [0x00000000a0000000,0x00000000a0a45618,0x00000000a2200000)
 Metaspace       used 33069K, capacity 33856K, committed 34224K, reserved 1079296K
  class space    used 4439K, capacity 4663K, committed 4784K, reserved 1048576K
Event: 13.247 GC heap after
Heap after GC invocations=12 (full 1):
 PSYoungGen      total 80896K, used 6377K [0x00000000e0000000, 0x00000000e6f80000, 0x0000000100000000)
  eden space 73216K, 0% used [0x00000000e0000000,0x00000000e0000000,0x00000000e4780000)
  from space 7680K, 83% used [0x00000000e4780000,0x00000000e4dba578,0x00000000e4f00000)
  to   space 8192K, 0% used [0x00000000e6780000,0x00000000e6780000,0x00000000e6f80000)
 ParOldGen       total 34816K, used 12025K [0x00000000a0000000, 0x00000000a2200000, 0x00000000e0000000)
  object space 34816K, 34% used [0x00000000a0000000,0x00000000a0bbe628,0x00000000a2200000)
 Metaspace       used 33069K, capacity 33856K, committed 34224K, reserved 1079296K
  class space    used 4439K, capacity 4663K, committed 4784K, reserved 1048576K
}
Event: 13.611 GC heap before
{Heap before GC invocations=13 (full 1):
 PSYoungGen      total 80896K, used 20716K [0x00000000e0000000, 0x00000000e6f80000, 0x0000000100000000)
  eden space 73216K, 19% used [0x00000000e0000000,0x00000000e0e00d38,0x00000000e4780000)
  from space 7680K, 83% used [0x00000000e4780000,0x00000000e4dba578,0x00000000e4f00000)
  to   space 8192K, 0% used [0x00000000e6780000,0x00000000e6780000,0x00000000e6f80000)
 ParOldGen       total 34816K, used 12025K [0x00000000a0000000, 0x00000000a2200000, 0x00000000e0000000)
  object space 34816K, 34% used [0x00000000a0000000,0x00000000a0bbe628,0x00000000a2200000)
 Metaspace       used 34580K, capacity 35268K, committed 35496K, reserved 1079296K
  class space    used 4638K, capacity 4829K, committed 4912K, reserved 1048576K
Event: 13.635 GC heap after
Heap after GC invocations=13 (full 1):
 PSYoungGen      total 105984K, used 1929K [0x00000000e0000000, 0x00000000e7500000, 0x0000000100000000)
  eden space 97792K, 0% used [0x00000000e0000000,0x00000000e0000000,0x00000000e5f80000)
  from space 8192K, 23% used [0x00000000e6780000,0x00000000e6962558,0x00000000e6f80000)
  to   space 8192K, 0% used [0x00000000e5f80000,0x00000000e5f80000,0x00000000e6780000)
 ParOldGen       total 34816K, used 14751K [0x00000000a0000000, 0x00000000a2200000, 0x00000000e0000000)
  object space 34816K, 42% used [0x00000000a0000000,0x00000000a0e67e48,0x00000000a2200000)
 Metaspace       used 34580K, capacity 35268K, committed 35496K, reserved 1079296K
  class space    used 4638K, capacity 4829K, committed 4912K, reserved 1048576K
}
Event: 13.635 GC heap before
{Heap before GC invocations=14 (full 2):
 PSYoungGen      total 105984K, used 1929K [0x00000000e0000000, 0x00000000e7500000, 0x0000000100000000)
  eden space 97792K, 0% used [0x00000000e0000000,0x00000000e0000000,0x00000000e5f80000)
  from space 8192K, 23% used [0x00000000e6780000,0x00000000e6962558,0x00000000e6f80000)
  to   space 8192K, 0% used [0x00000000e5f80000,0x00000000e5f80000,0x00000000e6780000)
 ParOldGen       total 34816K, used 14751K [0x00000000a0000000, 0x00000000a2200000, 0x00000000e0000000)
  object space 34816K, 42% used [0x00000000a0000000,0x00000000a0e67e48,0x00000000a2200000)
 Metaspace       used 34580K, capacity 35268K, committed 35496K, reserved 1079296K
  class space    used 4638K, capacity 4829K, committed 4912K, reserved 1048576K
Event: 13.830 GC heap after
Heap after GC invocations=14 (full 2):
 PSYoungGen      total 105984K, used 0K [0x00000000e0000000, 0x00000000e7500000, 0x0000000100000000)
  eden space 97792K, 0% used [0x00000000e0000000,0x00000000e0000000,0x00000000e5f80000)
  from space 8192K, 0% used [0x00000000e6780000,0x00000000e6780000,0x00000000e6f80000)
  to   space 8192K, 0% used [0x00000000e5f80000,0x00000000e5f80000,0x00000000e6780000)
 ParOldGen       total 51712K, used 15588K [0x00000000a0000000, 0x00000000a3280000, 0x00000000e0000000)
  object space 51712K, 30% used [0x00000000a0000000,0x00000000a0f39010,0x00000000a3280000)
 Metaspace       used 34580K, capacity 35268K, committed 35496K, reserved 1079296K
  class space    used 4638K, capacity 4829K, committed 4912K, reserved 1048576K
}
Event: 16.985 GC heap before
{Heap before GC invocations=15 (full 2):
 PSYoungGen      total 105984K, used 97792K [0x00000000e0000000, 0x00000000e7500000, 0x0000000100000000)
  eden space 97792K, 100% used [0x00000000e0000000,0x00000000e5f80000,0x00000000e5f80000)
  from space 8192K, 0% used [0x00000000e6780000,0x00000000e6780000,0x00000000e6f80000)
  to   space 8192K, 0% used [0x00000000e5f80000,0x00000000e5f80000,0x00000000e6780000)
 ParOldGen       total 51712K, used 15588K [0x00000000a0000000, 0x00000000a3280000, 0x00000000e0000000)
  object space 51712K, 30% used [0x00000000a0000000,0x00000000a0f39010,0x00000000a3280000)
 Metaspace       used 42073K, capacity 43098K, committed 43312K, reserved 1087488K
  class space    used 5623K, capacity 5887K, committed 5936K, reserved 1048576K
Event: 17.015 GC heap after
Heap after GC invocations=15 (full 2):
 PSYoungGen      total 105984K, used 8188K [0x00000000e0000000, 0x00000000e8f80000, 0x0000000100000000)
  eden space 97792K, 0% used [0x00000000e0000000,0x00000000e0000000,0x00000000e5f80000)
  from space 8192K, 99% used [0x00000000e5f80000,0x00000000e677f060,0x00000000e6780000)
  to   space 9216K, 0% used [0x00000000e8680000,0x00000000e8680000,0x00000000e8f80000)
 ParOldGen       total 51712K, used 15646K [0x00000000a0000000, 0x00000000a3280000, 0x00000000e0000000)
  object space 51712K, 30% used [0x00000000a0000000,0x00000000a0f47a48,0x00000000a3280000)
 Metaspace       used 42073K, capacity 43098K, committed 43312K, reserved 1087488K
  class space    used 5623K, capacity 5887K, committed 5936K, reserved 1048576K
}
Event: 23.913 GC heap before
{Heap before GC invocations=16 (full 2):
 PSYoungGen      total 105984K, used 105980K [0x00000000e0000000, 0x00000000e8f80000, 0x0000000100000000)
  eden space 97792K, 100% used [0x00000000e0000000,0x00000000e5f80000,0x00000000e5f80000)
  from space 8192K, 99% used [0x00000000e5f80000,0x00000000e677f060,0x00000000e6780000)
  to   space 9216K, 0% used [0x00000000e8680000,0x00000000e8680000,0x00000000e8f80000)
 ParOldGen       total 51712K, used 15646K [0x00000000a0000000, 0x00000000a3280000, 0x00000000e0000000)
  object space 51712K, 30% used [0x00000000a0000000,0x00000000a0f47a48,0x00000000a3280000)
 Metaspace       used 47243K, capacity 48560K, committed 48688K, reserved 1091584K
  class space    used 6359K, capacity 6674K, committed 6704K, reserved 1048576K
Event: 23.961 GC heap after
Heap after GC invocations=16 (full 2):
 PSYoungGen      total 133632K, used 9207K [0x00000000e0000000, 0x00000000e9500000, 0x0000000100000000)
  eden space 124416K, 0% used [0x00000000e0000000,0x00000000e0000000,0x00000000e7980000)
  from space 9216K, 99% used [0x00000000e8680000,0x00000000e8f7de58,0x00000000e8f80000)
  to   space 13312K, 0% used [0x00000000e7980000,0x00000000e7980000,0x00000000e8680000)
 ParOldGen       total 51712K, used 22356K [0x00000000a0000000, 0x00000000a3280000, 0x00000000e0000000)
  object space 51712K, 43% used [0x00000000a0000000,0x00000000a15d5258,0x00000000a3280000)
 Metaspace       used 47243K, capacity 48560K, committed 48688K, reserved 1091584K
  class space    used 6359K, capacity 6674K, committed 6704K, reserved 1048576K
}

