# JRE version: OpenJDK Runtime Environment (8.0_76-b03) (build 1.8.0_76-release-b03)
# Java VM: OpenJDK 64-Bit Server VM (25.76-b03 mixed mode windows-amd64 compressed oops)
Heap:
 PSYoungGen      total 233472K, used 58256K [0x00000000e0000000, 0x00000000f0880000, 0x0000000100000000)
  eden space 196096K, 29% used [0x00000000e0000000,0x00000000e38e4070,0x00000000ebf80000)
  from space 37376K, 0% used [0x00000000ee400000,0x00000000ee400000,0x00000000f0880000)
  to   space 37376K, 0% used [0x00000000ebf80000,0x00000000ebf80000,0x00000000ee400000)
 ParOldGen       total 118272K, used 32812K [0x00000000a0000000, 0x00000000a7380000, 0x00000000e0000000)
  object space 118272K, 27% used [0x00000000a0000000,0x00000000a200b388,0x00000000a7380000)
 Metaspace       used 56905K, capacity 58384K, committed 58672K, reserved 1099776K
  class space    used 7360K, capacity 7668K, committed 7728K, reserved 1048576K
GC Heap History (10 events):
Event: 42.826 GC heap before
{Heap before GC invocations=29 (full 7):
 PSYoungGen      total 216064K, used 182272K [0x00000000e0000000, 0x00000000ef400000, 0x0000000100000000)
  eden space 182272K, 100% used [0x00000000e0000000,0x00000000eb200000,0x00000000eb200000)
  from space 33792K, 0% used [0x00000000ed300000,0x00000000ed300000,0x00000000ef400000)
  to   space 33792K, 0% used [0x00000000eb200000,0x00000000eb200000,0x00000000ed300000)
 ParOldGen       total 118272K, used 118117K [0x00000000a0000000, 0x00000000a7380000, 0x00000000e0000000)
  object space 118272K, 99% used [0x00000000a0000000,0x00000000a73595a0,0x00000000a7380000)
 Metaspace       used 52642K, capacity 53946K, committed 54320K, reserved 1095680K
  class space    used 6840K, capacity 7119K, committed 7216K, reserved 1048576K
Event: 44.278 GC heap after
Heap after GC invocations=29 (full 7):
 PSYoungGen      total 216064K, used 19827K [0x00000000e0000000, 0x00000000ef400000, 0x0000000100000000)
  eden space 182272K, 10% used [0x00000000e0000000,0x00000000e135cd50,0x00000000eb200000)
  from space 33792K, 0% used [0x00000000ed300000,0x00000000ed300000,0x00000000ef400000)
  to   space 33792K, 0% used [0x00000000eb200000,0x00000000eb200000,0x00000000ed300000)
 ParOldGen       total 118272K, used 118211K [0x00000000a0000000, 0x00000000a7380000, 0x00000000e0000000)
  object space 118272K, 99% used [0x00000000a0000000,0x00000000a7370d20,0x00000000a7380000)
 Metaspace       used 52642K, capacity 53946K, committed 54320K, reserved 1095680K
  class space    used 6840K, capacity 7119K, committed 7216K, reserved 1048576K
}
Event: 47.003 GC heap before
{Heap before GC invocations=30 (full 8):
 PSYoungGen      total 216064K, used 182272K [0x00000000e0000000, 0x00000000ef400000, 0x0000000100000000)
  eden space 182272K, 100% used [0x00000000e0000000,0x00000000eb200000,0x00000000eb200000)
  from space 33792K, 0% used [0x00000000ed300000,0x00000000ed300000,0x00000000ef400000)
  to   space 33792K, 0% used [0x00000000eb200000,0x00000000eb200000,0x00000000ed300000)
 ParOldGen       total 118272K, used 118211K [0x00000000a0000000, 0x00000000a7380000, 0x00000000e0000000)
  object space 118272K, 99% used [0x00000000a0000000,0x00000000a7370d20,0x00000000a7380000)
 Metaspace       used 52776K, capacity 54076K, committed 54320K, reserved 1095680K
  class space    used 6850K, capacity 7120K, committed 7216K, reserved 1048576K
Event: 47.321 GC heap after
Heap after GC invocations=30 (full 8):
 PSYoungGen      total 216064K, used 0K [0x00000000e0000000, 0x00000000ef400000, 0x0000000100000000)
  eden space 182272K, 0% used [0x00000000e0000000,0x00000000e0000000,0x00000000eb200000)
  from space 33792K, 0% used [0x00000000ed300000,0x00000000ed300000,0x00000000ef400000)
  to   space 33792K, 0% used [0x00000000eb200000,0x00000000eb200000,0x00000000ed300000)
 ParOldGen       total 118272K, used 64289K [0x00000000a0000000, 0x00000000a7380000, 0x00000000e0000000)
  object space 118272K, 54% used [0x00000000a0000000,0x00000000a3ec8480,0x00000000a7380000)
 Metaspace       used 52776K, capacity 54076K, committed 54320K, reserved 1095680K
  class space    used 6850K, capacity 7120K, committed 7216K, reserved 1048576K
}
Event: 53.720 GC heap before
{Heap before GC invocations=31 (full 8):
 PSYoungGen      total 216064K, used 181474K [0x00000000e0000000, 0x00000000ef400000, 0x0000000100000000)
  eden space 182272K, 99% used [0x00000000e0000000,0x00000000eb138be8,0x00000000eb200000)
  from space 33792K, 0% used [0x00000000ed300000,0x00000000ed300000,0x00000000ef400000)
  to   space 33792K, 0% used [0x00000000eb200000,0x00000000eb200000,0x00000000ed300000)
 ParOldGen       total 118272K, used 64289K [0x00000000a0000000, 0x00000000a7380000, 0x00000000e0000000)
  object space 118272K, 54% used [0x00000000a0000000,0x00000000a3ec8480,0x00000000a7380000)
 Metaspace       used 55138K, capacity 56582K, committed 56752K, reserved 1097728K
  class space    used 7168K, capacity 7483K, committed 7600K, reserved 1048576K
Event: 53.729 GC heap after
Heap after GC invocations=31 (full 8):
 PSYoungGen      total 216064K, used 12528K [0x00000000e0000000, 0x00000000f0880000, 0x0000000100000000)
  eden space 182272K, 0% used [0x00000000e0000000,0x00000000e0000000,0x00000000eb200000)
  from space 33792K, 37% used [0x00000000eb200000,0x00000000ebe3c080,0x00000000ed300000)
  to   space 37376K, 0% used [0x00000000ee400000,0x00000000ee400000,0x00000000f0880000)
 ParOldGen       total 118272K, used 64297K [0x00000000a0000000, 0x00000000a7380000, 0x00000000e0000000)
  object space 118272K, 54% used [0x00000000a0000000,0x00000000a3eca480,0x00000000a7380000)
 Metaspace       used 55138K, capacity 56582K, committed 56752K, reserved 1097728K
  class space    used 7168K, capacity 7483K, committed 7600K, reserved 1048576K
}
Event: 55.618 GC heap before
{Heap before GC invocations=32 (full 8):
 PSYoungGen      total 216064K, used 179253K [0x00000000e0000000, 0x00000000f0880000, 0x0000000100000000)
  eden space 182272K, 91% used [0x00000000e0000000,0x00000000ea2d1438,0x00000000eb200000)
  from space 33792K, 37% used [0x00000000eb200000,0x00000000ebe3c080,0x00000000ed300000)
  to   space 37376K, 0% used [0x00000000ee400000,0x00000000ee400000,0x00000000f0880000)
 ParOldGen       total 118272K, used 64297K [0x00000000a0000000, 0x00000000a7380000, 0x00000000e0000000)
  object space 118272K, 54% used [0x00000000a0000000,0x00000000a3eca480,0x00000000a7380000)
 Metaspace       used 56668K, capacity 58062K, committed 58160K, reserved 1099776K
  class space    used 7344K, capacity 7653K, committed 7728K, reserved 1048576K
Event: 55.629 GC heap after
Heap after GC invocations=32 (full 8):
 PSYoungGen      total 233472K, used 3131K [0x00000000e0000000, 0x00000000f0880000, 0x0000000100000000)
  eden space 196096K, 0% used [0x00000000e0000000,0x00000000e0000000,0x00000000ebf80000)
  from space 37376K, 8% used [0x00000000ee400000,0x00000000ee70ec58,0x00000000f0880000)
  to   space 37376K, 0% used [0x00000000ebf80000,0x00000000ebf80000,0x00000000ee400000)
 ParOldGen       total 118272K, used 64297K [0x00000000a0000000, 0x00000000a7380000, 0x00000000e0000000)
  object space 118272K, 54% used [0x00000000a0000000,0x00000000a3eca480,0x00000000a7380000)
 Metaspace       used 56668K, capacity 58062K, committed 58160K, reserved 1099776K
  class space    used 7344K, capacity 7653K, committed 7728K, reserved 1048576K
}
Event: 55.629 GC heap before
{Heap before GC invocations=33 (full 9):
 PSYoungGen      total 233472K, used 3131K [0x00000000e0000000, 0x00000000f0880000, 0x0000000100000000)
  eden space 196096K, 0% used [0x00000000e0000000,0x00000000e0000000,0x00000000ebf80000)
  from space 37376K, 8% used [0x00000000ee400000,0x00000000ee70ec58,0x00000000f0880000)
  to   space 37376K, 0% used [0x00000000ebf80000,0x00000000ebf80000,0x00000000ee400000)
 ParOldGen       total 118272K, used 64297K [0x00000000a0000000, 0x00000000a7380000, 0x00000000e0000000)
  object space 118272K, 54% used [0x00000000a0000000,0x00000000a3eca480,0x00000000a7380000)
 Metaspace       used 56668K, capacity 58062K, committed 58160K, reserved 1099776K
  class space    used 7344K, capacity 7653K, committed 7728K, reserved 1048576K
Event: 56.146 GC heap after
Heap after GC invocations=33 (full 9):
 PSYoungGen      total 233472K, used 0K [0x00000000e0000000, 0x00000000f0880000, 0x0000000100000000)
  eden space 196096K, 0% used [0x00000000e0000000,0x00000000e0000000,0x00000000ebf80000)
  from space 37376K, 0% used [0x00000000ee400000,0x00000000ee400000,0x00000000f0880000)
  to   space 37376K, 0% used [0x00000000ebf80000,0x00000000ebf80000,0x00000000ee400000)
 ParOldGen       total 118272K, used 32812K [0x00000000a0000000, 0x00000000a7380000, 0x00000000e0000000)
  object space 118272K, 27% used [0x00000000a0000000,0x00000000a200b388,0x00000000a7380000)
 Metaspace       used 56668K, capacity 58062K, committed 58160K, reserved 1099776K
  class space    used 7344K, capacity 7653K, committed 7728K, reserved 1048576K
}

