# JRE version: OpenJDK Runtime Environment (8.0_76-b03) (build 1.8.0_76-release-b03)
# Java VM: OpenJDK 64-Bit Server VM (25.76-b03 mixed mode windows-amd64 compressed oops)
Heap:
 PSYoungGen      total 267264K, used 115686K [0x00000000e0000000, 0x00000000f3100000, 0x0000000100000000)
  eden space 245248K, 41% used [0x00000000e0000000,0x00000000e643f058,0x00000000eef80000)
  from space 22016K, 59% used [0x00000000f0800000,0x00000000f14bab48,0x00000000f1d80000)
  to   space 25088K, 0% used [0x00000000eef80000,0x00000000eef80000,0x00000000f0800000)
 ParOldGen       total 94208K, used 76392K [0x00000000a0000000, 0x00000000a5c00000, 0x00000000e0000000)
  object space 94208K, 81% used [0x00000000a0000000,0x00000000a4a9a3b8,0x00000000a5c00000)
 Metaspace       used 66365K, capacity 69056K, committed 69424K, reserved 1110016K
  class space    used 8590K, capacity 9139K, committed 9264K, reserved 1048576K
GC Heap History (10 events):
Event: 90.154 GC heap before
{Heap before GC invocations=19 (full 4):
 PSYoungGen      total 207360K, used 197894K [0x00000000e0000000, 0x00000000f1480000, 0x0000000100000000)
  eden space 189952K, 100% used [0x00000000e0000000,0x00000000eb980000,0x00000000eb980000)
  from space 17408K, 45% used [0x00000000ec980000,0x00000000ed1419b8,0x00000000eda80000)
  to   space 16384K, 0% used [0x00000000eb980000,0x00000000eb980000,0x00000000ec980000)
 ParOldGen       total 94208K, used 48503K [0x00000000a0000000, 0x00000000a5c00000, 0x00000000e0000000)
  object space 94208K, 51% used [0x00000000a0000000,0x00000000a2f5de70,0x00000000a5c00000)
 Metaspace       used 64197K, capacity 66662K, committed 66864K, reserved 1107968K
  class space    used 8440K, capacity 8978K, committed 9008K, reserved 1048576K
Event: 90.211 GC heap after
Heap after GC invocations=19 (full 4):
 PSYoungGen      total 206336K, used 16381K [0x00000000e0000000, 0x00000000f1d80000, 0x0000000100000000)
  eden space 189952K, 0% used [0x00000000e0000000,0x00000000e0000000,0x00000000eb980000)
  from space 16384K, 99% used [0x00000000eb980000,0x00000000ec97f790,0x00000000ec980000)
  to   space 22016K, 0% used [0x00000000f0800000,0x00000000f0800000,0x00000000f1d80000)
 ParOldGen       total 94208K, used 56326K [0x00000000a0000000, 0x00000000a5c00000, 0x00000000e0000000)
  object space 94208K, 59% used [0x00000000a0000000,0x00000000a3701950,0x00000000a5c00000)
 Metaspace       used 64197K, capacity 66662K, committed 66864K, reserved 1107968K
  class space    used 8440K, capacity 8978K, committed 9008K, reserved 1048576K
}
Event: 92.201 GC heap before
{Heap before GC invocations=20 (full 4):
 PSYoungGen      total 206336K, used 206333K [0x00000000e0000000, 0x00000000f1d80000, 0x0000000100000000)
  eden space 189952K, 100% used [0x00000000e0000000,0x00000000eb980000,0x00000000eb980000)
  from space 16384K, 99% used [0x00000000eb980000,0x00000000ec97f790,0x00000000ec980000)
  to   space 22016K, 0% used [0x00000000f0800000,0x00000000f0800000,0x00000000f1d80000)
 ParOldGen       total 94208K, used 56328K [0x00000000a0000000, 0x00000000a5c00000, 0x00000000e0000000)
  object space 94208K, 59% used [0x00000000a0000000,0x00000000a3702158,0x00000000a5c00000)
 Metaspace       used 65107K, capacity 67526K, committed 67760K, reserved 1107968K
  class space    used 8478K, capacity 9010K, committed 9136K, reserved 1048576K
Event: 92.327 GC heap after
Heap after GC invocations=20 (full 4):
 PSYoungGen      total 267264K, used 21883K [0x00000000e0000000, 0x00000000f3100000, 0x0000000100000000)
  eden space 245248K, 0% used [0x00000000e0000000,0x00000000e0000000,0x00000000eef80000)
  from space 22016K, 99% used [0x00000000f0800000,0x00000000f1d5ef38,0x00000000f1d80000)
  to   space 25088K, 0% used [0x00000000eef80000,0x00000000eef80000,0x00000000f0800000)
 ParOldGen       total 94208K, used 65736K [0x00000000a0000000, 0x00000000a5c00000, 0x00000000e0000000)
  object space 94208K, 69% used [0x00000000a0000000,0x00000000a40323e0,0x00000000a5c00000)
 Metaspace       used 65107K, capacity 67526K, committed 67760K, reserved 1107968K
  class space    used 8478K, capacity 9010K, committed 9136K, reserved 1048576K
}
Event: 92.347 GC heap before
{Heap before GC invocations=21 (full 4):
 PSYoungGen      total 267264K, used 29942K [0x00000000e0000000, 0x00000000f3100000, 0x0000000100000000)
  eden space 245248K, 3% used [0x00000000e0000000,0x00000000e07dea78,0x00000000eef80000)
  from space 22016K, 99% used [0x00000000f0800000,0x00000000f1d5ef38,0x00000000f1d80000)
  to   space 25088K, 0% used [0x00000000eef80000,0x00000000eef80000,0x00000000f0800000)
 ParOldGen       total 94208K, used 65736K [0x00000000a0000000, 0x00000000a5c00000, 0x00000000e0000000)
  object space 94208K, 69% used [0x00000000a0000000,0x00000000a40323e0,0x00000000a5c00000)
 Metaspace       used 65107K, capacity 67526K, committed 67760K, reserved 1107968K
  class space    used 8478K, capacity 9010K, committed 9136K, reserved 1048576K
Event: 92.407 GC heap after
Heap after GC invocations=21 (full 4):
 PSYoungGen      total 270336K, used 1088K [0x00000000e0000000, 0x00000000f3100000, 0x0000000100000000)
  eden space 245248K, 0% used [0x00000000e0000000,0x00000000e0000000,0x00000000eef80000)
  from space 25088K, 4% used [0x00000000eef80000,0x00000000ef090000,0x00000000f0800000)
  to   space 22016K, 0% used [0x00000000f0800000,0x00000000f0800000,0x00000000f1d80000)
 ParOldGen       total 94208K, used 85098K [0x00000000a0000000, 0x00000000a5c00000, 0x00000000e0000000)
  object space 94208K, 90% used [0x00000000a0000000,0x00000000a531a9c0,0x00000000a5c00000)
 Metaspace       used 65107K, capacity 67526K, committed 67760K, reserved 1107968K
  class space    used 8478K, capacity 9010K, committed 9136K, reserved 1048576K
}
Event: 92.408 GC heap before
{Heap before GC invocations=22 (full 5):
 PSYoungGen      total 270336K, used 1088K [0x00000000e0000000, 0x00000000f3100000, 0x0000000100000000)
  eden space 245248K, 0% used [0x00000000e0000000,0x00000000e0000000,0x00000000eef80000)
  from space 25088K, 4% used [0x00000000eef80000,0x00000000ef090000,0x00000000f0800000)
  to   space 22016K, 0% used [0x00000000f0800000,0x00000000f0800000,0x00000000f1d80000)
 ParOldGen       total 94208K, used 85098K [0x00000000a0000000, 0x00000000a5c00000, 0x00000000e0000000)
  object space 94208K, 90% used [0x00000000a0000000,0x00000000a531a9c0,0x00000000a5c00000)
 Metaspace       used 65107K, capacity 67526K, committed 67760K, reserved 1107968K
  class space    used 8478K, capacity 9010K, committed 9136K, reserved 1048576K
Event: 93.033 GC heap after
Heap after GC invocations=22 (full 5):
 PSYoungGen      total 270336K, used 0K [0x00000000e0000000, 0x00000000f3100000, 0x0000000100000000)
  eden space 245248K, 0% used [0x00000000e0000000,0x00000000e0000000,0x00000000eef80000)
  from space 25088K, 0% used [0x00000000eef80000,0x00000000eef80000,0x00000000f0800000)
  to   space 22016K, 0% used [0x00000000f0800000,0x00000000f0800000,0x00000000f1d80000)
 ParOldGen       total 94208K, used 76384K [0x00000000a0000000, 0x00000000a5c00000, 0x00000000e0000000)
  object space 94208K, 81% used [0x00000000a0000000,0x00000000a4a983b8,0x00000000a5c00000)
 Metaspace       used 65092K, capacity 67486K, committed 67760K, reserved 1107968K
  class space    used 8473K, capacity 9000K, committed 9136K, reserved 1048576K
}
Event: 112.803 GC heap before
{Heap before GC invocations=23 (full 5):
 PSYoungGen      total 270336K, used 245248K [0x00000000e0000000, 0x00000000f3100000, 0x0000000100000000)
  eden space 245248K, 100% used [0x00000000e0000000,0x00000000eef80000,0x00000000eef80000)
  from space 25088K, 0% used [0x00000000eef80000,0x00000000eef80000,0x00000000f0800000)
  to   space 22016K, 0% used [0x00000000f0800000,0x00000000f0800000,0x00000000f1d80000)
 ParOldGen       total 94208K, used 76384K [0x00000000a0000000, 0x00000000a5c00000, 0x00000000e0000000)
  object space 94208K, 81% used [0x00000000a0000000,0x00000000a4a983b8,0x00000000a5c00000)
 Metaspace       used 66087K, capacity 68572K, committed 68784K, reserved 1110016K
  class space    used 8575K, capacity 9111K, committed 9136K, reserved 1048576K
Event: 112.827 GC heap after
Heap after GC invocations=23 (full 5):
 PSYoungGen      total 267264K, used 13034K [0x00000000e0000000, 0x00000000f3100000, 0x0000000100000000)
  eden space 245248K, 0% used [0x00000000e0000000,0x00000000e0000000,0x00000000eef80000)
  from space 22016K, 59% used [0x00000000f0800000,0x00000000f14bab48,0x00000000f1d80000)
  to   space 25088K, 0% used [0x00000000eef80000,0x00000000eef80000,0x00000000f0800000)
 ParOldGen       total 94208K, used 76392K [0x00000000a0000000, 0x00000000a5c00000, 0x00000000e0000000)
  object space 94208K, 81% used [0x00000000a0000000,0x00000000a4a9a3b8,0x00000000a5c00000)
 Metaspace       used 66087K, capacity 68572K, committed 68784K, reserved 1110016K
  class space    used 8575K, capacity 9111K, committed 9136K, reserved 1048576K
}

