# JRE version: OpenJDK Runtime Environment (8.0_76-b03) (build 1.8.0_76-release-b03)
# Java VM: OpenJDK 64-Bit Server VM (25.76-b03 mixed mode windows-amd64 compressed oops)
Heap:
 PSYoungGen      total 29184K, used 8642K [0x00000000e0000000, 0x00000000e5100000, 0x0000000100000000)
  eden space 26624K, 32% used [0x00000000e0000000,0x00000000e0870bd0,0x00000000e1a00000)
  from space 2560K, 0% used [0x00000000e2280000,0x00000000e2280000,0x00000000e2500000)
  to   space 8704K, 0% used [0x00000000e1a00000,0x00000000e1a00000,0x00000000e2280000)
 ParOldGen       total 39936K, used 9022K [0x00000000a0000000, 0x00000000a2700000, 0x00000000e0000000)
  object space 39936K, 22% used [0x00000000a0000000,0x00000000a08cf880,0x00000000a2700000)
 Metaspace       used 21665K, capacity 22140K, committed 22320K, reserved 1069056K
  class space    used 2851K, capacity 3022K, committed 3120K, reserved 1048576K
GC Heap History (10 events):
Event: 2.038 GC heap before
{Heap before GC invocations=3 (full 0):
 PSYoungGen      total 18944K, used 18416K [0x00000000e0000000, 0x00000000e2500000, 0x0000000100000000)
  eden space 16384K, 100% used [0x00000000e0000000,0x00000000e1000000,0x00000000e1000000)
  from space 2560K, 79% used [0x00000000e1280000,0x00000000e147c010,0x00000000e1500000)
  to   space 2560K, 0% used [0x00000000e1000000,0x00000000e1000000,0x00000000e1280000)
 ParOldGen       total 44032K, used 448K [0x00000000a0000000, 0x00000000a2b00000, 0x00000000e0000000)
  object space 44032K, 1% used [0x00000000a0000000,0x00000000a00702f0,0x00000000a2b00000)
 Metaspace       used 11094K, capacity 11464K, committed 11648K, reserved 1058816K
  class space    used 1421K, capacity 1548K, committed 1664K, reserved 1048576K
Event: 2.052 GC heap after
Heap after GC invocations=3 (full 0):
 PSYoungGen      total 18944K, used 2528K [0x00000000e0000000, 0x00000000e2500000, 0x0000000100000000)
  eden space 16384K, 0% used [0x00000000e0000000,0x00000000e0000000,0x00000000e1000000)
  from space 2560K, 98% used [0x00000000e1000000,0x00000000e1278040,0x00000000e1280000)
  to   space 2560K, 0% used [0x00000000e2280000,0x00000000e2280000,0x00000000e2500000)
 ParOldGen       total 44032K, used 1969K [0x00000000a0000000, 0x00000000a2b00000, 0x00000000e0000000)
  object space 44032K, 4% used [0x00000000a0000000,0x00000000a01ec790,0x00000000a2b00000)
 Metaspace       used 11094K, capacity 11464K, committed 11648K, reserved 1058816K
  class space    used 1421K, capacity 1548K, committed 1664K, reserved 1048576K
}
Event: 2.425 GC heap before
{Heap before GC invocations=4 (full 0):
 PSYoungGen      total 18944K, used 18912K [0x00000000e0000000, 0x00000000e2500000, 0x0000000100000000)
  eden space 16384K, 100% used [0x00000000e0000000,0x00000000e1000000,0x00000000e1000000)
  from space 2560K, 98% used [0x00000000e1000000,0x00000000e1278040,0x00000000e1280000)
  to   space 2560K, 0% used [0x00000000e2280000,0x00000000e2280000,0x00000000e2500000)
 ParOldGen       total 44032K, used 1969K [0x00000000a0000000, 0x00000000a2b00000, 0x00000000e0000000)
  object space 44032K, 4% used [0x00000000a0000000,0x00000000a01ec790,0x00000000a2b00000)
 Metaspace       used 12784K, capacity 13178K, committed 13440K, reserved 1060864K
  class space    used 1703K, capacity 1823K, committed 1920K, reserved 1048576K
Event: 2.430 GC heap after
Heap after GC invocations=4 (full 0):
 PSYoungGen      total 35328K, used 2528K [0x00000000e0000000, 0x00000000e2500000, 0x0000000100000000)
  eden space 32768K, 0% used [0x00000000e0000000,0x00000000e0000000,0x00000000e2000000)
  from space 2560K, 98% used [0x00000000e2280000,0x00000000e24f8040,0x00000000e2500000)
  to   space 2560K, 0% used [0x00000000e2000000,0x00000000e2000000,0x00000000e2280000)
 ParOldGen       total 44032K, used 3942K [0x00000000a0000000, 0x00000000a2b00000, 0x00000000e0000000)
  object space 44032K, 8% used [0x00000000a0000000,0x00000000a03d9bd0,0x00000000a2b00000)
 Metaspace       used 12784K, capacity 13178K, committed 13440K, reserved 1060864K
  class space    used 1703K, capacity 1823K, committed 1920K, reserved 1048576K
}
Event: 4.424 GC heap before
{Heap before GC invocations=5 (full 0):
 PSYoungGen      total 35328K, used 35296K [0x00000000e0000000, 0x00000000e2500000, 0x0000000100000000)
  eden space 32768K, 100% used [0x00000000e0000000,0x00000000e2000000,0x00000000e2000000)
  from space 2560K, 98% used [0x00000000e2280000,0x00000000e24f8040,0x00000000e2500000)
  to   space 2560K, 0% used [0x00000000e2000000,0x00000000e2000000,0x00000000e2280000)
 ParOldGen       total 44032K, used 3942K [0x00000000a0000000, 0x00000000a2b00000, 0x00000000e0000000)
  object space 44032K, 8% used [0x00000000a0000000,0x00000000a03d9bd0,0x00000000a2b00000)
 Metaspace       used 18848K, capacity 19278K, committed 19328K, reserved 1067008K
  class space    used 2517K, capacity 2674K, committed 2688K, reserved 1048576K
Event: 4.442 GC heap after
Heap after GC invocations=5 (full 0):
 PSYoungGen      total 35328K, used 2560K [0x00000000e0000000, 0x00000000e2500000, 0x0000000100000000)
  eden space 32768K, 0% used [0x00000000e0000000,0x00000000e0000000,0x00000000e2000000)
  from space 2560K, 100% used [0x00000000e2000000,0x00000000e2280000,0x00000000e2280000)
  to   space 2560K, 0% used [0x00000000e2280000,0x00000000e2280000,0x00000000e2500000)
 ParOldGen       total 44032K, used 10027K [0x00000000a0000000, 0x00000000a2b00000, 0x00000000e0000000)
  object space 44032K, 22% used [0x00000000a0000000,0x00000000a09cad28,0x00000000a2b00000)
 Metaspace       used 18848K, capacity 19278K, committed 19328K, reserved 1067008K
  class space    used 2517K, capacity 2674K, committed 2688K, reserved 1048576K
}
Event: 5.117 GC heap before
{Heap before GC invocations=6 (full 0):
 PSYoungGen      total 35328K, used 24872K [0x00000000e0000000, 0x00000000e2500000, 0x0000000100000000)
  eden space 32768K, 68% used [0x00000000e0000000,0x00000000e15ca140,0x00000000e2000000)
  from space 2560K, 100% used [0x00000000e2000000,0x00000000e2280000,0x00000000e2280000)
  to   space 2560K, 0% used [0x00000000e2280000,0x00000000e2280000,0x00000000e2500000)
 ParOldGen       total 44032K, used 10027K [0x00000000a0000000, 0x00000000a2b00000, 0x00000000e0000000)
  object space 44032K, 22% used [0x00000000a0000000,0x00000000a09cad28,0x00000000a2b00000)
 Metaspace       used 20783K, capacity 21244K, committed 21296K, reserved 1067008K
  class space    used 2703K, capacity 2830K, committed 2864K, reserved 1048576K
Event: 5.137 GC heap after
Heap after GC invocations=6 (full 0):
 PSYoungGen      total 29184K, used 2544K [0x00000000e0000000, 0x00000000e5100000, 0x0000000100000000)
  eden space 26624K, 0% used [0x00000000e0000000,0x00000000e0000000,0x00000000e1a00000)
  from space 2560K, 99% used [0x00000000e2280000,0x00000000e24fc010,0x00000000e2500000)
  to   space 8704K, 0% used [0x00000000e1a00000,0x00000000e1a00000,0x00000000e2280000)
 ParOldGen       total 44032K, used 12824K [0x00000000a0000000, 0x00000000a2b00000, 0x00000000e0000000)
  object space 44032K, 29% used [0x00000000a0000000,0x00000000a0c86240,0x00000000a2b00000)
 Metaspace       used 20783K, capacity 21244K, committed 21296K, reserved 1067008K
  class space    used 2703K, capacity 2830K, committed 2864K, reserved 1048576K
}
Event: 5.137 GC heap before
{Heap before GC invocations=7 (full 1):
 PSYoungGen      total 29184K, used 2544K [0x00000000e0000000, 0x00000000e5100000, 0x0000000100000000)
  eden space 26624K, 0% used [0x00000000e0000000,0x00000000e0000000,0x00000000e1a00000)
  from space 2560K, 99% used [0x00000000e2280000,0x00000000e24fc010,0x00000000e2500000)
  to   space 8704K, 0% used [0x00000000e1a00000,0x00000000e1a00000,0x00000000e2280000)
 ParOldGen       total 44032K, used 12824K [0x00000000a0000000, 0x00000000a2b00000, 0x00000000e0000000)
  object space 44032K, 29% used [0x00000000a0000000,0x00000000a0c86240,0x00000000a2b00000)
 Metaspace       used 20783K, capacity 21244K, committed 21296K, reserved 1067008K
  class space    used 2703K, capacity 2830K, committed 2864K, reserved 1048576K
Event: 5.228 GC heap after
Heap after GC invocations=7 (full 1):
 PSYoungGen      total 29184K, used 0K [0x00000000e0000000, 0x00000000e5100000, 0x0000000100000000)
  eden space 26624K, 0% used [0x00000000e0000000,0x00000000e0000000,0x00000000e1a00000)
  from space 2560K, 0% used [0x00000000e2280000,0x00000000e2280000,0x00000000e2500000)
  to   space 8704K, 0% used [0x00000000e1a00000,0x00000000e1a00000,0x00000000e2280000)
 ParOldGen       total 39936K, used 9022K [0x00000000a0000000, 0x00000000a2700000, 0x00000000e0000000)
  object space 39936K, 22% used [0x00000000a0000000,0x00000000a08cf880,0x00000000a2700000)
 Metaspace       used 20783K, capacity 21244K, committed 21296K, reserved 1067008K
  class space    used 2703K, capacity 2830K, committed 2864K, reserved 1048576K
}

