# JRE version: OpenJDK Runtime Environment (8.0_76-b03) (build 1.8.0_76-release-b03)
# Java VM: OpenJDK 64-Bit Server VM (25.76-b03 mixed mode windows-amd64 compressed oops)
Heap:
 PSYoungGen      total 218624K, used 130090K [0x00000000e0000000, 0x00000000efb00000, 0x0000000100000000)
  eden space 203264K, 64% used [0x00000000e0000000,0x00000000e7f0a838,0x00000000ec680000)
  from space 15360K, 0% used [0x00000000edd00000,0x00000000edd00000,0x00000000eec00000)
  to   space 23040K, 0% used [0x00000000ec680000,0x00000000ec680000,0x00000000edd00000)
 ParOldGen       total 60416K, used 43001K [0x00000000a0000000, 0x00000000a3b00000, 0x00000000e0000000)
  object space 60416K, 71% used [0x00000000a0000000,0x00000000a29fe4a0,0x00000000a3b00000)
 Metaspace       used 52771K, capacity 54840K, committed 55088K, reserved 1097728K
  class space    used 7192K, capacity 7651K, committed 7728K, reserved 1048576K
GC Heap History (10 events):
Event: 23.258 GC heap before
{Heap before GC invocations=9 (full 1):
 PSYoungGen      total 138240K, used 77052K [0x00000000e0000000, 0x00000000ebb80000, 0x0000000100000000)
  eden space 128000K, 54% used [0x00000000e0000000,0x00000000e43d2048,0x00000000e7d00000)
  from space 10240K, 74% used [0x00000000e7d00000,0x00000000e846d228,0x00000000e8700000)
  to   space 10752K, 0% used [0x00000000eb100000,0x00000000eb100000,0x00000000ebb80000)
 ParOldGen       total 38400K, used 8747K [0x00000000a0000000, 0x00000000a2580000, 0x00000000e0000000)
  object space 38400K, 22% used [0x00000000a0000000,0x00000000a088aec8,0x00000000a2580000)
 Metaspace       used 34590K, capacity 35300K, committed 35496K, reserved 1079296K
  class space    used 4646K, capacity 4861K, committed 4912K, reserved 1048576K
Event: 23.276 GC heap after
Heap after GC invocations=9 (full 1):
 PSYoungGen      total 179712K, used 10727K [0x00000000e0000000, 0x00000000ee180000, 0x0000000100000000)
  eden space 168960K, 0% used [0x00000000e0000000,0x00000000e0000000,0x00000000ea500000)
  from space 10752K, 99% used [0x00000000eb100000,0x00000000ebb79d20,0x00000000ebb80000)
  to   space 12288K, 0% used [0x00000000ea500000,0x00000000ea500000,0x00000000eb100000)
 ParOldGen       total 38400K, used 8851K [0x00000000a0000000, 0x00000000a2580000, 0x00000000e0000000)
  object space 38400K, 23% used [0x00000000a0000000,0x00000000a08a4e98,0x00000000a2580000)
 Metaspace       used 34590K, capacity 35300K, committed 35496K, reserved 1079296K
  class space    used 4646K, capacity 4861K, committed 4912K, reserved 1048576K
}
Event: 23.276 GC heap before
{Heap before GC invocations=10 (full 2):
 PSYoungGen      total 179712K, used 10727K [0x00000000e0000000, 0x00000000ee180000, 0x0000000100000000)
  eden space 168960K, 0% used [0x00000000e0000000,0x00000000e0000000,0x00000000ea500000)
  from space 10752K, 99% used [0x00000000eb100000,0x00000000ebb79d20,0x00000000ebb80000)
  to   space 12288K, 0% used [0x00000000ea500000,0x00000000ea500000,0x00000000eb100000)
 ParOldGen       total 38400K, used 8851K [0x00000000a0000000, 0x00000000a2580000, 0x00000000e0000000)
  object space 38400K, 23% used [0x00000000a0000000,0x00000000a08a4e98,0x00000000a2580000)
 Metaspace       used 34590K, capacity 35300K, committed 35496K, reserved 1079296K
  class space    used 4646K, capacity 4861K, committed 4912K, reserved 1048576K
Event: 23.424 GC heap after
Heap after GC invocations=10 (full 2):
 PSYoungGen      total 179712K, used 0K [0x00000000e0000000, 0x00000000ee180000, 0x0000000100000000)
  eden space 168960K, 0% used [0x00000000e0000000,0x00000000e0000000,0x00000000ea500000)
  from space 10752K, 0% used [0x00000000eb100000,0x00000000eb100000,0x00000000ebb80000)
  to   space 12288K, 0% used [0x00000000ea500000,0x00000000ea500000,0x00000000eb100000)
 ParOldGen       total 60416K, used 18180K [0x00000000a0000000, 0x00000000a3b00000, 0x00000000e0000000)
  object space 60416K, 30% used [0x00000000a0000000,0x00000000a11c1248,0x00000000a3b00000)
 Metaspace       used 34590K, capacity 35300K, committed 35496K, reserved 1079296K
  class space    used 4646K, capacity 4861K, committed 4912K, reserved 1048576K
}
Event: 30.242 GC heap before
{Heap before GC invocations=11 (full 2):
 PSYoungGen      total 179712K, used 168960K [0x00000000e0000000, 0x00000000ee180000, 0x0000000100000000)
  eden space 168960K, 100% used [0x00000000e0000000,0x00000000ea500000,0x00000000ea500000)
  from space 10752K, 0% used [0x00000000eb100000,0x00000000eb100000,0x00000000ebb80000)
  to   space 12288K, 0% used [0x00000000ea500000,0x00000000ea500000,0x00000000eb100000)
 ParOldGen       total 60416K, used 18180K [0x00000000a0000000, 0x00000000a3b00000, 0x00000000e0000000)
  object space 60416K, 30% used [0x00000000a0000000,0x00000000a11c1248,0x00000000a3b00000)
 Metaspace       used 45578K, capacity 46838K, committed 46896K, reserved 1089536K
  class space    used 6174K, capacity 6435K, committed 6448K, reserved 1048576K
Event: 30.273 GC heap after
Heap after GC invocations=11 (full 2):
 PSYoungGen      total 181248K, used 12282K [0x00000000e0000000, 0x00000000eec00000, 0x0000000100000000)
  eden space 168960K, 0% used [0x00000000e0000000,0x00000000e0000000,0x00000000ea500000)
  from space 12288K, 99% used [0x00000000ea500000,0x00000000eb0feae8,0x00000000eb100000)
  to   space 15360K, 0% used [0x00000000edd00000,0x00000000edd00000,0x00000000eec00000)
 ParOldGen       total 60416K, used 21532K [0x00000000a0000000, 0x00000000a3b00000, 0x00000000e0000000)
  object space 60416K, 35% used [0x00000000a0000000,0x00000000a15073e0,0x00000000a3b00000)
 Metaspace       used 45578K, capacity 46838K, committed 46896K, reserved 1089536K
  class space    used 6174K, capacity 6435K, committed 6448K, reserved 1048576K
}
Event: 34.444 GC heap before
{Heap before GC invocations=12 (full 2):
 PSYoungGen      total 181248K, used 162087K [0x00000000e0000000, 0x00000000eec00000, 0x0000000100000000)
  eden space 168960K, 88% used [0x00000000e0000000,0x00000000e924b350,0x00000000ea500000)
  from space 12288K, 99% used [0x00000000ea500000,0x00000000eb0feae8,0x00000000eb100000)
  to   space 15360K, 0% used [0x00000000edd00000,0x00000000edd00000,0x00000000eec00000)
 ParOldGen       total 60416K, used 21532K [0x00000000a0000000, 0x00000000a3b00000, 0x00000000e0000000)
  object space 60416K, 35% used [0x00000000a0000000,0x00000000a15073e0,0x00000000a3b00000)
 Metaspace       used 51643K, capacity 53580K, committed 53680K, reserved 1095680K
  class space    used 7102K, capacity 7581K, committed 7600K, reserved 1048576K
Event: 34.511 GC heap after
Heap after GC invocations=12 (full 2):
 PSYoungGen      total 218624K, used 15347K [0x00000000e0000000, 0x00000000efb00000, 0x0000000100000000)
  eden space 203264K, 0% used [0x00000000e0000000,0x00000000e0000000,0x00000000ec680000)
  from space 15360K, 99% used [0x00000000edd00000,0x00000000eebfce88,0x00000000eec00000)
  to   space 23040K, 0% used [0x00000000ec680000,0x00000000ec680000,0x00000000edd00000)
 ParOldGen       total 60416K, used 35685K [0x00000000a0000000, 0x00000000a3b00000, 0x00000000e0000000)
  object space 60416K, 59% used [0x00000000a0000000,0x00000000a22d97c8,0x00000000a3b00000)
 Metaspace       used 51643K, capacity 53580K, committed 53680K, reserved 1095680K
  class space    used 7102K, capacity 7581K, committed 7600K, reserved 1048576K
}
Event: 34.511 GC heap before
{Heap before GC invocations=13 (full 3):
 PSYoungGen      total 218624K, used 15347K [0x00000000e0000000, 0x00000000efb00000, 0x0000000100000000)
  eden space 203264K, 0% used [0x00000000e0000000,0x00000000e0000000,0x00000000ec680000)
  from space 15360K, 99% used [0x00000000edd00000,0x00000000eebfce88,0x00000000eec00000)
  to   space 23040K, 0% used [0x00000000ec680000,0x00000000ec680000,0x00000000edd00000)
 ParOldGen       total 60416K, used 35685K [0x00000000a0000000, 0x00000000a3b00000, 0x00000000e0000000)
  object space 60416K, 59% used [0x00000000a0000000,0x00000000a22d97c8,0x00000000a3b00000)
 Metaspace       used 51643K, capacity 53580K, committed 53680K, reserved 1095680K
  class space    used 7102K, capacity 7581K, committed 7600K, reserved 1048576K
Event: 35.076 GC heap after
Heap after GC invocations=13 (full 3):
 PSYoungGen      total 218624K, used 0K [0x00000000e0000000, 0x00000000efb00000, 0x0000000100000000)
  eden space 203264K, 0% used [0x00000000e0000000,0x00000000e0000000,0x00000000ec680000)
  from space 15360K, 0% used [0x00000000edd00000,0x00000000edd00000,0x00000000eec00000)
  to   space 23040K, 0% used [0x00000000ec680000,0x00000000ec680000,0x00000000edd00000)
 ParOldGen       total 60416K, used 43001K [0x00000000a0000000, 0x00000000a3b00000, 0x00000000e0000000)
  object space 60416K, 71% used [0x00000000a0000000,0x00000000a29fe4a0,0x00000000a3b00000)
 Metaspace       used 51643K, capacity 53580K, committed 53680K, reserved 1095680K
  class space    used 7102K, capacity 7581K, committed 7600K, reserved 1048576K
}

