# JRE version: OpenJDK Runtime Environment (8.0_76-b03) (build 1.8.0_76-release-b03)
# Java VM: OpenJDK 64-Bit Server VM (25.76-b03 mixed mode windows-amd64 compressed oops)
Heap:
 PSYoungGen      total 171520K, used 125226K [0x00000000e0000000, 0x00000000ec680000, 0x0000000100000000)
  eden space 154624K, 80% used [0x00000000e0000000,0x00000000e7a4a9b8,0x00000000e9700000)
  from space 16896K, 0% used [0x00000000e9700000,0x00000000e9700000,0x00000000ea780000)
  to   space 22016K, 0% used [0x00000000eb100000,0x00000000eb100000,0x00000000ec680000)
 ParOldGen       total 53760K, used 40536K [0x00000000a0000000, 0x00000000a3480000, 0x00000000e0000000)
  object space 53760K, 75% used [0x00000000a0000000,0x00000000a2796170,0x00000000a3480000)
 Metaspace       used 52573K, capacity 54686K, committed 54832K, reserved 1095680K
  class space    used 7148K, capacity 7610K, committed 7728K, reserved 1048576K
GC Heap History (10 events):
Event: 28.891 GC heap before
{Heap before GC invocations=12 (full 2):
 PSYoungGen      total 128512K, used 7696K [0x00000000e0000000, 0x00000000e9500000, 0x0000000100000000)
  eden space 117248K, 0% used [0x00000000e0000000,0x00000000e0000000,0x00000000e7280000)
  from space 11264K, 68% used [0x00000000e7e00000,0x00000000e85843e0,0x00000000e8900000)
  to   space 11776K, 0% used [0x00000000e7280000,0x00000000e7280000,0x00000000e7e00000)
 ParOldGen       total 41984K, used 12710K [0x00000000a0000000, 0x00000000a2900000, 0x00000000e0000000)
  object space 41984K, 30% used [0x00000000a0000000,0x00000000a0c698d0,0x00000000a2900000)
 Metaspace       used 34578K, capacity 35268K, committed 35496K, reserved 1079296K
  class space    used 4642K, capacity 4829K, committed 4912K, reserved 1048576K
Event: 29.038 GC heap after
Heap after GC invocations=12 (full 2):
 PSYoungGen      total 128512K, used 0K [0x00000000e0000000, 0x00000000e9500000, 0x0000000100000000)
  eden space 117248K, 0% used [0x00000000e0000000,0x00000000e0000000,0x00000000e7280000)
  from space 11264K, 0% used [0x00000000e7e00000,0x00000000e7e00000,0x00000000e8900000)
  to   space 11776K, 0% used [0x00000000e7280000,0x00000000e7280000,0x00000000e7e00000)
 ParOldGen       total 53760K, used 15286K [0x00000000a0000000, 0x00000000a3480000, 0x00000000e0000000)
  object space 53760K, 28% used [0x00000000a0000000,0x00000000a0eeda98,0x00000000a3480000)
 Metaspace       used 34578K, capacity 35268K, committed 35496K, reserved 1079296K
  class space    used 4642K, capacity 4829K, committed 4912K, reserved 1048576K
}
Event: 32.939 GC heap before
{Heap before GC invocations=13 (full 2):
 PSYoungGen      total 128512K, used 117248K [0x00000000e0000000, 0x00000000e9500000, 0x0000000100000000)
  eden space 117248K, 100% used [0x00000000e0000000,0x00000000e7280000,0x00000000e7280000)
  from space 11264K, 0% used [0x00000000e7e00000,0x00000000e7e00000,0x00000000e8900000)
  to   space 11776K, 0% used [0x00000000e7280000,0x00000000e7280000,0x00000000e7e00000)
 ParOldGen       total 53760K, used 15286K [0x00000000a0000000, 0x00000000a3480000, 0x00000000e0000000)
  object space 53760K, 28% used [0x00000000a0000000,0x00000000a0eeda98,0x00000000a3480000)
 Metaspace       used 43466K, capacity 44444K, committed 44720K, reserved 1087488K
  class space    used 5807K, capacity 6042K, committed 6064K, reserved 1048576K
Event: 32.957 GC heap after
Heap after GC invocations=13 (full 2):
 PSYoungGen      total 129024K, used 10035K [0x00000000e0000000, 0x00000000eb400000, 0x0000000100000000)
  eden space 117248K, 0% used [0x00000000e0000000,0x00000000e0000000,0x00000000e7280000)
  from space 11776K, 85% used [0x00000000e7280000,0x00000000e7c4cd20,0x00000000e7e00000)
  to   space 12800K, 0% used [0x00000000ea780000,0x00000000ea780000,0x00000000eb400000)
 ParOldGen       total 53760K, used 15358K [0x00000000a0000000, 0x00000000a3480000, 0x00000000e0000000)
  object space 53760K, 28% used [0x00000000a0000000,0x00000000a0effaa8,0x00000000a3480000)
 Metaspace       used 43466K, capacity 44444K, committed 44720K, reserved 1087488K
  class space    used 5807K, capacity 6042K, committed 6064K, reserved 1048576K
}
Event: 35.959 GC heap before
{Heap before GC invocations=14 (full 2):
 PSYoungGen      total 129024K, used 127283K [0x00000000e0000000, 0x00000000eb400000, 0x0000000100000000)
  eden space 117248K, 100% used [0x00000000e0000000,0x00000000e7280000,0x00000000e7280000)
  from space 11776K, 85% used [0x00000000e7280000,0x00000000e7c4cd20,0x00000000e7e00000)
  to   space 12800K, 0% used [0x00000000ea780000,0x00000000ea780000,0x00000000eb400000)
 ParOldGen       total 53760K, used 15358K [0x00000000a0000000, 0x00000000a3480000, 0x00000000e0000000)
  object space 53760K, 28% used [0x00000000a0000000,0x00000000a0effaa8,0x00000000a3480000)
 Metaspace       used 49287K, capacity 50656K, committed 50864K, reserved 1093632K
  class space    used 6665K, capacity 6970K, committed 7088K, reserved 1048576K
Event: 36.003 GC heap after
Heap after GC invocations=14 (full 2):
 PSYoungGen      total 167424K, used 12784K [0x00000000e0000000, 0x00000000ebc80000, 0x0000000100000000)
  eden space 154624K, 0% used [0x00000000e0000000,0x00000000e0000000,0x00000000e9700000)
  from space 12800K, 99% used [0x00000000ea780000,0x00000000eb3fc010,0x00000000eb400000)
  to   space 16896K, 0% used [0x00000000e9700000,0x00000000e9700000,0x00000000ea780000)
 ParOldGen       total 53760K, used 21994K [0x00000000a0000000, 0x00000000a3480000, 0x00000000e0000000)
  object space 53760K, 40% used [0x00000000a0000000,0x00000000a157abc0,0x00000000a3480000)
 Metaspace       used 49287K, capacity 50656K, committed 50864K, reserved 1093632K
  class space    used 6665K, capacity 6970K, committed 7088K, reserved 1048576K
}
Event: 37.381 GC heap before
{Heap before GC invocations=15 (full 2):
 PSYoungGen      total 167424K, used 93921K [0x00000000e0000000, 0x00000000ebc80000, 0x0000000100000000)
  eden space 154624K, 52% used [0x00000000e0000000,0x00000000e4f3c400,0x00000000e9700000)
  from space 12800K, 99% used [0x00000000ea780000,0x00000000eb3fc010,0x00000000eb400000)
  to   space 16896K, 0% used [0x00000000e9700000,0x00000000e9700000,0x00000000ea780000)
 ParOldGen       total 53760K, used 21994K [0x00000000a0000000, 0x00000000a3480000, 0x00000000e0000000)
  object space 53760K, 40% used [0x00000000a0000000,0x00000000a157abc0,0x00000000a3480000)
 Metaspace       used 51647K, capacity 53660K, committed 53936K, reserved 1095680K
  class space    used 7095K, capacity 7547K, committed 7600K, reserved 1048576K
Event: 37.442 GC heap after
Heap after GC invocations=15 (full 2):
 PSYoungGen      total 171520K, used 16866K [0x00000000e0000000, 0x00000000ec680000, 0x0000000100000000)
  eden space 154624K, 0% used [0x00000000e0000000,0x00000000e0000000,0x00000000e9700000)
  from space 16896K, 99% used [0x00000000e9700000,0x00000000ea7788c0,0x00000000ea780000)
  to   space 22016K, 0% used [0x00000000eb100000,0x00000000eb100000,0x00000000ec680000)
 ParOldGen       total 53760K, used 28943K [0x00000000a0000000, 0x00000000a3480000, 0x00000000e0000000)
  object space 53760K, 53% used [0x00000000a0000000,0x00000000a1c43f00,0x00000000a3480000)
 Metaspace       used 51647K, capacity 53660K, committed 53936K, reserved 1095680K
  class space    used 7095K, capacity 7547K, committed 7600K, reserved 1048576K
}
Event: 37.442 GC heap before
{Heap before GC invocations=16 (full 3):
 PSYoungGen      total 171520K, used 16866K [0x00000000e0000000, 0x00000000ec680000, 0x0000000100000000)
  eden space 154624K, 0% used [0x00000000e0000000,0x00000000e0000000,0x00000000e9700000)
  from space 16896K, 99% used [0x00000000e9700000,0x00000000ea7788c0,0x00000000ea780000)
  to   space 22016K, 0% used [0x00000000eb100000,0x00000000eb100000,0x00000000ec680000)
 ParOldGen       total 53760K, used 28943K [0x00000000a0000000, 0x00000000a3480000, 0x00000000e0000000)
  object space 53760K, 53% used [0x00000000a0000000,0x00000000a1c43f00,0x00000000a3480000)
 Metaspace       used 51647K, capacity 53660K, committed 53936K, reserved 1095680K
  class space    used 7095K, capacity 7547K, committed 7600K, reserved 1048576K
Event: 37.954 GC heap after
Heap after GC invocations=16 (full 3):
 PSYoungGen      total 171520K, used 0K [0x00000000e0000000, 0x00000000ec680000, 0x0000000100000000)
  eden space 154624K, 0% used [0x00000000e0000000,0x00000000e0000000,0x00000000e9700000)
  from space 16896K, 0% used [0x00000000e9700000,0x00000000e9700000,0x00000000ea780000)
  to   space 22016K, 0% used [0x00000000eb100000,0x00000000eb100000,0x00000000ec680000)
 ParOldGen       total 53760K, used 40536K [0x00000000a0000000, 0x00000000a3480000, 0x00000000e0000000)
  object space 53760K, 75% used [0x00000000a0000000,0x00000000a2796170,0x00000000a3480000)
 Metaspace       used 51647K, capacity 53660K, committed 53936K, reserved 1095680K
  class space    used 7095K, capacity 7547K, committed 7600K, reserved 1048576K
}

