# JRE version: OpenJDK Runtime Environment (8.0_76-b03) (build 1.8.0_76-release-b03)
# Java VM: OpenJDK 64-Bit Server VM (25.76-b03 mixed mode windows-amd64 compressed oops)
Heap:
 PSYoungGen      total 136192K, used 125938K [0x00000000e0000000, 0x00000000ea600000, 0x0000000100000000)
  eden space 120832K, 91% used [0x00000000e0000000,0x00000000e6bfe080,0x00000000e7600000)
  from space 15360K, 99% used [0x00000000e8a80000,0x00000000e997eaa8,0x00000000e9980000)
  to   space 20992K, 0% used [0x00000000e7600000,0x00000000e7600000,0x00000000e8a80000)
 ParOldGen       total 56832K, used 31333K [0x00000000a0000000, 0x00000000a3780000, 0x00000000e0000000)
  object space 56832K, 55% used [0x00000000a0000000,0x00000000a1e99558,0x00000000a3780000)
 Metaspace       used 50572K, capacity 51886K, committed 52136K, reserved 1093632K
  class space    used 6653K, capacity 6975K, committed 7088K, reserved 1048576K
GC Heap History (10 events):
Event: 11.965 GC heap before
{Heap before GC invocations=14 (full 2):
 PSYoungGen      total 86528K, used 8717K [0x00000000e0000000, 0x00000000e6380000, 0x0000000100000000)
  eden space 77312K, 0% used [0x00000000e0000000,0x00000000e0000000,0x00000000e4b80000)
  from space 9216K, 94% used [0x00000000e5580000,0x00000000e5e03620,0x00000000e5e80000)
  to   space 10240K, 0% used [0x00000000e4b80000,0x00000000e4b80000,0x00000000e5580000)
 ParOldGen       total 37888K, used 10167K [0x00000000a0000000, 0x00000000a2500000, 0x00000000e0000000)
  object space 37888K, 26% used [0x00000000a0000000,0x00000000a09edcb8,0x00000000a2500000)
 Metaspace       used 34499K, capacity 35052K, committed 35496K, reserved 1079296K
  class space    used 4624K, capacity 4781K, committed 4784K, reserved 1048576K
Event: 12.042 GC heap after
Heap after GC invocations=14 (full 2):
 PSYoungGen      total 86528K, used 0K [0x00000000e0000000, 0x00000000e6380000, 0x0000000100000000)
  eden space 77312K, 0% used [0x00000000e0000000,0x00000000e0000000,0x00000000e4b80000)
  from space 9216K, 0% used [0x00000000e5580000,0x00000000e5580000,0x00000000e5e80000)
  to   space 10240K, 0% used [0x00000000e4b80000,0x00000000e4b80000,0x00000000e5580000)
 ParOldGen       total 56832K, used 15549K [0x00000000a0000000, 0x00000000a3780000, 0x00000000e0000000)
  object space 56832K, 27% used [0x00000000a0000000,0x00000000a0f2f460,0x00000000a3780000)
 Metaspace       used 34499K, capacity 35052K, committed 35496K, reserved 1079296K
  class space    used 4624K, capacity 4781K, committed 4784K, reserved 1048576K
}
Event: 14.725 GC heap before
{Heap before GC invocations=15 (full 2):
 PSYoungGen      total 86528K, used 77312K [0x00000000e0000000, 0x00000000e6380000, 0x0000000100000000)
  eden space 77312K, 100% used [0x00000000e0000000,0x00000000e4b80000,0x00000000e4b80000)
  from space 9216K, 0% used [0x00000000e5580000,0x00000000e5580000,0x00000000e5e80000)
  to   space 10240K, 0% used [0x00000000e4b80000,0x00000000e4b80000,0x00000000e5580000)
 ParOldGen       total 56832K, used 15549K [0x00000000a0000000, 0x00000000a3780000, 0x00000000e0000000)
  object space 56832K, 27% used [0x00000000a0000000,0x00000000a0f2f460,0x00000000a3780000)
 Metaspace       used 41172K, capacity 41926K, committed 42408K, reserved 1085440K
  class space    used 5506K, capacity 5683K, committed 5808K, reserved 1048576K
Event: 14.735 GC heap after
Heap after GC invocations=15 (full 2):
 PSYoungGen      total 87552K, used 6820K [0x00000000e0000000, 0x00000000e7580000, 0x0000000100000000)
  eden space 77312K, 0% used [0x00000000e0000000,0x00000000e0000000,0x00000000e4b80000)
  from space 10240K, 66% used [0x00000000e4b80000,0x00000000e5229048,0x00000000e5580000)
  to   space 10240K, 0% used [0x00000000e6b80000,0x00000000e6b80000,0x00000000e7580000)
 ParOldGen       total 56832K, used 15621K [0x00000000a0000000, 0x00000000a3780000, 0x00000000e0000000)
  object space 56832K, 27% used [0x00000000a0000000,0x00000000a0f41470,0x00000000a3780000)
 Metaspace       used 41172K, capacity 41926K, committed 42408K, reserved 1085440K
  class space    used 5506K, capacity 5683K, committed 5808K, reserved 1048576K
}
Event: 16.491 GC heap before
{Heap before GC invocations=16 (full 2):
 PSYoungGen      total 87552K, used 84132K [0x00000000e0000000, 0x00000000e7580000, 0x0000000100000000)
  eden space 77312K, 100% used [0x00000000e0000000,0x00000000e4b80000,0x00000000e4b80000)
  from space 10240K, 66% used [0x00000000e4b80000,0x00000000e5229048,0x00000000e5580000)
  to   space 10240K, 0% used [0x00000000e6b80000,0x00000000e6b80000,0x00000000e7580000)
 ParOldGen       total 56832K, used 15621K [0x00000000a0000000, 0x00000000a3780000, 0x00000000e0000000)
  object space 56832K, 27% used [0x00000000a0000000,0x00000000a0f41470,0x00000000a3780000)
 Metaspace       used 44525K, capacity 45534K, committed 45736K, reserved 1089536K
  class space    used 5973K, capacity 6193K, committed 6320K, reserved 1048576K
Event: 16.510 GC heap after
Heap after GC invocations=16 (full 2):
 PSYoungGen      total 108544K, used 10227K [0x00000000e0000000, 0x00000000e7800000, 0x0000000100000000)
  eden space 98304K, 0% used [0x00000000e0000000,0x00000000e0000000,0x00000000e6000000)
  from space 10240K, 99% used [0x00000000e6b80000,0x00000000e757cc20,0x00000000e7580000)
  to   space 11776K, 0% used [0x00000000e6000000,0x00000000e6000000,0x00000000e6b80000)
 ParOldGen       total 56832K, used 17115K [0x00000000a0000000, 0x00000000a3780000, 0x00000000e0000000)
  object space 56832K, 30% used [0x00000000a0000000,0x00000000a10b6c40,0x00000000a3780000)
 Metaspace       used 44525K, capacity 45534K, committed 45736K, reserved 1089536K
  class space    used 5973K, capacity 6193K, committed 6320K, reserved 1048576K
}
Event: 18.646 GC heap before
{Heap before GC invocations=17 (full 2):
 PSYoungGen      total 108544K, used 108531K [0x00000000e0000000, 0x00000000e7800000, 0x0000000100000000)
  eden space 98304K, 100% used [0x00000000e0000000,0x00000000e6000000,0x00000000e6000000)
  from space 10240K, 99% used [0x00000000e6b80000,0x00000000e757cc20,0x00000000e7580000)
  to   space 11776K, 0% used [0x00000000e6000000,0x00000000e6000000,0x00000000e6b80000)
 ParOldGen       total 56832K, used 17115K [0x00000000a0000000, 0x00000000a3780000, 0x00000000e0000000)
  object space 56832K, 30% used [0x00000000a0000000,0x00000000a10b6c40,0x00000000a3780000)
 Metaspace       used 48843K, capacity 50116K, committed 50344K, reserved 1093632K
  class space    used 6521K, capacity 6776K, committed 6832K, reserved 1048576K
Event: 18.678 GC heap after
Heap after GC invocations=17 (full 2):
 PSYoungGen      total 110080K, used 11760K [0x00000000e0000000, 0x00000000e9980000, 0x0000000100000000)
  eden space 98304K, 0% used [0x00000000e0000000,0x00000000e0000000,0x00000000e6000000)
  from space 11776K, 99% used [0x00000000e6000000,0x00000000e6b7c010,0x00000000e6b80000)
  to   space 15360K, 0% used [0x00000000e8a80000,0x00000000e8a80000,0x00000000e9980000)
 ParOldGen       total 56832K, used 22818K [0x00000000a0000000, 0x00000000a3780000, 0x00000000e0000000)
  object space 56832K, 40% used [0x00000000a0000000,0x00000000a1648a18,0x00000000a3780000)
 Metaspace       used 48843K, capacity 50116K, committed 50344K, reserved 1093632K
  class space    used 6521K, capacity 6776K, committed 6832K, reserved 1048576K
}
Event: 20.797 GC heap before
{Heap before GC invocations=18 (full 2):
 PSYoungGen      total 110080K, used 110064K [0x00000000e0000000, 0x00000000e9980000, 0x0000000100000000)
  eden space 98304K, 100% used [0x00000000e0000000,0x00000000e6000000,0x00000000e6000000)
  from space 11776K, 99% used [0x00000000e6000000,0x00000000e6b7c010,0x00000000e6b80000)
  to   space 15360K, 0% used [0x00000000e8a80000,0x00000000e8a80000,0x00000000e9980000)
 ParOldGen       total 56832K, used 22818K [0x00000000a0000000, 0x00000000a3780000, 0x00000000e0000000)
  object space 56832K, 40% used [0x00000000a0000000,0x00000000a1648a18,0x00000000a3780000)
 Metaspace       used 50226K, capacity 51490K, committed 51752K, reserved 1093632K
  class space    used 6628K, capacity 6909K, committed 6960K, reserved 1048576K
Event: 20.837 GC heap after
Heap after GC invocations=18 (full 2):
 PSYoungGen      total 136192K, used 15354K [0x00000000e0000000, 0x00000000ea600000, 0x0000000100000000)
  eden space 120832K, 0% used [0x00000000e0000000,0x00000000e0000000,0x00000000e7600000)
  from space 15360K, 99% used [0x00000000e8a80000,0x00000000e997eaa8,0x00000000e9980000)
  to   space 20992K, 0% used [0x00000000e7600000,0x00000000e7600000,0x00000000e8a80000)
 ParOldGen       total 56832K, used 31333K [0x00000000a0000000, 0x00000000a3780000, 0x00000000e0000000)
  object space 56832K, 55% used [0x00000000a0000000,0x00000000a1e99558,0x00000000a3780000)
 Metaspace       used 50226K, capacity 51490K, committed 51752K, reserved 1093632K
  class space    used 6628K, capacity 6909K, committed 6960K, reserved 1048576K
}

