# JRE version: OpenJDK Runtime Environment (8.0_76-b03) (build 1.8.0_76-release-b03)
# Java VM: OpenJDK 64-Bit Server VM (25.76-b03 mixed mode windows-amd64 compressed oops)
Heap:
 PSYoungGen      total 86528K, used 6153K [0x00000000e0000000, 0x00000000e5d80000, 0x0000000100000000)
  eden space 80384K, 1% used [0x00000000e0000000,0x00000000e018b478,0x00000000e4e80000)
  from space 6144K, 74% used [0x00000000e5780000,0x00000000e5bf7270,0x00000000e5d80000)
  to   space 7680K, 0% used [0x00000000e4e80000,0x00000000e4e80000,0x00000000e5600000)
 ParOldGen       total 34304K, used 13331K [0x00000000a0000000, 0x00000000a2180000, 0x00000000e0000000)
  object space 34304K, 38% used [0x00000000a0000000,0x00000000a0d04e60,0x00000000a2180000)
 Metaspace       used 30982K, capacity 31584K, committed 31792K, reserved 1077248K
  class space    used 4194K, capacity 4351K, committed 4400K, reserved 1048576K
GC Heap History (10 events):
Event: 24.208 GC heap before
{Heap before GC invocations=6 (full 0):
 PSYoungGen      total 35328K, used 24440K [0x00000000e0000000, 0x00000000e2500000, 0x0000000100000000)
  eden space 32768K, 66% used [0x00000000e0000000,0x00000000e155e1f8,0x00000000e2000000)
  from space 2560K, 100% used [0x00000000e2000000,0x00000000e2280000,0x00000000e2280000)
  to   space 2560K, 0% used [0x00000000e2280000,0x00000000e2280000,0x00000000e2500000)
 ParOldGen       total 44032K, used 9984K [0x00000000a0000000, 0x00000000a2b00000, 0x00000000e0000000)
  object space 44032K, 22% used [0x00000000a0000000,0x00000000a09c0360,0x00000000a2b00000)
 Metaspace       used 20800K, capacity 21244K, committed 21296K, reserved 1067008K
  class space    used 2701K, capacity 2830K, committed 2864K, reserved 1048576K
Event: 24.216 GC heap after
Heap after GC invocations=6 (full 0):
 PSYoungGen      total 35328K, used 2560K [0x00000000e0000000, 0x00000000e2500000, 0x0000000100000000)
  eden space 32768K, 0% used [0x00000000e0000000,0x00000000e0000000,0x00000000e2000000)
  from space 2560K, 100% used [0x00000000e2280000,0x00000000e2500000,0x00000000e2500000)
  to   space 2560K, 0% used [0x00000000e2000000,0x00000000e2000000,0x00000000e2280000)
 ParOldGen       total 44032K, used 12815K [0x00000000a0000000, 0x00000000a2b00000, 0x00000000e0000000)
  object space 44032K, 29% used [0x00000000a0000000,0x00000000a0c83d60,0x00000000a2b00000)
 Metaspace       used 20800K, capacity 21244K, committed 21296K, reserved 1067008K
  class space    used 2701K, capacity 2830K, committed 2864K, reserved 1048576K
}
Event: 24.216 GC heap before
{Heap before GC invocations=7 (full 1):
 PSYoungGen      total 35328K, used 2560K [0x00000000e0000000, 0x00000000e2500000, 0x0000000100000000)
  eden space 32768K, 0% used [0x00000000e0000000,0x00000000e0000000,0x00000000e2000000)
  from space 2560K, 100% used [0x00000000e2280000,0x00000000e2500000,0x00000000e2500000)
  to   space 2560K, 0% used [0x00000000e2000000,0x00000000e2000000,0x00000000e2280000)
 ParOldGen       total 44032K, used 12815K [0x00000000a0000000, 0x00000000a2b00000, 0x00000000e0000000)
  object space 44032K, 29% used [0x00000000a0000000,0x00000000a0c83d60,0x00000000a2b00000)
 Metaspace       used 20800K, capacity 21244K, committed 21296K, reserved 1067008K
  class space    used 2701K, capacity 2830K, committed 2864K, reserved 1048576K
Event: 24.317 GC heap after
Heap after GC invocations=7 (full 1):
 PSYoungGen      total 35328K, used 0K [0x00000000e0000000, 0x00000000e2500000, 0x0000000100000000)
  eden space 32768K, 0% used [0x00000000e0000000,0x00000000e0000000,0x00000000e2000000)
  from space 2560K, 0% used [0x00000000e2280000,0x00000000e2280000,0x00000000e2500000)
  to   space 2560K, 0% used [0x00000000e2000000,0x00000000e2000000,0x00000000e2280000)
 ParOldGen       total 34304K, used 8591K [0x00000000a0000000, 0x00000000a2180000, 0x00000000e0000000)
  object space 34304K, 25% used [0x00000000a0000000,0x00000000a0863fa8,0x00000000a2180000)
 Metaspace       used 20800K, capacity 21244K, committed 21296K, reserved 1067008K
  class space    used 2701K, capacity 2830K, committed 2864K, reserved 1048576K
}
Event: 26.357 GC heap before
{Heap before GC invocations=8 (full 1):
 PSYoungGen      total 35328K, used 32768K [0x00000000e0000000, 0x00000000e2500000, 0x0000000100000000)
  eden space 32768K, 100% used [0x00000000e0000000,0x00000000e2000000,0x00000000e2000000)
  from space 2560K, 0% used [0x00000000e2280000,0x00000000e2280000,0x00000000e2500000)
  to   space 2560K, 0% used [0x00000000e2000000,0x00000000e2000000,0x00000000e2280000)
 ParOldGen       total 34304K, used 8591K [0x00000000a0000000, 0x00000000a2180000, 0x00000000e0000000)
  object space 34304K, 25% used [0x00000000a0000000,0x00000000a0863fa8,0x00000000a2180000)
 Metaspace       used 23480K, capacity 24064K, committed 24368K, reserved 1071104K
  class space    used 3139K, capacity 3321K, committed 3376K, reserved 1048576K
Event: 26.366 GC heap after
Heap after GC invocations=8 (full 1):
 PSYoungGen      total 35328K, used 2557K [0x00000000e0000000, 0x00000000e4900000, 0x0000000100000000)
  eden space 32768K, 0% used [0x00000000e0000000,0x00000000e0000000,0x00000000e2000000)
  from space 2560K, 99% used [0x00000000e2000000,0x00000000e227f628,0x00000000e2280000)
  to   space 8192K, 0% used [0x00000000e4100000,0x00000000e4100000,0x00000000e4900000)
 ParOldGen       total 34304K, used 10634K [0x00000000a0000000, 0x00000000a2180000, 0x00000000e0000000)
  object space 34304K, 31% used [0x00000000a0000000,0x00000000a0a62a30,0x00000000a2180000)
 Metaspace       used 23480K, capacity 24064K, committed 24368K, reserved 1071104K
  class space    used 3139K, capacity 3321K, committed 3376K, reserved 1048576K
}
Event: 28.186 GC heap before
{Heap before GC invocations=9 (full 1):
 PSYoungGen      total 35328K, used 35325K [0x00000000e0000000, 0x00000000e4900000, 0x0000000100000000)
  eden space 32768K, 100% used [0x00000000e0000000,0x00000000e2000000,0x00000000e2000000)
  from space 2560K, 99% used [0x00000000e2000000,0x00000000e227f628,0x00000000e2280000)
  to   space 8192K, 0% used [0x00000000e4100000,0x00000000e4100000,0x00000000e4900000)
 ParOldGen       total 34304K, used 10634K [0x00000000a0000000, 0x00000000a2180000, 0x00000000e0000000)
  object space 34304K, 31% used [0x00000000a0000000,0x00000000a0a62a30,0x00000000a2180000)
 Metaspace       used 25969K, capacity 26614K, committed 26800K, reserved 1073152K
  class space    used 3566K, capacity 3717K, committed 3760K, reserved 1048576K
Event: 28.192 GC heap after
Heap after GC invocations=9 (full 1):
 PSYoungGen      total 63488K, used 5123K [0x00000000e0000000, 0x00000000e4780000, 0x0000000100000000)
  eden space 56832K, 0% used [0x00000000e0000000,0x00000000e0000000,0x00000000e3780000)
  from space 6656K, 76% used [0x00000000e4100000,0x00000000e4600c00,0x00000000e4780000)
  to   space 8192K, 0% used [0x00000000e3780000,0x00000000e3780000,0x00000000e3f80000)
 ParOldGen       total 34304K, used 10642K [0x00000000a0000000, 0x00000000a2180000, 0x00000000e0000000)
  object space 34304K, 31% used [0x00000000a0000000,0x00000000a0a64a30,0x00000000a2180000)
 Metaspace       used 25969K, capacity 26614K, committed 26800K, reserved 1073152K
  class space    used 3566K, capacity 3717K, committed 3760K, reserved 1048576K
}
Event: 32.673 GC heap before
{Heap before GC invocations=10 (full 1):
 PSYoungGen      total 63488K, used 61955K [0x00000000e0000000, 0x00000000e4780000, 0x0000000100000000)
  eden space 56832K, 100% used [0x00000000e0000000,0x00000000e3780000,0x00000000e3780000)
  from space 6656K, 76% used [0x00000000e4100000,0x00000000e4600c00,0x00000000e4780000)
  to   space 8192K, 0% used [0x00000000e3780000,0x00000000e3780000,0x00000000e3f80000)
 ParOldGen       total 34304K, used 10642K [0x00000000a0000000, 0x00000000a2180000, 0x00000000e0000000)
  object space 34304K, 31% used [0x00000000a0000000,0x00000000a0a64a30,0x00000000a2180000)
 Metaspace       used 28288K, capacity 28910K, committed 29104K, reserved 1075200K
  class space    used 3863K, capacity 4009K, committed 4016K, reserved 1048576K
Event: 32.705 GC heap after
Heap after GC invocations=10 (full 1):
 PSYoungGen      total 65024K, used 5728K [0x00000000e0000000, 0x00000000e5f80000, 0x0000000100000000)
  eden space 56832K, 0% used [0x00000000e0000000,0x00000000e0000000,0x00000000e3780000)
  from space 8192K, 69% used [0x00000000e3780000,0x00000000e3d180a8,0x00000000e3f80000)
  to   space 8192K, 0% used [0x00000000e5780000,0x00000000e5780000,0x00000000e5f80000)
 ParOldGen       total 34304K, used 10642K [0x00000000a0000000, 0x00000000a2180000, 0x00000000e0000000)
  object space 34304K, 31% used [0x00000000a0000000,0x00000000a0a64a30,0x00000000a2180000)
 Metaspace       used 28288K, capacity 28910K, committed 29104K, reserved 1075200K
  class space    used 3863K, capacity 4009K, committed 4016K, reserved 1048576K
}

