# JRE version: OpenJDK Runtime Environment (8.0_76-b03) (build 1.8.0_76-release-b03)
# Java VM: OpenJDK 64-Bit Server VM (25.76-b03 mixed mode windows-amd64 compressed oops)
Heap:
 PSYoungGen      total 61952K, used 10818K [0x00000000e0000000, 0x00000000e4500000, 0x0000000100000000)
  eden space 53248K, 3% used [0x00000000e0000000,0x00000000e0213c48,0x00000000e3400000)
  from space 8704K, 99% used [0x00000000e3400000,0x00000000e3c7cc90,0x00000000e3c80000)
  to   space 7680K, 0% used [0x00000000e3c80000,0x00000000e3c80000,0x00000000e4400000)
 ParOldGen       total 51712K, used 18660K [0x00000000a0000000, 0x00000000a3280000, 0x00000000e0000000)
  object space 51712K, 36% used [0x00000000a0000000,0x00000000a1239140,0x00000000a3280000)
 Metaspace       used 44915K, capacity 46012K, committed 46128K, reserved 1089536K
  class space    used 6056K, capacity 6332K, committed 6448K, reserved 1048576K
GC Heap History (10 events):
Event: 97.145 GC heap before
{Heap before GC invocations=16 (full 1):
 PSYoungGen      total 55808K, used 50016K [0x00000000e0000000, 0x00000000e3e00000, 0x0000000100000000)
  eden space 49152K, 100% used [0x00000000e0000000,0x00000000e3000000,0x00000000e3000000)
  from space 6656K, 12% used [0x00000000e3780000,0x00000000e3858000,0x00000000e3e00000)
  to   space 7168K, 0% used [0x00000000e3000000,0x00000000e3000000,0x00000000e3700000)
 ParOldGen       total 32256K, used 11484K [0x00000000a0000000, 0x00000000a1f80000, 0x00000000e0000000)
  object space 32256K, 35% used [0x00000000a0000000,0x00000000a0b37208,0x00000000a1f80000)
 Metaspace       used 32821K, capacity 33640K, committed 33968K, reserved 1079296K
  class space    used 4428K, capacity 4659K, committed 4784K, reserved 1048576K
Event: 97.169 GC heap after
Heap after GC invocations=16 (full 1):
 PSYoungGen      total 53248K, used 5556K [0x00000000e0000000, 0x00000000e3d80000, 0x0000000100000000)
  eden space 47616K, 0% used [0x00000000e0000000,0x00000000e0000000,0x00000000e2e80000)
  from space 5632K, 98% used [0x00000000e3000000,0x00000000e356d008,0x00000000e3580000)
  to   space 7680K, 0% used [0x00000000e3600000,0x00000000e3600000,0x00000000e3d80000)
 ParOldGen       total 32256K, used 11868K [0x00000000a0000000, 0x00000000a1f80000, 0x00000000e0000000)
  object space 32256K, 36% used [0x00000000a0000000,0x00000000a0b97208,0x00000000a1f80000)
 Metaspace       used 32821K, capacity 33640K, committed 33968K, reserved 1079296K
  class space    used 4428K, capacity 4659K, committed 4784K, reserved 1048576K
}
Event: 100.537 GC heap before
{Heap before GC invocations=17 (full 1):
 PSYoungGen      total 53248K, used 43285K [0x00000000e0000000, 0x00000000e3d80000, 0x0000000100000000)
  eden space 47616K, 79% used [0x00000000e0000000,0x00000000e24d87e8,0x00000000e2e80000)
  from space 5632K, 98% used [0x00000000e3000000,0x00000000e356d008,0x00000000e3580000)
  to   space 7680K, 0% used [0x00000000e3600000,0x00000000e3600000,0x00000000e3d80000)
 ParOldGen       total 32256K, used 11868K [0x00000000a0000000, 0x00000000a1f80000, 0x00000000e0000000)
  object space 32256K, 36% used [0x00000000a0000000,0x00000000a0b97208,0x00000000a1f80000)
 Metaspace       used 34647K, capacity 35372K, committed 35496K, reserved 1079296K
  class space    used 4653K, capacity 4889K, committed 4912K, reserved 1048576K
Event: 100.557 GC heap after
Heap after GC invocations=17 (full 1):
 PSYoungGen      total 51200K, used 3090K [0x00000000e0000000, 0x00000000e3b00000, 0x0000000100000000)
  eden space 46080K, 0% used [0x00000000e0000000,0x00000000e0000000,0x00000000e2d00000)
  from space 5120K, 60% used [0x00000000e3600000,0x00000000e3904948,0x00000000e3b00000)
  to   space 7168K, 0% used [0x00000000e2d00000,0x00000000e2d00000,0x00000000e3400000)
 ParOldGen       total 32256K, used 13752K [0x00000000a0000000, 0x00000000a1f80000, 0x00000000e0000000)
  object space 32256K, 42% used [0x00000000a0000000,0x00000000a0d6e218,0x00000000a1f80000)
 Metaspace       used 34647K, capacity 35372K, committed 35496K, reserved 1079296K
  class space    used 4653K, capacity 4889K, committed 4912K, reserved 1048576K
}
Event: 100.557 GC heap before
{Heap before GC invocations=18 (full 2):
 PSYoungGen      total 51200K, used 3090K [0x00000000e0000000, 0x00000000e3b00000, 0x0000000100000000)
  eden space 46080K, 0% used [0x00000000e0000000,0x00000000e0000000,0x00000000e2d00000)
  from space 5120K, 60% used [0x00000000e3600000,0x00000000e3904948,0x00000000e3b00000)
  to   space 7168K, 0% used [0x00000000e2d00000,0x00000000e2d00000,0x00000000e3400000)
 ParOldGen       total 32256K, used 13752K [0x00000000a0000000, 0x00000000a1f80000, 0x00000000e0000000)
  object space 32256K, 42% used [0x00000000a0000000,0x00000000a0d6e218,0x00000000a1f80000)
 Metaspace       used 34647K, capacity 35372K, committed 35496K, reserved 1079296K
  class space    used 4653K, capacity 4889K, committed 4912K, reserved 1048576K
Event: 100.941 GC heap after
Heap after GC invocations=18 (full 2):
 PSYoungGen      total 51200K, used 0K [0x00000000e0000000, 0x00000000e3b00000, 0x0000000100000000)
  eden space 46080K, 0% used [0x00000000e0000000,0x00000000e0000000,0x00000000e2d00000)
  from space 5120K, 0% used [0x00000000e3600000,0x00000000e3600000,0x00000000e3b00000)
  to   space 7168K, 0% used [0x00000000e2d00000,0x00000000e2d00000,0x00000000e3400000)
 ParOldGen       total 51712K, used 15767K [0x00000000a0000000, 0x00000000a3280000, 0x00000000e0000000)
  object space 51712K, 30% used [0x00000000a0000000,0x00000000a0f65c28,0x00000000a3280000)
 Metaspace       used 34647K, capacity 35372K, committed 35496K, reserved 1079296K
  class space    used 4653K, capacity 4889K, committed 4912K, reserved 1048576K
}
Event: 106.809 GC heap before
{Heap before GC invocations=19 (full 2):
 PSYoungGen      total 51200K, used 46080K [0x00000000e0000000, 0x00000000e3b00000, 0x0000000100000000)
  eden space 46080K, 100% used [0x00000000e0000000,0x00000000e2d00000,0x00000000e2d00000)
  from space 5120K, 0% used [0x00000000e3600000,0x00000000e3600000,0x00000000e3b00000)
  to   space 7168K, 0% used [0x00000000e2d00000,0x00000000e2d00000,0x00000000e3400000)
 ParOldGen       total 51712K, used 15767K [0x00000000a0000000, 0x00000000a3280000, 0x00000000e0000000)
  object space 51712K, 30% used [0x00000000a0000000,0x00000000a0f65c28,0x00000000a3280000)
 Metaspace       used 36922K, capacity 37776K, committed 38064K, reserved 1081344K
  class space    used 4987K, capacity 5198K, committed 5296K, reserved 1048576K
Event: 106.855 GC heap after
Heap after GC invocations=19 (full 2):
 PSYoungGen      total 53248K, used 5772K [0x00000000e0000000, 0x00000000e4400000, 0x0000000100000000)
  eden space 46080K, 0% used [0x00000000e0000000,0x00000000e0000000,0x00000000e2d00000)
  from space 7168K, 80% used [0x00000000e2d00000,0x00000000e32a3368,0x00000000e3400000)
  to   space 7680K, 0% used [0x00000000e3c80000,0x00000000e3c80000,0x00000000e4400000)
 ParOldGen       total 51712K, used 15775K [0x00000000a0000000, 0x00000000a3280000, 0x00000000e0000000)
  object space 51712K, 30% used [0x00000000a0000000,0x00000000a0f67c28,0x00000000a3280000)
 Metaspace       used 36922K, capacity 37776K, committed 38064K, reserved 1081344K
  class space    used 4987K, capacity 5198K, committed 5296K, reserved 1048576K
}
Event: 135.426 GC heap before
{Heap before GC invocations=20 (full 2):
 PSYoungGen      total 53248K, used 51852K [0x00000000e0000000, 0x00000000e4400000, 0x0000000100000000)
  eden space 46080K, 100% used [0x00000000e0000000,0x00000000e2d00000,0x00000000e2d00000)
  from space 7168K, 80% used [0x00000000e2d00000,0x00000000e32a3368,0x00000000e3400000)
  to   space 7680K, 0% used [0x00000000e3c80000,0x00000000e3c80000,0x00000000e4400000)
 ParOldGen       total 51712K, used 15775K [0x00000000a0000000, 0x00000000a3280000, 0x00000000e0000000)
  object space 51712K, 30% used [0x00000000a0000000,0x00000000a0f67c28,0x00000000a3280000)
 Metaspace       used 41703K, capacity 42632K, committed 42928K, reserved 1087488K
  class space    used 5581K, capacity 5802K, committed 5808K, reserved 1048576K
Event: 135.456 GC heap after
Heap after GC invocations=20 (full 2):
 PSYoungGen      total 60928K, used 6628K [0x00000000e0000000, 0x00000000e4500000, 0x0000000100000000)
  eden space 53248K, 0% used [0x00000000e0000000,0x00000000e0000000,0x00000000e3400000)
  from space 7680K, 86% used [0x00000000e3c80000,0x00000000e42f91c0,0x00000000e4400000)
  to   space 8704K, 0% used [0x00000000e3400000,0x00000000e3400000,0x00000000e3c80000)
 ParOldGen       total 51712K, used 15783K [0x00000000a0000000, 0x00000000a3280000, 0x00000000e0000000)
  object space 51712K, 30% used [0x00000000a0000000,0x00000000a0f69c28,0x00000000a3280000)
 Metaspace       used 41703K, capacity 42632K, committed 42928K, reserved 1087488K
  class space    used 5581K, capacity 5802K, committed 5808K, reserved 1048576K
}

