# JRE version: OpenJDK Runtime Environment (8.0_76-b03) (build 1.8.0_76-release-b03)
# Java VM: OpenJDK 64-Bit Server VM (25.76-b03 mixed mode windows-amd64 compressed oops)
Heap:
 PSYoungGen      total 100864K, used 63276K [0x00000000e0000000, 0x00000000e8400000, 0x0000000100000000)
  eden space 91648K, 61% used [0x00000000e0000000,0x00000000e375f0f0,0x00000000e5980000)
  from space 9216K, 71% used [0x00000000e5980000,0x00000000e5fec050,0x00000000e6280000)
  to   space 9216K, 0% used [0x00000000e7b00000,0x00000000e7b00000,0x00000000e8400000)
 ParOldGen       total 57344K, used 22733K [0x00000000a0000000, 0x00000000a3800000, 0x00000000e0000000)
  object space 57344K, 39% used [0x00000000a0000000,0x00000000a16336c0,0x00000000a3800000)
 Metaspace       used 47957K, capacity 49192K, committed 49448K, reserved 1091584K
  class space    used 6387K, capacity 6686K, committed 6704K, reserved 1048576K
GC Heap History (10 events):
Event: 10.191 GC heap before
{Heap before GC invocations=11 (full 1):
 PSYoungGen      total 70656K, used 70231K [0x00000000e0000000, 0x00000000e5480000, 0x0000000100000000)
  eden space 63488K, 100% used [0x00000000e0000000,0x00000000e3e00000,0x00000000e3e00000)
  from space 7168K, 94% used [0x00000000e3e00000,0x00000000e4495d10,0x00000000e4500000)
  to   space 8192K, 0% used [0x00000000e4c80000,0x00000000e4c80000,0x00000000e5480000)
 ParOldGen       total 35840K, used 8649K [0x00000000a0000000, 0x00000000a2300000, 0x00000000e0000000)
  object space 35840K, 24% used [0x00000000a0000000,0x00000000a08725b8,0x00000000a2300000)
 Metaspace       used 28409K, capacity 29038K, committed 29360K, reserved 1075200K
  class space    used 3858K, capacity 4009K, committed 4016K, reserved 1048576K
Event: 10.202 GC heap after
Heap after GC invocations=11 (full 1):
 PSYoungGen      total 78848K, used 3067K [0x00000000e0000000, 0x00000000e6200000, 0x0000000100000000)
  eden space 70656K, 0% used [0x00000000e0000000,0x00000000e0000000,0x00000000e4500000)
  from space 8192K, 37% used [0x00000000e4c80000,0x00000000e4f7ef98,0x00000000e5480000)
  to   space 7680K, 0% used [0x00000000e4500000,0x00000000e4500000,0x00000000e4c80000)
 ParOldGen       total 35840K, used 10525K [0x00000000a0000000, 0x00000000a2300000, 0x00000000e0000000)
  object space 35840K, 29% used [0x00000000a0000000,0x00000000a0a475d8,0x00000000a2300000)
 Metaspace       used 28409K, capacity 29038K, committed 29360K, reserved 1075200K
  class space    used 3858K, capacity 4009K, committed 4016K, reserved 1048576K
}
Event: 12.188 GC heap before
{Heap before GC invocations=12 (full 1):
 PSYoungGen      total 78848K, used 56454K [0x00000000e0000000, 0x00000000e6200000, 0x0000000100000000)
  eden space 70656K, 75% used [0x00000000e0000000,0x00000000e3422a08,0x00000000e4500000)
  from space 8192K, 37% used [0x00000000e4c80000,0x00000000e4f7ef98,0x00000000e5480000)
  to   space 7680K, 0% used [0x00000000e4500000,0x00000000e4500000,0x00000000e4c80000)
 ParOldGen       total 35840K, used 10525K [0x00000000a0000000, 0x00000000a2300000, 0x00000000e0000000)
  object space 35840K, 29% used [0x00000000a0000000,0x00000000a0a475d8,0x00000000a2300000)
 Metaspace       used 34658K, capacity 35328K, committed 35496K, reserved 1079296K
  class space    used 4591K, capacity 4765K, committed 4784K, reserved 1048576K
Event: 12.201 GC heap after
Heap after GC invocations=12 (full 1):
 PSYoungGen      total 78336K, used 7307K [0x00000000e0000000, 0x00000000e6c00000, 0x0000000100000000)
  eden space 70656K, 0% used [0x00000000e0000000,0x00000000e0000000,0x00000000e4500000)
  from space 7680K, 95% used [0x00000000e4500000,0x00000000e4c22e00,0x00000000e4c80000)
  to   space 8704K, 0% used [0x00000000e6380000,0x00000000e6380000,0x00000000e6c00000)
 ParOldGen       total 35840K, used 12025K [0x00000000a0000000, 0x00000000a2300000, 0x00000000e0000000)
  object space 35840K, 33% used [0x00000000a0000000,0x00000000a0bbe5e8,0x00000000a2300000)
 Metaspace       used 34658K, capacity 35328K, committed 35496K, reserved 1079296K
  class space    used 4591K, capacity 4765K, committed 4784K, reserved 1048576K
}
Event: 12.201 GC heap before
{Heap before GC invocations=13 (full 2):
 PSYoungGen      total 78336K, used 7307K [0x00000000e0000000, 0x00000000e6c00000, 0x0000000100000000)
  eden space 70656K, 0% used [0x00000000e0000000,0x00000000e0000000,0x00000000e4500000)
  from space 7680K, 95% used [0x00000000e4500000,0x00000000e4c22e00,0x00000000e4c80000)
  to   space 8704K, 0% used [0x00000000e6380000,0x00000000e6380000,0x00000000e6c00000)
 ParOldGen       total 35840K, used 12025K [0x00000000a0000000, 0x00000000a2300000, 0x00000000e0000000)
  object space 35840K, 33% used [0x00000000a0000000,0x00000000a0bbe5e8,0x00000000a2300000)
 Metaspace       used 34658K, capacity 35328K, committed 35496K, reserved 1079296K
  class space    used 4591K, capacity 4765K, committed 4784K, reserved 1048576K
Event: 12.284 GC heap after
Heap after GC invocations=13 (full 2):
 PSYoungGen      total 78336K, used 0K [0x00000000e0000000, 0x00000000e6c00000, 0x0000000100000000)
  eden space 70656K, 0% used [0x00000000e0000000,0x00000000e0000000,0x00000000e4500000)
  from space 7680K, 0% used [0x00000000e4500000,0x00000000e4500000,0x00000000e4c80000)
  to   space 8704K, 0% used [0x00000000e6380000,0x00000000e6380000,0x00000000e6c00000)
 ParOldGen       total 57344K, used 18028K [0x00000000a0000000, 0x00000000a3800000, 0x00000000e0000000)
  object space 57344K, 31% used [0x00000000a0000000,0x00000000a119b3f8,0x00000000a3800000)
 Metaspace       used 34631K, capacity 35240K, committed 35496K, reserved 1079296K
  class space    used 4584K, capacity 4757K, committed 4784K, reserved 1048576K
}
Event: 13.385 GC heap before
{Heap before GC invocations=14 (full 2):
 PSYoungGen      total 78336K, used 70656K [0x00000000e0000000, 0x00000000e6c00000, 0x0000000100000000)
  eden space 70656K, 100% used [0x00000000e0000000,0x00000000e4500000,0x00000000e4500000)
  from space 7680K, 0% used [0x00000000e4500000,0x00000000e4500000,0x00000000e4c80000)
  to   space 8704K, 0% used [0x00000000e6380000,0x00000000e6380000,0x00000000e6c00000)
 ParOldGen       total 57344K, used 18028K [0x00000000a0000000, 0x00000000a3800000, 0x00000000e0000000)
  object space 57344K, 31% used [0x00000000a0000000,0x00000000a119b3f8,0x00000000a3800000)
 Metaspace       used 38397K, capacity 39272K, committed 39592K, reserved 1083392K
  class space    used 5067K, capacity 5287K, committed 5296K, reserved 1048576K
Event: 13.403 GC heap after
Heap after GC invocations=14 (full 2):
 PSYoungGen      total 99840K, used 7065K [0x00000000e0000000, 0x00000000e6b80000, 0x0000000100000000)
  eden space 91648K, 0% used [0x00000000e0000000,0x00000000e0000000,0x00000000e5980000)
  from space 8192K, 86% used [0x00000000e6380000,0x00000000e6a66548,0x00000000e6b80000)
  to   space 9216K, 0% used [0x00000000e5980000,0x00000000e5980000,0x00000000e6280000)
 ParOldGen       total 57344K, used 18036K [0x00000000a0000000, 0x00000000a3800000, 0x00000000e0000000)
  object space 57344K, 31% used [0x00000000a0000000,0x00000000a119d3f8,0x00000000a3800000)
 Metaspace       used 38397K, capacity 39272K, committed 39592K, reserved 1083392K
  class space    used 5067K, capacity 5287K, committed 5296K, reserved 1048576K
}
Event: 16.182 GC heap before
{Heap before GC invocations=15 (full 2):
 PSYoungGen      total 99840K, used 98713K [0x00000000e0000000, 0x00000000e6b80000, 0x0000000100000000)
  eden space 91648K, 100% used [0x00000000e0000000,0x00000000e5980000,0x00000000e5980000)
  from space 8192K, 86% used [0x00000000e6380000,0x00000000e6a66548,0x00000000e6b80000)
  to   space 9216K, 0% used [0x00000000e5980000,0x00000000e5980000,0x00000000e6280000)
 ParOldGen       total 57344K, used 18036K [0x00000000a0000000, 0x00000000a3800000, 0x00000000e0000000)
  object space 57344K, 31% used [0x00000000a0000000,0x00000000a119d3f8,0x00000000a3800000)
 Metaspace       used 45692K, capacity 46732K, committed 47016K, reserved 1089536K
  class space    used 6026K, capacity 6268K, committed 6320K, reserved 1048576K
Event: 16.199 GC heap after
Heap after GC invocations=15 (full 2):
 PSYoungGen      total 100864K, used 6576K [0x00000000e0000000, 0x00000000e8400000, 0x0000000100000000)
  eden space 91648K, 0% used [0x00000000e0000000,0x00000000e0000000,0x00000000e5980000)
  from space 9216K, 71% used [0x00000000e5980000,0x00000000e5fec050,0x00000000e6280000)
  to   space 9216K, 0% used [0x00000000e7b00000,0x00000000e7b00000,0x00000000e8400000)
 ParOldGen       total 57344K, used 22733K [0x00000000a0000000, 0x00000000a3800000, 0x00000000e0000000)
  object space 57344K, 39% used [0x00000000a0000000,0x00000000a16336c0,0x00000000a3800000)
 Metaspace       used 45692K, capacity 46732K, committed 47016K, reserved 1089536K
  class space    used 6026K, capacity 6268K, committed 6320K, reserved 1048576K
}

